#
# There is insufficient memory for the Java Runtime Environment to continue.
# Native memory allocation (mmap) failed to map 23068672 bytes for G1 virtual space
# Possible reasons:
#   The system is out of physical RAM or swap space
#   The process is running with CompressedOops enabled, and the Java Heap may be blocking the growth of the native heap
# Possible solutions:
#   Reduce memory load on the system
#   Increase physical memory or swap space
#   Check if swap backing store is full
#   Decrease Java heap size (-Xmx/-Xms)
#   Decrease number of Java threads
#   Decrease Java thread stack sizes (-Xss)
#   Set larger code cache with -XX:ReservedCodeCacheSize=
#   JVM is running with Unscaled Compressed Oops mode in which the Java heap is
#     placed in the first 4GB address space. The Java Heap base address is the
#     maximum limit for the native heap growth. Please use -XX:HeapBaseMinAddress
#     to set the Java Heap base and to place the Java Heap above 4GB virtual address.
# This output file may be truncated or incomplete.
#
#  Out of Memory Error (os_windows.cpp:3528), pid=23220, tid=1672
#
# JRE version: Java(TM) SE Runtime Environment (20.0.2+9) (build 20.0.2+9-78)
# Java VM: Java HotSpot(TM) 64-Bit Server VM (20.0.2+9-78, mixed mode, sharing, tiered, compressed oops, compressed class ptrs, g1 gc, windows-amd64)
# No core dump will be written. Minidumps are not enabled by default on client versions of Windows
#

---------------  S U M M A R Y ------------

Command Line: -Dfile.encoding=UTF-8 -Dstdout.encoding=UTF-8 -Dstderr.encoding=UTF-8 -XX:+ShowCodeDetailsInExceptionMessages com.codecodence.admin_panel_backend.AdminPanelBackendApplication

Host: 11th Gen Intel(R) Core(TM) i5-1155G7 @ 2.50GHz, 8 cores, 7G,  Windows 11 , 64 bit Build 26100 (10.0.26100.7705)
Time: Sat Feb 21 15:56:41 2026 India Standard Time elapsed time: 3821.375356 seconds (0d 1h 3m 41s)

---------------  T H R E A D  ---------------

Current thread (0x0000014cc8bfb200):  VMThread "VM Thread" [stack: 0x00000017e8700000,0x00000017e8800000] [id=1672]

Stack: [0x00000017e8700000,0x00000017e8800000]
Native frames: (J=compiled Java code, j=interpreted, Vv=VM code, C=native code)
V  [jvm.dll+0x6bc25a]
V  [jvm.dll+0x84971a]
V  [jvm.dll+0x84b315]
V  [jvm.dll+0x84ba13]
V  [jvm.dll+0x280e4f]
V  [jvm.dll+0x6b8fe9]
V  [jvm.dll+0x6adbca]
V  [jvm.dll+0x35b165]
V  [jvm.dll+0x363386]
V  [jvm.dll+0x3b400e]
V  [jvm.dll+0x3b4295]
V  [jvm.dll+0x32b86a]
V  [jvm.dll+0x32b917]
V  [jvm.dll+0x373cc2]
V  [jvm.dll+0x3724c0]
V  [jvm.dll+0x32afb1]
V  [jvm.dll+0x371ba6]
V  [jvm.dll+0x85135e]
V  [jvm.dll+0x852471]
V  [jvm.dll+0x852979]
V  [jvm.dll+0x852bf3]
V  [jvm.dll+0x7f5c76]
V  [jvm.dll+0x6baecb]
C  [ucrtbase.dll+0x37b0]
C  [KERNEL32.DLL+0x2e8d7]
C  [ntdll.dll+0x8c40c]

VM_Operation (0x00000017e95fdb90): G1CollectForAllocation, mode: safepoint, requested by thread 0x0000014d106ab0b0


---------------  P R O C E S S  ---------------

Threads class SMR info:
_java_thread_list=0x0000014d1212de70, length=38, elements={
0x0000014cc8c1c910, 0x0000014cc8c1e350, 0x0000014cc8c250f0, 0x0000014cc8c46d20,
0x0000014cc8c48590, 0x0000014cc8c4d310, 0x0000014cc8c59960, 0x0000014cc8c5bd20,
0x0000014d0e13d350, 0x0000014d0e1570d0, 0x0000014d106df890, 0x0000014d12529ae0,
0x0000014d106aa610, 0x0000014d106ab0b0, 0x0000014d106a9620, 0x0000014d106abb50,
0x0000014d106a8b80, 0x0000014d106ad090, 0x0000014d12525080, 0x0000014d125235f0,
0x0000014d12528050, 0x0000014d12526070, 0x0000014d12528af0, 0x0000014d12529590,
0x0000014d12529040, 0x0000014d1252a580, 0x0000014d1252aad0, 0x0000014d125275b0,
0x0000014d12527b00, 0x0000014d106dfde0, 0x0000014d106e0dd0, 0x0000014d106e1320,
0x0000014d106de350, 0x0000014d106dedf0, 0x0000014d106a90d0, 0x0000014d106adb30,
0x0000014d106af070, 0x0000014d106af5c0
}

Java Threads: ( => current thread )
  0x0000014cc8c1c910 JavaThread "Reference Handler" daemon [_thread_blocked, id=23212, stack(0x00000017e8800000,0x00000017e8900000)]
  0x0000014cc8c1e350 JavaThread "Finalizer" daemon [_thread_blocked, id=18648, stack(0x00000017e8900000,0x00000017e8a00000)]
  0x0000014cc8c250f0 JavaThread "Signal Dispatcher" daemon [_thread_blocked, id=11624, stack(0x00000017e8a00000,0x00000017e8b00000)]
  0x0000014cc8c46d20 JavaThread "Attach Listener" daemon [_thread_blocked, id=20616, stack(0x00000017e8b00000,0x00000017e8c00000)]
  0x0000014cc8c48590 JavaThread "Service Thread" daemon [_thread_blocked, id=20612, stack(0x00000017e8c00000,0x00000017e8d00000)]
  0x0000014cc8c4d310 JavaThread "Monitor Deflation Thread" daemon [_thread_blocked, id=20572, stack(0x00000017e8d00000,0x00000017e8e00000)]
  0x0000014cc8c59960 JavaThread "C2 CompilerThread0" daemon [_thread_blocked, id=23452, stack(0x00000017e8e00000,0x00000017e8f00000)]
  0x0000014cc8c5bd20 JavaThread "C1 CompilerThread0" daemon [_thread_blocked, id=21752, stack(0x00000017e8f00000,0x00000017e9000000)]
  0x0000014d0e13d350 JavaThread "Notification Thread" daemon [_thread_blocked, id=4068, stack(0x00000017e9000000,0x00000017e9100000)]
  0x0000014d0e1570d0 JavaThread "Common-Cleaner" daemon [_thread_blocked, id=22040, stack(0x00000017e9200000,0x00000017e9300000)]
  0x0000014d106df890 JavaThread "mysql-cj-abandoned-connection-cleanup" daemon [_thread_blocked, id=20820, stack(0x00000017ea200000,0x00000017ea300000)]
  0x0000014d12529ae0 JavaThread "DestroyJavaVM" [_thread_blocked, id=22656, stack(0x00000017e8100000,0x00000017e8200000)]
  0x0000014d106aa610 JavaThread "File Watcher" daemon [_thread_blocked, id=1424, stack(0x00000017e9400000,0x00000017e9500000)]
  0x0000014d106ab0b0 JavaThread "File Watcher" daemon [_thread_blocked, id=20840, stack(0x00000017e9500000,0x00000017e9600000)]
  0x0000014d106a9620 JavaThread "File Watcher" daemon [_thread_blocked, id=10044, stack(0x00000017e7f00000,0x00000017e8000000)]
  0x0000014d106abb50 JavaThread "File Watcher" daemon [_thread_blocked, id=24184, stack(0x00000017e9e00000,0x00000017e9f00000)]
  0x0000014d106a8b80 JavaThread "File Watcher" daemon [_thread_blocked, id=10048, stack(0x00000017e9f00000,0x00000017ea000000)]
  0x0000014d106ad090 JavaThread "File Watcher" daemon [_thread_blocked, id=17856, stack(0x00000017e7e00000,0x00000017e7f00000)]
  0x0000014d12525080 JavaThread "File Watcher" daemon [_thread_blocked, id=21496, stack(0x00000017ea000000,0x00000017ea100000)]
  0x0000014d125235f0 JavaThread "File Watcher" daemon [_thread_blocked, id=19388, stack(0x00000017e9300000,0x00000017e9400000)]
  0x0000014d12528050 JavaThread "File Watcher" daemon [_thread_blocked, id=10160, stack(0x00000017ea700000,0x00000017ea800000)]
  0x0000014d12526070 JavaThread "Catalina-utility-1" [_thread_blocked, id=15768, stack(0x00000017ea500000,0x00000017ea600000)]
  0x0000014d12528af0 JavaThread "Catalina-utility-2" [_thread_blocked, id=10128, stack(0x00000017ea600000,0x00000017ea700000)]
  0x0000014d12529590 JavaThread "container-9" [_thread_blocked, id=19300, stack(0x00000017ea800000,0x00000017ea900000)]
  0x0000014d12529040 JavaThread "HikariPool-23:housekeeper" daemon [_thread_blocked, id=22160, stack(0x00000017ea900000,0x00000017eaa00000)]
  0x0000014d1252a580 JavaThread "File Watcher" daemon [_thread_blocked, id=22612, stack(0x00000017eac00000,0x00000017ead00000)]
  0x0000014d1252aad0 JavaThread "http-nio-8080-exec-1" daemon [_thread_blocked, id=23880, stack(0x00000017ead00000,0x00000017eae00000)]
  0x0000014d125275b0 JavaThread "http-nio-8080-exec-2" daemon [_thread_blocked, id=16240, stack(0x00000017eae00000,0x00000017eaf00000)]
  0x0000014d12527b00 JavaThread "http-nio-8080-exec-3" daemon [_thread_blocked, id=13168, stack(0x00000017eaf00000,0x00000017eb000000)]
  0x0000014d106dfde0 JavaThread "http-nio-8080-exec-4" daemon [_thread_blocked, id=6672, stack(0x00000017eb000000,0x00000017eb100000)]
  0x0000014d106e0dd0 JavaThread "http-nio-8080-exec-5" daemon [_thread_blocked, id=24420, stack(0x00000017eb100000,0x00000017eb200000)]
  0x0000014d106e1320 JavaThread "http-nio-8080-exec-6" daemon [_thread_blocked, id=7392, stack(0x00000017eb200000,0x00000017eb300000)]
  0x0000014d106de350 JavaThread "http-nio-8080-exec-7" daemon [_thread_blocked, id=9616, stack(0x00000017eb300000,0x00000017eb400000)]
  0x0000014d106dedf0 JavaThread "http-nio-8080-exec-8" daemon [_thread_blocked, id=23868, stack(0x00000017eb400000,0x00000017eb500000)]
  0x0000014d106a90d0 JavaThread "http-nio-8080-exec-9" daemon [_thread_blocked, id=15440, stack(0x00000017eb500000,0x00000017eb600000)]
  0x0000014d106adb30 JavaThread "http-nio-8080-exec-10" daemon [_thread_blocked, id=24028, stack(0x00000017eb600000,0x00000017eb700000)]
  0x0000014d106af070 JavaThread "http-nio-8080-Poller" daemon [_thread_in_native, id=6304, stack(0x00000017eb700000,0x00000017eb800000)]
  0x0000014d106af5c0 JavaThread "http-nio-8080-Acceptor" daemon [_thread_in_native, id=23664, stack(0x00000017eb800000,0x00000017eb900000)]

Other Threads:
=>0x0000014cc8bfb200 VMThread "VM Thread" [stack: 0x00000017e8700000,0x00000017e8800000] [id=1672]
  0x0000014d0e146430 WatcherThread "VM Periodic Task Thread" [stack: 0x00000017e9100000,0x00000017e9200000] [id=8340]
  0x0000014cac47c3b0 WorkerThread "GC Thread#0" [stack: 0x00000017e8200000,0x00000017e8300000] [id=21900]
  0x0000014d0ed28ba0 WorkerThread "GC Thread#1" [stack: 0x00000017e9600000,0x00000017e9700000] [id=22012]
  0x0000014d0ed28e70 WorkerThread "GC Thread#2" [stack: 0x00000017e9700000,0x00000017e9800000] [id=11236]
  0x0000014d0ed29140 WorkerThread "GC Thread#3" [stack: 0x00000017e9800000,0x00000017e9900000] [id=7296]
  0x0000014d0ed29410 WorkerThread "GC Thread#4" [stack: 0x00000017e9900000,0x00000017e9a00000] [id=12128]
  0x0000014d0ed296e0 WorkerThread "GC Thread#5" [stack: 0x00000017e9a00000,0x00000017e9b00000] [id=21996]
  0x0000014d0ee262c0 WorkerThread "GC Thread#6" [stack: 0x00000017e9c00000,0x00000017e9d00000] [id=21916]
  0x0000014d0ee270d0 WorkerThread "GC Thread#7" [stack: 0x00000017e9d00000,0x00000017e9e00000] [id=20036]
  0x0000014cac48cb00 ConcurrentGCThread "G1 Main Marker" [stack: 0x00000017e8300000,0x00000017e8400000] [id=22704]
  0x0000014cac48eb40 WorkerThread "G1 Conc#0" [stack: 0x00000017e8400000,0x00000017e8500000] [id=22020]
  0x0000014d0ee273a0 WorkerThread "G1 Conc#1" [stack: 0x00000017e9b00000,0x00000017e9c00000] [id=22544]
  0x0000014cc8ab6150 ConcurrentGCThread "G1 Refine#0" [stack: 0x00000017e8500000,0x00000017e8600000] [id=15000]
  0x0000014cc8ab7cb0 ConcurrentGCThread "G1 Service" [stack: 0x00000017e8600000,0x00000017e8700000] [id=17612]

Threads with active compile tasks:

VM state: at safepoint (normal execution)

VM Mutex/Monitor currently owned by a thread:  ([mutex/lock_event])
[0x0000014cac419350] Threads_lock - owner thread: 0x0000014cc8bfb200
[0x0000014cac418390] Heap_lock - owner thread: 0x0000014d106ab0b0

Heap address: 0x0000000083e00000, size: 1986 MB, Compressed Oops mode: 32-bit

CDS archive(s) mapped at: [0x0000014cc9000000-0x0000014cc9c60000-0x0000014cc9c60000), size 12976128, SharedBaseAddress: 0x0000014cc9000000, ArchiveRelocationMode: 1.
Compressed class space mapped at: 0x0000014cca000000-0x0000014d0a000000, reserved size: 1073741824
Narrow klass base: 0x0000014cc9000000, Narrow klass shift: 0, Narrow klass range: 0x100000000

GC Precious Log:
 CardTable entry size: 512
 Card Set container configuration: InlinePtr #cards 5 size 8 Array Of Cards #cards 12 size 40 Howl #buckets 4 coarsen threshold 1843 Howl Bitmap #cards 512 size 80 coarsen threshold 460 Card regions per heap region 1 cards per card region 2048
 CPUs: 8 total, 8 available
 Memory: 7941M
 Large Page Support: Disabled
 NUMA Support: Disabled
 Compressed Oops: Enabled (32-bit)
 Heap Region Size: 1M
 Heap Min Capacity: 8M
 Heap Initial Capacity: 126M
 Heap Max Capacity: 1986M
 Pre-touch: Disabled
 Parallel Workers: 8
 Concurrent Workers: 2
 Concurrent Refinement Workers: 8
 Periodic GC: Disabled

Heap:
 garbage-first heap   total 109568K, used 42941K [0x0000000083e00000, 0x0000000100000000)
  region size 1024K, 4 young (4096K), 4 survivors (4096K)
 Metaspace       used 90186K, committed 91136K, reserved 1179648K
  class space    used 11151K, committed 11584K, reserved 1048576K

Heap Regions: E=young(eden), S=young(survivor), O=old, HS=humongous(starts), HC=humongous(continues), CS=collection set, F=free, OA=open archive, CA=closed archive, TAMS=top-at-mark-start, PB=parsable bottom
|   0|0x0000000083e00000, 0x0000000083f00000, 0x0000000083f00000|100%|HS|  |TAMS 0x0000000083e00000| PB 0x0000000083e00000| Complete 
|   1|0x0000000083f00000, 0x0000000084000000, 0x0000000084000000|100%|HS|  |TAMS 0x0000000083f00000| PB 0x0000000083f00000| Complete 
|   2|0x0000000084000000, 0x00000000840fffd0, 0x0000000084100000| 99%| O|  |TAMS 0x0000000084000000| PB 0x0000000084000000| Untracked 
|   3|0x0000000084100000, 0x0000000084200000, 0x0000000084200000|100%| O|  |TAMS 0x0000000084100000| PB 0x0000000084100000| Untracked 
|   4|0x0000000084200000, 0x00000000842ffff8, 0x0000000084300000| 99%| O|  |TAMS 0x0000000084200000| PB 0x0000000084200000| Untracked 
|   5|0x0000000084300000, 0x0000000084400000, 0x0000000084400000|100%| O|  |TAMS 0x0000000084300000| PB 0x0000000084300000| Untracked 
|   6|0x0000000084400000, 0x0000000084500000, 0x0000000084500000|100%| O|  |TAMS 0x0000000084400000| PB 0x0000000084400000| Untracked 
|   7|0x0000000084500000, 0x0000000084600000, 0x0000000084600000|100%| O|  |TAMS 0x0000000084500000| PB 0x0000000084500000| Untracked 
|   8|0x0000000084600000, 0x00000000846fffe0, 0x0000000084700000| 99%| O|  |TAMS 0x0000000084600000| PB 0x0000000084600000| Untracked 
|   9|0x0000000084700000, 0x00000000847ffff8, 0x0000000084800000| 99%| O|  |TAMS 0x0000000084700000| PB 0x0000000084700000| Untracked 
|  10|0x0000000084800000, 0x00000000848fffc8, 0x0000000084900000| 99%| O|  |TAMS 0x0000000084800000| PB 0x0000000084800000| Untracked 
|  11|0x0000000084900000, 0x00000000849ffff8, 0x0000000084a00000| 99%| O|  |TAMS 0x0000000084900000| PB 0x0000000084900000| Untracked 
|  12|0x0000000084a00000, 0x0000000084b00000, 0x0000000084b00000|100%| O|  |TAMS 0x0000000084a00000| PB 0x0000000084a00000| Untracked 
|  13|0x0000000084b00000, 0x0000000084c00000, 0x0000000084c00000|100%| O|  |TAMS 0x0000000084b00000| PB 0x0000000084b00000| Untracked 
|  14|0x0000000084c00000, 0x0000000084cffef8, 0x0000000084d00000| 99%| O|  |TAMS 0x0000000084c00000| PB 0x0000000084c00000| Untracked 
|  15|0x0000000084d00000, 0x0000000084dffff8, 0x0000000084e00000| 99%| O|  |TAMS 0x0000000084d00000| PB 0x0000000084d00000| Untracked 
|  16|0x0000000084e00000, 0x0000000084effff0, 0x0000000084f00000| 99%| O|  |TAMS 0x0000000084e00000| PB 0x0000000084e00000| Untracked 
|  17|0x0000000084f00000, 0x0000000084fffff8, 0x0000000085000000| 99%| O|  |TAMS 0x0000000084f00000| PB 0x0000000084f00000| Untracked 
|  18|0x0000000085000000, 0x0000000085100000, 0x0000000085100000|100%| O|  |TAMS 0x0000000085000000| PB 0x0000000085000000| Untracked 
|  19|0x0000000085100000, 0x00000000851fffd8, 0x0000000085200000| 99%| O|  |TAMS 0x0000000085100000| PB 0x0000000085100000| Untracked 
|  20|0x0000000085200000, 0x00000000852fffa0, 0x0000000085300000| 99%| O|  |TAMS 0x0000000085200000| PB 0x0000000085200000| Untracked 
|  21|0x0000000085300000, 0x00000000853ffff8, 0x0000000085400000| 99%| O|  |TAMS 0x0000000085300000| PB 0x0000000085300000| Untracked 
|  22|0x0000000085400000, 0x00000000854fffd0, 0x0000000085500000| 99%| O|  |TAMS 0x0000000085400000| PB 0x0000000085400000| Untracked 
|  23|0x0000000085500000, 0x0000000085600000, 0x0000000085600000|100%| O|  |TAMS 0x0000000085500000| PB 0x0000000085500000| Untracked 
|  24|0x0000000085600000, 0x00000000856ffff8, 0x0000000085700000| 99%| O|  |TAMS 0x0000000085600000| PB 0x0000000085600000| Untracked 
|  25|0x0000000085700000, 0x00000000857eff00, 0x0000000085800000| 93%| O|  |TAMS 0x0000000085700000| PB 0x0000000085700000| Untracked 
|  26|0x0000000085800000, 0x00000000858ffff8, 0x0000000085900000| 99%| O|  |TAMS 0x0000000085800000| PB 0x0000000085800000| Untracked 
|  27|0x0000000085900000, 0x00000000859fffc8, 0x0000000085a00000| 99%| O|  |TAMS 0x0000000085900000| PB 0x0000000085900000| Untracked 
|  28|0x0000000085a00000, 0x0000000085ac4470, 0x0000000085b00000| 76%| O|  |TAMS 0x0000000085a00000| PB 0x0000000085a00000| Untracked 
|  29|0x0000000085b00000, 0x0000000085bffff0, 0x0000000085c00000| 99%| O|  |TAMS 0x0000000085b00000| PB 0x0000000085b00000| Untracked 
|  30|0x0000000085c00000, 0x0000000085c00000, 0x0000000085d00000|  0%| F|  |TAMS 0x0000000085c00000| PB 0x0000000085c00000| Untracked 
|  31|0x0000000085d00000, 0x0000000085e00000, 0x0000000085e00000|100%| O|  |TAMS 0x0000000085d00000| PB 0x0000000085d00000| Untracked 
|  32|0x0000000085e00000, 0x0000000085e376d8, 0x0000000085f00000| 21%| O|  |TAMS 0x0000000085e00000| PB 0x0000000085e00000| Untracked 
|  33|0x0000000085f00000, 0x0000000086000000, 0x0000000086000000|100%| O|  |TAMS 0x0000000085f00000| PB 0x0000000085f00000| Untracked 
|  34|0x0000000086000000, 0x0000000086100000, 0x0000000086100000|100%| O|  |TAMS 0x0000000086000000| PB 0x0000000086000000| Untracked 
|  35|0x0000000086100000, 0x0000000086200000, 0x0000000086200000|100%| O|  |TAMS 0x0000000086100000| PB 0x0000000086100000| Untracked 
|  36|0x0000000086200000, 0x0000000086300000, 0x0000000086300000|100%| O|  |TAMS 0x0000000086200000| PB 0x0000000086200000| Untracked 
|  37|0x0000000086300000, 0x0000000086400000, 0x0000000086400000|100%| O|  |TAMS 0x0000000086300000| PB 0x0000000086300000| Untracked 
|  38|0x0000000086400000, 0x0000000086500000, 0x0000000086500000|100%| O|  |TAMS 0x0000000086400000| PB 0x0000000086400000| Untracked 
|  39|0x0000000086500000, 0x0000000086600000, 0x0000000086600000|100%| O|  |TAMS 0x0000000086500000| PB 0x0000000086500000| Untracked 
|  40|0x0000000086600000, 0x0000000086620e00, 0x0000000086700000| 12%| O|  |TAMS 0x0000000086600000| PB 0x0000000086600000| Untracked 
|  41|0x0000000086700000, 0x0000000086700000, 0x0000000086800000|  0%| F|  |TAMS 0x0000000086700000| PB 0x0000000086700000| Untracked 
|  42|0x0000000086800000, 0x0000000086800000, 0x0000000086900000|  0%| F|  |TAMS 0x0000000086800000| PB 0x0000000086800000| Untracked 
|  43|0x0000000086900000, 0x0000000086900000, 0x0000000086a00000|  0%| F|  |TAMS 0x0000000086900000| PB 0x0000000086900000| Untracked 
|  44|0x0000000086a00000, 0x0000000086a00000, 0x0000000086b00000|  0%| F|  |TAMS 0x0000000086a00000| PB 0x0000000086a00000| Untracked 
|  45|0x0000000086b00000, 0x0000000086b00000, 0x0000000086c00000|  0%| F|  |TAMS 0x0000000086b00000| PB 0x0000000086b00000| Untracked 
|  46|0x0000000086c00000, 0x0000000086ce3138, 0x0000000086d00000| 88%| S|CS|TAMS 0x0000000086c00000| PB 0x0000000086c00000| Complete 
|  47|0x0000000086d00000, 0x0000000086e00000, 0x0000000086e00000|100%| S|CS|TAMS 0x0000000086d00000| PB 0x0000000086d00000| Complete 
|  48|0x0000000086e00000, 0x0000000086e00000, 0x0000000086f00000|  0%| F|  |TAMS 0x0000000086e00000| PB 0x0000000086e00000| Untracked 
|  49|0x0000000086f00000, 0x0000000086f00000, 0x0000000087000000|  0%| F|  |TAMS 0x0000000086f00000| PB 0x0000000086f00000| Untracked 
|  50|0x0000000087000000, 0x0000000087000000, 0x0000000087100000|  0%| F|  |TAMS 0x0000000087000000| PB 0x0000000087000000| Untracked 
|  51|0x0000000087100000, 0x0000000087100000, 0x0000000087200000|  0%| F|  |TAMS 0x0000000087100000| PB 0x0000000087100000| Untracked 
|  52|0x0000000087200000, 0x0000000087200000, 0x0000000087300000|  0%| F|  |TAMS 0x0000000087200000| PB 0x0000000087200000| Untracked 
|  53|0x0000000087300000, 0x0000000087300000, 0x0000000087400000|  0%| F|  |TAMS 0x0000000087300000| PB 0x0000000087300000| Untracked 
|  54|0x0000000087400000, 0x0000000087500000, 0x0000000087500000|100%| S|CS|TAMS 0x0000000087400000| PB 0x0000000087400000| Complete 
|  55|0x0000000087500000, 0x0000000087600000, 0x0000000087600000|100%| S|CS|TAMS 0x0000000087500000| PB 0x0000000087500000| Complete 
|  56|0x0000000087600000, 0x0000000087600000, 0x0000000087700000|  0%| F|  |TAMS 0x0000000087600000| PB 0x0000000087600000| Untracked 
|  57|0x0000000087700000, 0x0000000087700000, 0x0000000087800000|  0%| F|  |TAMS 0x0000000087700000| PB 0x0000000087700000| Untracked 
|  58|0x0000000087800000, 0x0000000087800000, 0x0000000087900000|  0%| F|  |TAMS 0x0000000087800000| PB 0x0000000087800000| Untracked 
|  59|0x0000000087900000, 0x0000000087900000, 0x0000000087a00000|  0%| F|  |TAMS 0x0000000087900000| PB 0x0000000087900000| Untracked 
|  60|0x0000000087a00000, 0x0000000087a00000, 0x0000000087b00000|  0%| F|  |TAMS 0x0000000087a00000| PB 0x0000000087a00000| Untracked 
|  61|0x0000000087b00000, 0x0000000087b00000, 0x0000000087c00000|  0%| F|  |TAMS 0x0000000087b00000| PB 0x0000000087b00000| Untracked 
|  62|0x0000000087c00000, 0x0000000087c00000, 0x0000000087d00000|  0%| F|  |TAMS 0x0000000087c00000| PB 0x0000000087c00000| Untracked 
|  63|0x0000000087d00000, 0x0000000087d00000, 0x0000000087e00000|  0%| F|  |TAMS 0x0000000087d00000| PB 0x0000000087d00000| Untracked 
|  64|0x0000000087e00000, 0x0000000087e00000, 0x0000000087f00000|  0%| F|  |TAMS 0x0000000087e00000| PB 0x0000000087e00000| Untracked 
|  65|0x0000000087f00000, 0x0000000087f00000, 0x0000000088000000|  0%| F|  |TAMS 0x0000000087f00000| PB 0x0000000087f00000| Untracked 
|  66|0x0000000088000000, 0x0000000088000000, 0x0000000088100000|  0%| F|  |TAMS 0x0000000088000000| PB 0x0000000088000000| Untracked 
|  67|0x0000000088100000, 0x0000000088100000, 0x0000000088200000|  0%| F|  |TAMS 0x0000000088100000| PB 0x0000000088100000| Untracked 
|  68|0x0000000088200000, 0x0000000088200000, 0x0000000088300000|  0%| F|  |TAMS 0x0000000088200000| PB 0x0000000088200000| Untracked 
|  69|0x0000000088300000, 0x0000000088300000, 0x0000000088400000|  0%| F|  |TAMS 0x0000000088300000| PB 0x0000000088300000| Untracked 
|  70|0x0000000088400000, 0x0000000088400000, 0x0000000088500000|  0%| F|  |TAMS 0x0000000088400000| PB 0x0000000088400000| Untracked 
|  71|0x0000000088500000, 0x0000000088500000, 0x0000000088600000|  0%| F|  |TAMS 0x0000000088500000| PB 0x0000000088500000| Untracked 
|  72|0x0000000088600000, 0x0000000088600000, 0x0000000088700000|  0%| F|  |TAMS 0x0000000088600000| PB 0x0000000088600000| Untracked 
|  73|0x0000000088700000, 0x0000000088700000, 0x0000000088800000|  0%| F|  |TAMS 0x0000000088700000| PB 0x0000000088700000| Untracked 
|  74|0x0000000088800000, 0x0000000088800000, 0x0000000088900000|  0%| F|  |TAMS 0x0000000088800000| PB 0x0000000088800000| Untracked 
|  75|0x0000000088900000, 0x0000000088900000, 0x0000000088a00000|  0%| F|  |TAMS 0x0000000088900000| PB 0x0000000088900000| Untracked 
|  76|0x0000000088a00000, 0x0000000088a00000, 0x0000000088b00000|  0%| F|  |TAMS 0x0000000088a00000| PB 0x0000000088a00000| Untracked 
|  77|0x0000000088b00000, 0x0000000088b00000, 0x0000000088c00000|  0%| F|  |TAMS 0x0000000088b00000| PB 0x0000000088b00000| Untracked 
|  78|0x0000000088c00000, 0x0000000088c00000, 0x0000000088d00000|  0%| F|  |TAMS 0x0000000088c00000| PB 0x0000000088c00000| Untracked 
|  79|0x0000000088d00000, 0x0000000088d00000, 0x0000000088e00000|  0%| F|  |TAMS 0x0000000088d00000| PB 0x0000000088d00000| Untracked 
|  80|0x0000000088e00000, 0x0000000088e00000, 0x0000000088f00000|  0%| F|  |TAMS 0x0000000088e00000| PB 0x0000000088e00000| Untracked 
|  81|0x0000000088f00000, 0x0000000088f00000, 0x0000000089000000|  0%| F|  |TAMS 0x0000000088f00000| PB 0x0000000088f00000| Untracked 
|  82|0x0000000089000000, 0x0000000089000000, 0x0000000089100000|  0%| F|  |TAMS 0x0000000089000000| PB 0x0000000089000000| Untracked 
|  83|0x0000000089100000, 0x0000000089100000, 0x0000000089200000|  0%| F|  |TAMS 0x0000000089100000| PB 0x0000000089100000| Untracked 
|  84|0x0000000089200000, 0x0000000089200000, 0x0000000089300000|  0%| F|  |TAMS 0x0000000089200000| PB 0x0000000089200000| Untracked 
|  85|0x0000000089300000, 0x0000000089300000, 0x0000000089400000|  0%| F|  |TAMS 0x0000000089300000| PB 0x0000000089300000| Untracked 
|  86|0x0000000089400000, 0x0000000089400000, 0x0000000089500000|  0%| F|  |TAMS 0x0000000089400000| PB 0x0000000089400000| Untracked 
|  87|0x0000000089500000, 0x0000000089500000, 0x0000000089600000|  0%| F|  |TAMS 0x0000000089500000| PB 0x0000000089500000| Untracked 
|  88|0x0000000089600000, 0x0000000089600000, 0x0000000089700000|  0%| F|  |TAMS 0x0000000089600000| PB 0x0000000089600000| Untracked 
|  89|0x0000000089700000, 0x0000000089700000, 0x0000000089800000|  0%| F|  |TAMS 0x0000000089700000| PB 0x0000000089700000| Untracked 
|  90|0x0000000089800000, 0x0000000089800000, 0x0000000089900000|  0%| F|  |TAMS 0x0000000089800000| PB 0x0000000089800000| Untracked 
|  91|0x0000000089900000, 0x0000000089900000, 0x0000000089a00000|  0%| F|  |TAMS 0x0000000089900000| PB 0x0000000089900000| Untracked 
|  92|0x0000000089a00000, 0x0000000089a00000, 0x0000000089b00000|  0%| F|  |TAMS 0x0000000089a00000| PB 0x0000000089a00000| Untracked 
|  93|0x0000000089b00000, 0x0000000089b00000, 0x0000000089c00000|  0%| F|  |TAMS 0x0000000089b00000| PB 0x0000000089b00000| Untracked 
|  94|0x0000000089c00000, 0x0000000089c00000, 0x0000000089d00000|  0%| F|  |TAMS 0x0000000089c00000| PB 0x0000000089c00000| Untracked 
|  95|0x0000000089d00000, 0x0000000089d00000, 0x0000000089e00000|  0%| F|  |TAMS 0x0000000089d00000| PB 0x0000000089d00000| Untracked 
|  96|0x0000000089e00000, 0x0000000089e00000, 0x0000000089f00000|  0%| F|  |TAMS 0x0000000089e00000| PB 0x0000000089e00000| Untracked 
|  97|0x0000000089f00000, 0x0000000089f00000, 0x000000008a000000|  0%| F|  |TAMS 0x0000000089f00000| PB 0x0000000089f00000| Untracked 
|  98|0x000000008a000000, 0x000000008a000000, 0x000000008a100000|  0%| F|  |TAMS 0x000000008a000000| PB 0x000000008a000000| Untracked 
|  99|0x000000008a100000, 0x000000008a100000, 0x000000008a200000|  0%| F|  |TAMS 0x000000008a100000| PB 0x000000008a100000| Untracked 
| 100|0x000000008a200000, 0x000000008a200000, 0x000000008a300000|  0%| F|  |TAMS 0x000000008a200000| PB 0x000000008a200000| Untracked 
| 101|0x000000008a300000, 0x000000008a300000, 0x000000008a400000|  0%| F|  |TAMS 0x000000008a300000| PB 0x000000008a300000| Untracked 
| 102|0x000000008a400000, 0x000000008a400000, 0x000000008a500000|  0%| F|  |TAMS 0x000000008a400000| PB 0x000000008a400000| Untracked 
| 103|0x000000008a500000, 0x000000008a500000, 0x000000008a600000|  0%| F|  |TAMS 0x000000008a500000| PB 0x000000008a500000| Untracked 
| 104|0x000000008a600000, 0x000000008a600000, 0x000000008a700000|  0%| F|  |TAMS 0x000000008a600000| PB 0x000000008a600000| Untracked 
| 105|0x000000008a700000, 0x000000008a700000, 0x000000008a800000|  0%| F|  |TAMS 0x000000008a700000| PB 0x000000008a700000| Untracked 
|1984|0x00000000ffe00000, 0x00000000ffe00000, 0x00000000fff00000|  0%| F|  |TAMS 0x00000000ffe00000| PB 0x00000000ffe00000| Untracked 

Card table byte_map: [0x0000014cc3af0000,0x0000014cc3ee0000] _byte_map_base: 0x0000014cc36d1000

Marking Bits: (CMBitMap*) 0x0000014cac47c9e0
 Bits: [0x0000014cc42d0000, 0x0000014cc61d8000)

Polling page: 0x0000014caa2f0000

Metaspace:

Usage:
  Non-class:     77.18 MB used.
      Class:     10.89 MB used.
       Both:     88.07 MB used.

Virtual space:
  Non-class space:      128.00 MB reserved,      77.69 MB ( 61%) committed,  2 nodes.
      Class space:        1.00 GB reserved,      11.31 MB (  1%) committed,  1 nodes.
             Both:        1.12 GB reserved,      89.00 MB (  8%) committed. 

Chunk freelists:
   Non-Class:  2.31 MB
       Class:  591.00 KB
        Both:  2.89 MB

MaxMetaspaceSize: unlimited
CompressedClassSpaceSize: 1.00 GB
Initial GC threshold: 21.00 MB
Current GC threshold: 147.62 MB
CDS: on
MetaspaceReclaimPolicy: balanced
 - commit_granule_bytes: 65536.
 - commit_granule_words: 8192.
 - virtual_space_node_default_size: 8388608.
 - enlarge_chunks_in_place: 1.
 - new_chunks_are_fully_committed: 0.
 - uncommit_free_chunks: 1.
 - use_allocation_guard: 0.


Internal statistics:

num_allocs_failed_limit: 9.
num_arena_births: 1344.
num_arena_deaths: 414.
num_vsnodes_births: 3.
num_vsnodes_deaths: 0.
num_space_committed: 1424.
num_space_uncommitted: 0.
num_chunks_returned_to_freelist: 475.
num_chunks_taken_from_freelist: 5121.
num_chunk_merges: 106.
num_chunk_splits: 3258.
num_chunks_enlarged: 2449.
num_inconsistent_stats: 0.

CodeHeap 'non-profiled nmethods': size=120000Kb used=9022Kb max_used=9022Kb free=110977Kb
 bounds [0x0000014cbbfb0000, 0x0000014cbc890000, 0x0000014cc34e0000]
CodeHeap 'profiled nmethods': size=120000Kb used=18798Kb max_used=19027Kb free=101201Kb
 bounds [0x0000014cb44e0000, 0x0000014cb5780000, 0x0000014cbba10000]
CodeHeap 'non-nmethods': size=5760Kb used=1976Kb max_used=2037Kb free=3783Kb
 bounds [0x0000014cbba10000, 0x0000014cbbc80000, 0x0000014cbbfb0000]
 total_blobs=9877 nmethods=9126 adapters=659
 compilation: enabled
              stopped_count=0, restarted_count=0
 full_count=0

Compilation events (20 events):
Event: 3702.479 Thread 0x0000014cc8c59960 nmethod 15734 0x0000014cbc86eb90 code [0x0000014cbc86ed80, 0x0000014cbc86f838]
Event: 3702.479 Thread 0x0000014cc8c59960 15735       4       com.mysql.cj.protocol.a.MultiPacketReader::readMessage (154 bytes)
Event: 3702.490 Thread 0x0000014cc8c59960 nmethod 15735 0x0000014cbc870110 code [0x0000014cbc870300, 0x0000014cbc870d88]
Event: 3702.490 Thread 0x0000014cc8c59960 15736       4       com.mysql.cj.protocol.a.TimeTrackingPacketReader::readMessage (10 bytes)
Event: 3702.500 Thread 0x0000014cc8c59960 nmethod 15736 0x0000014cbc871610 code [0x0000014cbc871800, 0x0000014cbc872198]
Event: 3702.522 Thread 0x0000014cc8c59960 15737   !   4       sun.security.jca.GetInstance::getInstance (130 bytes)
Event: 3702.533 Thread 0x0000014cc8c59960 nmethod 15737 0x0000014cbc872890 code [0x0000014cbc872aa0, 0x0000014cbc873770]
Event: 3702.559 Thread 0x0000014d0ed0d250 nmethod 15709 0x0000014cbc874010 code [0x0000014cbc874740, 0x0000014cbc87bf20]
Event: 3702.571 Thread 0x0000014d0ed0d250 15738       4       java.io.InputStream::<init> (5 bytes)
Event: 3702.571 Thread 0x0000014d0ed0d250 nmethod 15738 0x0000014cbc16f810 code [0x0000014cbc16f980, 0x0000014cbc16fa08]
Event: 3702.663 Thread 0x0000014cc8c5bd20 15739       3       java.util.UUID::randomUUID (63 bytes)
Event: 3702.664 Thread 0x0000014cc8c5bd20 nmethod 15739 0x0000014cb4951910 code [0x0000014cb4951ac0, 0x0000014cb4951d68]
Event: 3702.674 Thread 0x0000014cc8c59960 15740       4       sun.security.ssl.Plaintext::<init> (43 bytes)
Event: 3702.675 Thread 0x0000014cc8c59960 nmethod 15740 0x0000014cbc4a6e10 code [0x0000014cbc4a6f80, 0x0000014cbc4a7140]
Event: 3808.250 Thread 0x0000014cc8c5bd20 15741   !   3       com.mysql.cj.jdbc.ConnectionImpl::isValid (112 bytes)
Event: 3808.252 Thread 0x0000014cc8c5bd20 nmethod 15741 0x0000014cb4c45990 code [0x0000014cb4c45c80, 0x0000014cb4c469d0]
Event: 3808.252 Thread 0x0000014cc8c5bd20 15742   !   3       com.mysql.cj.jdbc.ConnectionImpl::pingInternal (20 bytes)
Event: 3808.252 Thread 0x0000014cc8c5bd20 nmethod 15742 0x0000014cb5539290 code [0x0000014cb5539440, 0x0000014cb5539618]
Event: 3808.252 Thread 0x0000014cc8c5bd20 15743   !   3       com.mysql.cj.NativeSession::ping (388 bytes)
Event: 3808.254 Thread 0x0000014cc8c5bd20 nmethod 15743 0x0000014cb4946a10 code [0x0000014cb4946f00, 0x0000014cb494a030]

GC Heap History (20 events):
Event: 3067.247 GC heap after
{Heap after GC invocations=79 (full 11):
 garbage-first heap   total 109568K, used 36562K [0x0000000083e00000, 0x0000000100000000)
  region size 1024K, 2 young (2048K), 2 survivors (2048K)
 Metaspace       used 88168K, committed 89088K, reserved 1179648K
  class space    used 11006K, committed 11456K, reserved 1048576K
}
Event: 3093.349 GC heap before
{Heap before GC invocations=79 (full 11):
 garbage-first heap   total 109568K, used 46802K [0x0000000083e00000, 0x0000000100000000)
  region size 1024K, 13 young (13312K), 2 survivors (2048K)
 Metaspace       used 88177K, committed 89152K, reserved 1179648K
  class space    used 11006K, committed 11456K, reserved 1048576K
}
Event: 3093.666 GC heap after
{Heap after GC invocations=80 (full 12):
 garbage-first heap   total 109568K, used 30892K [0x0000000083e00000, 0x0000000100000000)
  region size 1024K, 0 young (0K), 0 survivors (0K)
 Metaspace       used 88162K, committed 89152K, reserved 1179648K
  class space    used 11003K, committed 11456K, reserved 1048576K
}
Event: 3094.224 GC heap before
{Heap before GC invocations=80 (full 12):
 garbage-first heap   total 109568K, used 95404K [0x0000000083e00000, 0x0000000100000000)
  region size 1024K, 64 young (65536K), 0 survivors (0K)
 Metaspace       used 88629K, committed 89600K, reserved 1179648K
  class space    used 11043K, committed 11520K, reserved 1048576K
}
Event: 3094.232 GC heap after
{Heap after GC invocations=81 (full 12):
 garbage-first heap   total 109568K, used 36556K [0x0000000083e00000, 0x0000000100000000)
  region size 1024K, 6 young (6144K), 6 survivors (6144K)
 Metaspace       used 88629K, committed 89600K, reserved 1179648K
  class space    used 11043K, committed 11520K, reserved 1048576K
}
Event: 3238.925 GC heap before
{Heap before GC invocations=82 (full 12):
 garbage-first heap   total 109568K, used 94924K [0x0000000083e00000, 0x0000000100000000)
  region size 1024K, 63 young (64512K), 6 survivors (6144K)
 Metaspace       used 88649K, committed 89600K, reserved 1179648K
  class space    used 11043K, committed 11520K, reserved 1048576K
}
Event: 3238.950 GC heap after
{Heap after GC invocations=83 (full 12):
 garbage-first heap   total 109568K, used 36280K [0x0000000083e00000, 0x0000000100000000)
  region size 1024K, 2 young (2048K), 2 survivors (2048K)
 Metaspace       used 88649K, committed 89600K, reserved 1179648K
  class space    used 11043K, committed 11520K, reserved 1048576K
}
Event: 3405.145 GC heap before
{Heap before GC invocations=83 (full 12):
 garbage-first heap   total 109568K, used 93624K [0x0000000083e00000, 0x0000000100000000)
  region size 1024K, 59 young (60416K), 2 survivors (2048K)
 Metaspace       used 88662K, committed 89664K, reserved 1179648K
  class space    used 11044K, committed 11520K, reserved 1048576K
}
Event: 3405.320 GC heap after
{Heap after GC invocations=84 (full 13):
 garbage-first heap   total 109568K, used 30843K [0x0000000083e00000, 0x0000000100000000)
  region size 1024K, 0 young (0K), 0 survivors (0K)
 Metaspace       used 88654K, committed 89664K, reserved 1179648K
  class space    used 11042K, committed 11520K, reserved 1048576K
}
Event: 3431.799 GC heap before
{Heap before GC invocations=84 (full 13):
 garbage-first heap   total 109568K, used 95355K [0x0000000083e00000, 0x0000000100000000)
  region size 1024K, 64 young (65536K), 0 survivors (0K)
 Metaspace       used 89127K, committed 90048K, reserved 1179648K
  class space    used 11087K, committed 11520K, reserved 1048576K
}
Event: 3431.805 GC heap after
{Heap after GC invocations=85 (full 13):
 garbage-first heap   total 109568K, used 34923K [0x0000000083e00000, 0x0000000100000000)
  region size 1024K, 4 young (4096K), 4 survivors (4096K)
 Metaspace       used 89127K, committed 90048K, reserved 1179648K
  class space    used 11087K, committed 11520K, reserved 1048576K
}
Event: 3508.165 GC heap before
{Heap before GC invocations=86 (full 13):
 garbage-first heap   total 109568K, used 95339K [0x0000000083e00000, 0x0000000100000000)
  region size 1024K, 64 young (65536K), 4 survivors (4096K)
 Metaspace       used 89213K, committed 90112K, reserved 1179648K
  class space    used 11092K, committed 11520K, reserved 1048576K
}
Event: 3508.172 GC heap after
{Heap after GC invocations=87 (full 13):
 garbage-first heap   total 109568K, used 38011K [0x0000000083e00000, 0x0000000100000000)
  region size 1024K, 7 young (7168K), 7 survivors (7168K)
 Metaspace       used 89213K, committed 90112K, reserved 1179648K
  class space    used 11092K, committed 11520K, reserved 1048576K
}
Event: 3597.956 GC heap before
{Heap before GC invocations=87 (full 13):
 garbage-first heap   total 109568K, used 92283K [0x0000000083e00000, 0x0000000100000000)
  region size 1024K, 61 young (62464K), 7 survivors (7168K)
 Metaspace       used 89591K, committed 90560K, reserved 1179648K
  class space    used 11117K, committed 11520K, reserved 1048576K
}
Event: 3597.978 GC heap after
{Heap after GC invocations=88 (full 13):
 garbage-first heap   total 109568K, used 38220K [0x0000000083e00000, 0x0000000100000000)
  region size 1024K, 4 young (4096K), 4 survivors (4096K)
 Metaspace       used 89591K, committed 90560K, reserved 1179648K
  class space    used 11117K, committed 11520K, reserved 1048576K
}
Event: 3701.820 GC heap before
{Heap before GC invocations=88 (full 13):
 garbage-first heap   total 109568K, used 96588K [0x0000000083e00000, 0x0000000100000000)
  region size 1024K, 61 young (62464K), 4 survivors (4096K)
 Metaspace       used 89637K, committed 90624K, reserved 1179648K
  class space    used 11123K, committed 11584K, reserved 1048576K
}
Event: 3701.829 GC heap after
{Heap after GC invocations=89 (full 13):
 garbage-first heap   total 109568K, used 40007K [0x0000000083e00000, 0x0000000100000000)
  region size 1024K, 6 young (6144K), 6 survivors (6144K)
 Metaspace       used 89637K, committed 90624K, reserved 1179648K
  class space    used 11123K, committed 11584K, reserved 1048576K
}
Event: 3702.513 GC heap before
{Heap before GC invocations=90 (full 13):
 garbage-first heap   total 109568K, used 94279K [0x0000000083e00000, 0x0000000100000000)
  region size 1024K, 59 young (60416K), 6 survivors (6144K)
 Metaspace       used 90177K, committed 91136K, reserved 1179648K
  class space    used 11151K, committed 11584K, reserved 1048576K
}
Event: 3702.520 GC heap after
{Heap after GC invocations=91 (full 13):
 garbage-first heap   total 109568K, used 42439K [0x0000000083e00000, 0x0000000100000000)
  region size 1024K, 6 young (6144K), 6 survivors (6144K)
 Metaspace       used 90177K, committed 91136K, reserved 1179648K
  class space    used 11151K, committed 11584K, reserved 1048576K
}
Event: 3821.354 GC heap before
{Heap before GC invocations=91 (full 13):
 garbage-first heap   total 109568K, used 94663K [0x0000000083e00000, 0x0000000100000000)
  region size 1024K, 57 young (58368K), 6 survivors (6144K)
 Metaspace       used 90186K, committed 91136K, reserved 1179648K
  class space    used 11151K, committed 11584K, reserved 1048576K
}

Dll operation events (10 events):
Event: 0.019 Loaded shared library C:\Program Files\Java\jdk-20\bin\java.dll
Event: 0.046 Loaded shared library C:\Program Files\Java\jdk-20\bin\jsvml.dll
Event: 0.214 Loaded shared library C:\Program Files\Java\jdk-20\bin\net.dll
Event: 0.220 Loaded shared library C:\Program Files\Java\jdk-20\bin\nio.dll
Event: 0.226 Loaded shared library C:\Program Files\Java\jdk-20\bin\zip.dll
Event: 0.485 Loaded shared library C:\Program Files\Java\jdk-20\bin\jimage.dll
Event: 1.120 Loaded shared library C:\Program Files\Java\jdk-20\bin\management.dll
Event: 1.134 Loaded shared library C:\Program Files\Java\jdk-20\bin\management_ext.dll
Event: 2.559 Loaded shared library C:\Program Files\Java\jdk-20\bin\sunmscapi.dll
Event: 7.970 Loaded shared library C:\Program Files\Java\jdk-20\bin\extnet.dll

Deoptimization events (20 events):
Event: 2750.295 Thread 0x0000014d106e1320 DEOPT PACKING pc=0x0000014cbc77ab10 sp=0x00000017e93fdb30
Event: 2750.295 Thread 0x0000014d106e1320 DEOPT UNPACKING pc=0x0000014cbba2d2a2 sp=0x00000017e93fdb00 mode 2
Event: 2750.295 Thread 0x0000014d106e1320 Uncommon trap: trap_request=0xffffffbe fr.pc=0x0000014cbc77ab10 relative=0x0000000000000cf0
Event: 2750.295 Thread 0x0000014d106e1320 Uncommon trap: reason=profile_predicate action=maybe_recompile pc=0x0000014cbc77ab10 method=java.util.concurrent.ConcurrentHashMap.putAll(Ljava/util/Map;)V @ 28 c2
Event: 2750.295 Thread 0x0000014d106e1320 DEOPT PACKING pc=0x0000014cbc77ab10 sp=0x00000017e93fdbe0
Event: 2750.295 Thread 0x0000014d106e1320 DEOPT UNPACKING pc=0x0000014cbba2d2a2 sp=0x00000017e93fdbc0 mode 2
Event: 2750.296 Thread 0x0000014d106e1320 Uncommon trap: trap_request=0xffffffbe fr.pc=0x0000014cbc77ab10 relative=0x0000000000000cf0
Event: 2750.296 Thread 0x0000014d106e1320 Uncommon trap: reason=profile_predicate action=maybe_recompile pc=0x0000014cbc77ab10 method=java.util.concurrent.ConcurrentHashMap.putAll(Ljava/util/Map;)V @ 28 c2
Event: 2750.296 Thread 0x0000014d106e1320 DEOPT PACKING pc=0x0000014cbc77ab10 sp=0x00000017e93fda50
Event: 2750.296 Thread 0x0000014d106e1320 DEOPT UNPACKING pc=0x0000014cbba2d2a2 sp=0x00000017e93fda20 mode 2
Event: 2750.312 Thread 0x0000014d106e1320 Uncommon trap: trap_request=0xffffffbe fr.pc=0x0000014cbc77ab10 relative=0x0000000000000cf0
Event: 2750.312 Thread 0x0000014d106e1320 Uncommon trap: reason=profile_predicate action=maybe_recompile pc=0x0000014cbc77ab10 method=java.util.concurrent.ConcurrentHashMap.putAll(Ljava/util/Map;)V @ 28 c2
Event: 2750.312 Thread 0x0000014d106e1320 DEOPT PACKING pc=0x0000014cbc77ab10 sp=0x00000017e93fd040
Event: 2750.312 Thread 0x0000014d106e1320 DEOPT UNPACKING pc=0x0000014cbba2d2a2 sp=0x00000017e93fd020 mode 2
Event: 2750.784 Thread 0x0000014d125245e0 DEOPT PACKING pc=0x0000014cb5071d80 sp=0x00000017ea8fdd50
Event: 2750.784 Thread 0x0000014d125245e0 DEOPT UNPACKING pc=0x0000014cbba7e462 sp=0x00000017ea8fd200 mode 0
Event: 3702.283 Thread 0x0000014d125255d0 Uncommon trap: trap_request=0xffffff54 fr.pc=0x0000014cbc17dae0 relative=0x00000000000003e0
Event: 3702.283 Thread 0x0000014d125255d0 Uncommon trap: reason=speculate_null_assert action=make_not_entrant pc=0x0000014cbc17dae0 method=org.springframework.util.ConcurrentReferenceHashMap$Segment.restructureIfNecessary(Z)V @ 41 c2
Event: 3702.284 Thread 0x0000014d125255d0 DEOPT PACKING pc=0x0000014cbc17dae0 sp=0x00000017ea4fc730
Event: 3702.284 Thread 0x0000014d125255d0 DEOPT UNPACKING pc=0x0000014cbba2d2a2 sp=0x00000017ea4fc578 mode 2

Classes loaded (20 events):
Event: 1872.990 Loading class java/util/stream/ReferencePipeline$4
Event: 1872.991 Loading class java/util/stream/ReferencePipeline$4 done
Event: 1872.991 Loading class java/util/function/IntBinaryOperator
Event: 1872.992 Loading class java/util/function/IntBinaryOperator done
Event: 1872.992 Loading class java/util/stream/ReduceOps$7
Event: 1872.993 Loading class java/util/stream/ReduceOps$7 done
Event: 1872.993 Loading class java/util/stream/ReduceOps$6ReducingSink
Event: 1872.994 Loading class java/util/stream/ReduceOps$6ReducingSink done
Event: 1872.994 Loading class java/util/stream/ReferencePipeline$4$1
Event: 1872.994 Loading class java/util/stream/ReferencePipeline$4$1 done
Event: 1873.008 Loading class java/io/PrintWriter$1
Event: 1873.008 Loading class jdk/internal/access/JavaIOPrintWriterAccess
Event: 1873.008 Loading class jdk/internal/access/JavaIOPrintWriterAccess done
Event: 1873.008 Loading class java/io/PrintWriter$1 done
Event: 1873.008 Loading class java/lang/Throwable$WrappedPrintWriter
Event: 1873.009 Loading class java/lang/Throwable$PrintStreamOrWriter
Event: 1873.009 Loading class java/lang/Throwable$PrintStreamOrWriter done
Event: 1873.009 Loading class java/lang/Throwable$WrappedPrintWriter done
Event: 2312.254 Loading class jdk/internal/reflect/MethodHandleDoubleFieldAccessorImpl
Event: 2312.256 Loading class jdk/internal/reflect/MethodHandleDoubleFieldAccessorImpl done

Classes unloaded (20 events):
Event: 3431.827 Thread 0x0000014cc8bfb200 Unloading class 0x0000014cca3fd400 'java/lang/invoke/LambdaForm$MH+0x0000014cca3fd400'
Event: 3431.827 Thread 0x0000014cc8bfb200 Unloading class 0x0000014cca3fd000 'java/lang/invoke/LambdaForm$MH+0x0000014cca3fd000'
Event: 3431.827 Thread 0x0000014cc8bfb200 Unloading class 0x0000014cca2d6000 'java/lang/invoke/LambdaForm$MH+0x0000014cca2d6000'
Event: 3431.827 Thread 0x0000014cc8bfb200 Unloading class 0x0000014cca2d5800 'java/lang/invoke/LambdaForm$MH+0x0000014cca2d5800'
Event: 3431.827 Thread 0x0000014cc8bfb200 Unloading class 0x0000014cca2d5400 'java/lang/invoke/LambdaForm$MH+0x0000014cca2d5400'
Event: 3431.827 Thread 0x0000014cc8bfb200 Unloading class 0x0000014cca2d5000 'java/lang/invoke/LambdaForm$MH+0x0000014cca2d5000'
Event: 3431.827 Thread 0x0000014cc8bfb200 Unloading class 0x0000014cca188c00 'java/lang/invoke/LambdaForm$MH+0x0000014cca188c00'
Event: 3431.827 Thread 0x0000014cc8bfb200 Unloading class 0x0000014cca112c00 'java/lang/invoke/LambdaForm$MH+0x0000014cca112c00'
Event: 3431.827 Thread 0x0000014cc8bfb200 Unloading class 0x0000014cca112400 'java/lang/invoke/LambdaForm$MH+0x0000014cca112400'
Event: 3431.827 Thread 0x0000014cc8bfb200 Unloading class 0x0000014cca112000 'java/lang/invoke/LambdaForm$MH+0x0000014cca112000'
Event: 3431.827 Thread 0x0000014cc8bfb200 Unloading class 0x0000014cca111c00 'java/lang/invoke/LambdaForm$MH+0x0000014cca111c00'
Event: 3431.827 Thread 0x0000014cc8bfb200 Unloading class 0x0000014cca111800 'java/lang/invoke/LambdaForm$MH+0x0000014cca111800'
Event: 3431.827 Thread 0x0000014cc8bfb200 Unloading class 0x0000014cca111000 'java/lang/invoke/LambdaForm$MH+0x0000014cca111000'
Event: 3431.827 Thread 0x0000014cc8bfb200 Unloading class 0x0000014cca110c00 'java/lang/invoke/LambdaForm$MH+0x0000014cca110c00'
Event: 3431.827 Thread 0x0000014cc8bfb200 Unloading class 0x0000014cca110800 'java/lang/invoke/LambdaForm$MH+0x0000014cca110800'
Event: 3431.827 Thread 0x0000014cc8bfb200 Unloading class 0x0000014cca10ac00 'java/lang/invoke/LambdaForm$MH+0x0000014cca10ac00'
Event: 3431.827 Thread 0x0000014cc8bfb200 Unloading class 0x0000014cca10a800 'java/lang/invoke/LambdaForm$MH+0x0000014cca10a800'
Event: 3431.827 Thread 0x0000014cc8bfb200 Unloading class 0x0000014cca10a000 'java/lang/invoke/LambdaForm$MH+0x0000014cca10a000'
Event: 3701.891 Thread 0x0000014cc8bfb200 Unloading class 0x0000014cca7b8400 'java/lang/invoke/LambdaForm$MH+0x0000014cca7b8400'
Event: 3701.891 Thread 0x0000014cc8bfb200 Unloading class 0x0000014cca7b8000 'java/lang/invoke/LambdaForm$MH+0x0000014cca7b8000'

Classes redefined (0 events):
No events

Internal exceptions (20 events):
Event: 3093.347 Thread 0x0000014d106dfde0 Exception <a 'java/lang/InterruptedException'{0x0000000089e25600}: sleep interrupted> (0x0000000089e25600) 
thrown [s\open\src\hotspot\share\prims\jvm.cpp, line 3086]
Event: 3093.747 Thread 0x0000014d106af5c0 Exception <a 'sun/nio/fs/WindowsException'{0x00000000ffef7518}> (0x00000000ffef7518) 
thrown [s\open\src\hotspot\share\prims\jni.cpp, line 519]
Event: 3093.938 Thread 0x0000014d106af5c0 Exception <a 'java/io/FileNotFoundException'{0x000000008888f8b8}> (0x000000008888f8b8) 
thrown [s\open\src\hotspot\share\prims\jni.cpp, line 519]
Event: 3093.954 Thread 0x0000014d106af5c0 Exception <a 'java/io/FileNotFoundException'{0x00000000886937c0}> (0x00000000886937c0) 
thrown [s\open\src\hotspot\share\prims\jni.cpp, line 519]
Event: 3405.101 Thread 0x0000014d106dedf0 Exception <a 'java/io/IOException'{0x000000008702c148}> (0x000000008702c148) 
thrown [s\open\src\hotspot\share\prims\jni.cpp, line 519]
Event: 3405.102 Thread 0x0000014d106dedf0 Exception <a 'java/io/IOException'{0x000000008702c798}> (0x000000008702c798) 
thrown [s\open\src\hotspot\share\prims\jni.cpp, line 519]
Event: 3405.144 Thread 0x0000014d12526070 Exception <a 'java/lang/InterruptedException'{0x000000008704b380}: sleep interrupted> (0x000000008704b380) 
thrown [s\open\src\hotspot\share\prims\jvm.cpp, line 3086]
Event: 3405.341 Thread 0x0000014d106e1320 Exception <a 'sun/nio/fs/WindowsException'{0x00000000ffef78e0}> (0x00000000ffef78e0) 
thrown [s\open\src\hotspot\share\prims\jni.cpp, line 519]
Event: 3405.537 Thread 0x0000014d106e1320 Exception <a 'java/io/FileNotFoundException'{0x00000000888b8708}> (0x00000000888b8708) 
thrown [s\open\src\hotspot\share\prims\jni.cpp, line 519]
Event: 3405.557 Thread 0x0000014d106e1320 Exception <a 'java/io/FileNotFoundException'{0x00000000886bccb8}> (0x00000000886bccb8) 
thrown [s\open\src\hotspot\share\prims\jni.cpp, line 519]
Event: 3405.767 Thread 0x0000014d106dedf0 Exception <a 'java/lang/InterruptedException'{0x00000000871297e8}: sleep interrupted> (0x00000000871297e8) 
thrown [s\open\src\hotspot\share\prims\jvm.cpp, line 3086]
Event: 3405.770 Thread 0x0000014d106e1320 Exception <a 'java/lang/NoClassDefFoundError'{0x0000000087159ab8}: jakarta/validation/ValidationException> (0x0000000087159ab8) 
thrown [s\open\src\hotspot\share\classfile\systemDictionary.cpp, line 294]
Event: 3507.945 Thread 0x0000014d125275b0 Exception <a 'sun/nio/fs/WindowsException'{0x0000000088e55840}> (0x0000000088e55840) 
thrown [s\open\src\hotspot\share\prims\jni.cpp, line 519]
Event: 3508.137 Thread 0x0000014d125275b0 Exception <a 'java/io/FileNotFoundException'{0x0000000086f96458}> (0x0000000086f96458) 
thrown [s\open\src\hotspot\share\prims\jni.cpp, line 519]
Event: 3508.162 Thread 0x0000014d125275b0 Exception <a 'java/io/FileNotFoundException'{0x0000000086d9b620}> (0x0000000086d9b620) 
thrown [s\open\src\hotspot\share\prims\jni.cpp, line 519]
Event: 3508.390 Thread 0x0000014d125285a0 Exception <a 'java/lang/InterruptedException'{0x00000000895e7e90}: sleep interrupted> (0x00000000895e7e90) 
thrown [s\open\src\hotspot\share\prims\jvm.cpp, line 3086]
Event: 3508.392 Thread 0x0000014d125275b0 Exception <a 'java/lang/NoClassDefFoundError'{0x000000008940b670}: jakarta/validation/ValidationException> (0x000000008940b670) 
thrown [s\open\src\hotspot\share\classfile\systemDictionary.cpp, line 294]
Event: 3701.639 Thread 0x0000014d125255d0 Exception <a 'sun/nio/fs/WindowsException'{0x00000000881931d8}> (0x00000000881931d8) 
thrown [s\open\src\hotspot\share\prims\jni.cpp, line 519]
Event: 3702.053 Thread 0x0000014d125255d0 Exception <a 'java/io/FileNotFoundException'{0x0000000089a4e600}> (0x0000000089a4e600) 
thrown [s\open\src\hotspot\share\prims\jni.cpp, line 519]
Event: 3702.072 Thread 0x0000014d125255d0 Exception <a 'java/io/FileNotFoundException'{0x0000000089851710}> (0x0000000089851710) 
thrown [s\open\src\hotspot\share\prims\jni.cpp, line 519]

VM Operations (20 events):
Event: 3508.173 Executing VM operation: G1CollectForAllocation done
Event: 3509.181 Executing VM operation: Cleanup
Event: 3509.181 Executing VM operation: Cleanup done
Event: 3547.878 Executing VM operation: HandshakeAllThreads
Event: 3547.878 Executing VM operation: HandshakeAllThreads done
Event: 3597.956 Executing VM operation: G1CollectForAllocation
Event: 3597.978 Executing VM operation: G1CollectForAllocation done
Event: 3701.820 Executing VM operation: G1CollectForAllocation
Event: 3701.829 Executing VM operation: G1CollectForAllocation done
Event: 3701.890 Executing VM operation: G1PauseRemark
Event: 3701.999 Executing VM operation: G1PauseRemark done
Event: 3702.010 Executing VM operation: G1PauseCleanup
Event: 3702.010 Executing VM operation: G1PauseCleanup done
Event: 3702.513 Executing VM operation: G1CollectForAllocation
Event: 3702.520 Executing VM operation: G1CollectForAllocation done
Event: 3703.523 Executing VM operation: Cleanup
Event: 3703.524 Executing VM operation: Cleanup done
Event: 3728.434 Executing VM operation: HandshakeAllThreads
Event: 3728.444 Executing VM operation: HandshakeAllThreads done
Event: 3821.354 Executing VM operation: G1CollectForAllocation

Events (20 events):
Event: 3702.152 Thread 0x0000014d12529040 Thread added: 0x0000014d12529040
Event: 3702.258 Thread 0x0000014d125265c0 Thread added: 0x0000014d125265c0
Event: 3702.314 Thread 0x0000014d0ed0d250 Thread added: 0x0000014d0ed0d250
Event: 3702.410 Thread 0x0000014d1252a580 Thread added: 0x0000014d1252a580
Event: 3702.428 Thread 0x0000014d1252aad0 Thread added: 0x0000014d1252aad0
Event: 3702.428 Thread 0x0000014d125275b0 Thread added: 0x0000014d125275b0
Event: 3702.428 Thread 0x0000014d12527b00 Thread added: 0x0000014d12527b00
Event: 3702.428 Thread 0x0000014d106dfde0 Thread added: 0x0000014d106dfde0
Event: 3702.428 Thread 0x0000014d106e0dd0 Thread added: 0x0000014d106e0dd0
Event: 3702.428 Thread 0x0000014d106e1320 Thread added: 0x0000014d106e1320
Event: 3702.429 Thread 0x0000014d106de350 Thread added: 0x0000014d106de350
Event: 3702.429 Thread 0x0000014d106dedf0 Thread added: 0x0000014d106dedf0
Event: 3702.429 Thread 0x0000014d106a90d0 Thread added: 0x0000014d106a90d0
Event: 3702.429 Thread 0x0000014d106adb30 Thread added: 0x0000014d106adb30
Event: 3702.435 Thread 0x0000014d106af070 Thread added: 0x0000014d106af070
Event: 3702.435 Thread 0x0000014d106af5c0 Thread added: 0x0000014d106af5c0
Event: 3702.441 Thread 0x0000014d125255d0 Thread exited: 0x0000014d125255d0
Event: 3702.441 Thread 0x0000014d106e0880 Thread exited: 0x0000014d106e0880
Event: 3702.674 Thread 0x0000014d0ed0d250 Thread exited: 0x0000014d0ed0d250
Event: 3707.717 Thread 0x0000014d125265c0 Thread exited: 0x0000014d125265c0


Dynamic libraries:
0x00007ff717fd0000 - 0x00007ff717fe0000 	C:\Program Files\Java\jdk-20\bin\javaw.exe
0x00007ff873860000 - 0x00007ff873ac8000 	C:\WINDOWS\SYSTEM32\ntdll.dll
0x00007ff872ed0000 - 0x00007ff872f99000 	C:\WINDOWS\System32\KERNEL32.DLL
0x00007ff870520000 - 0x00007ff870911000 	C:\WINDOWS\System32\KERNELBASE.dll
0x00007ff870140000 - 0x00007ff87028b000 	C:\WINDOWS\System32\ucrtbase.dll
0x00007ff84bc80000 - 0x00007ff84bc9b000 	C:\Program Files\Java\jdk-20\bin\VCRUNTIME140.dll
0x00007ff84bc30000 - 0x00007ff84bc49000 	C:\Program Files\Java\jdk-20\bin\jli.dll
0x00007ff871ed0000 - 0x00007ff871f84000 	C:\WINDOWS\System32\ADVAPI32.dll
0x00007ff873560000 - 0x00007ff873609000 	C:\WINDOWS\System32\msvcrt.dll
0x00007ff871df0000 - 0x00007ff871e96000 	C:\WINDOWS\System32\sechost.dll
0x00007ff871f90000 - 0x00007ff8720a8000 	C:\WINDOWS\System32\RPCRT4.dll
0x00007ff872550000 - 0x00007ff872716000 	C:\WINDOWS\System32\USER32.dll
0x00007ff84e1a0000 - 0x00007ff84e433000 	C:\WINDOWS\WinSxS\amd64_microsoft.windows.common-controls_6595b64144ccf1df_6.0.26100.7824_none_3e0870b2e3345462\COMCTL32.dll
0x00007ff870d60000 - 0x00007ff870d87000 	C:\WINDOWS\System32\win32u.dll
0x00007ff8734d0000 - 0x00007ff8734fb000 	C:\WINDOWS\System32\GDI32.dll
0x00007ff870290000 - 0x00007ff8703bb000 	C:\WINDOWS\System32\gdi32full.dll
0x00007ff85f3d0000 - 0x00007ff85f3db000 	C:\WINDOWS\SYSTEM32\VERSION.dll
0x00007ff8703c0000 - 0x00007ff870463000 	C:\WINDOWS\System32\msvcp_win.dll
0x00007ff872fc0000 - 0x00007ff872ff1000 	C:\WINDOWS\System32\IMM32.DLL
0x00007ff84bc70000 - 0x00007ff84bc7c000 	C:\Program Files\Java\jdk-20\bin\vcruntime140_1.dll
0x00007ff82fe90000 - 0x00007ff82ff1e000 	C:\Program Files\Java\jdk-20\bin\msvcp140.dll
0x00007fffa6f60000 - 0x00007fffa7bf8000 	C:\Program Files\Java\jdk-20\bin\server\jvm.dll
0x00007ff867d70000 - 0x00007ff867da5000 	C:\WINDOWS\SYSTEM32\WINMM.dll
0x00007ff84fe60000 - 0x00007ff84fe6a000 	C:\WINDOWS\SYSTEM32\WSOCK32.dll
0x00007ff873610000 - 0x00007ff873684000 	C:\WINDOWS\System32\WS2_32.dll
0x00007ff86eec0000 - 0x00007ff86eedb000 	C:\WINDOWS\SYSTEM32\kernel.appcore.dll
0x00007ff84bbe0000 - 0x00007ff84bbea000 	C:\Program Files\Java\jdk-20\bin\jimage.dll
0x00007ff8615f0000 - 0x00007ff861832000 	C:\WINDOWS\SYSTEM32\DBGHELP.DLL
0x00007ff872920000 - 0x00007ff872ca6000 	C:\WINDOWS\System32\combase.dll
0x00007ff872d70000 - 0x00007ff872e47000 	C:\WINDOWS\System32\OLEAUT32.dll
0x00007ff84c540000 - 0x00007ff84c57b000 	C:\WINDOWS\SYSTEM32\dbgcore.DLL
0x00007ff870470000 - 0x00007ff870515000 	C:\WINDOWS\System32\bcryptPrimitives.dll
0x00007ff84bbb0000 - 0x00007ff84bbd6000 	C:\Program Files\Java\jdk-20\bin\java.dll
0x00007fffadb50000 - 0x00007fffadc27000 	C:\Program Files\Java\jdk-20\bin\jsvml.dll
0x00007ff871600000 - 0x00007ff871d52000 	C:\WINDOWS\System32\SHELL32.dll
0x00007ff870aa0000 - 0x00007ff870c0a000 	C:\WINDOWS\System32\wintypes.dll
0x00007ff870d90000 - 0x00007ff8715f3000 	C:\WINDOWS\System32\windows.storage.dll
0x00007ff873000000 - 0x00007ff8730f6000 	C:\WINDOWS\System32\SHCORE.dll
0x00007ff8728b0000 - 0x00007ff872917000 	C:\WINDOWS\System32\shlwapi.dll
0x00007ff870060000 - 0x00007ff870089000 	C:\WINDOWS\SYSTEM32\profapi.dll
0x00007ff84bb90000 - 0x00007ff84bba3000 	C:\Program Files\Java\jdk-20\bin\net.dll
0x00007ff8624c0000 - 0x00007ff8625e7000 	C:\WINDOWS\SYSTEM32\WINHTTP.dll
0x00007ff86f450000 - 0x00007ff86f4bb000 	C:\WINDOWS\system32\mswsock.dll
0x00007ff84b990000 - 0x00007ff84b9a6000 	C:\Program Files\Java\jdk-20\bin\nio.dll
0x00007ff84b970000 - 0x00007ff84b988000 	C:\Program Files\Java\jdk-20\bin\zip.dll
0x00007ff84bb80000 - 0x00007ff84bb8a000 	C:\Program Files\Java\jdk-20\bin\management.dll
0x00007ff84b700000 - 0x00007ff84b70b000 	C:\Program Files\Java\jdk-20\bin\management_ext.dll
0x00007ff871d60000 - 0x00007ff871d68000 	C:\WINDOWS\System32\PSAPI.DLL
0x00007ff841400000 - 0x00007ff84140e000 	C:\Program Files\Java\jdk-20\bin\sunmscapi.dll
0x00007ff870920000 - 0x00007ff870a97000 	C:\WINDOWS\System32\CRYPT32.dll
0x00007ff86f940000 - 0x00007ff86f970000 	C:\WINDOWS\SYSTEM32\ncrypt.dll
0x00007ff86f8f0000 - 0x00007ff86f92f000 	C:\WINDOWS\SYSTEM32\NTASN1.dll
0x00007ff86f720000 - 0x00007ff86f73b000 	C:\WINDOWS\SYSTEM32\CRYPTSP.dll
0x00007ff86ee20000 - 0x00007ff86ee59000 	C:\WINDOWS\system32\rsaenh.dll
0x00007ff86f500000 - 0x00007ff86f52b000 	C:\WINDOWS\SYSTEM32\USERENV.dll
0x00007ff870030000 - 0x00007ff87005a000 	C:\WINDOWS\SYSTEM32\bcrypt.dll
0x00007ff86f740000 - 0x00007ff86f74c000 	C:\WINDOWS\SYSTEM32\CRYPTBASE.dll
0x00007ff86e8b0000 - 0x00007ff86e8e4000 	C:\WINDOWS\SYSTEM32\IPHLPAPI.DLL
0x00007ff873810000 - 0x00007ff87381a000 	C:\WINDOWS\System32\NSI.dll
0x00007ff86a4e0000 - 0x00007ff86a4fe000 	C:\WINDOWS\SYSTEM32\dhcpcsvc6.DLL
0x00007ff86a4b0000 - 0x00007ff86a4d3000 	C:\WINDOWS\SYSTEM32\dhcpcsvc.DLL
0x00007ff86e940000 - 0x00007ff86ea6c000 	C:\WINDOWS\SYSTEM32\DNSAPI.dll
0x00007ff861e10000 - 0x00007ff861e1b000 	C:\Windows\System32\rasadhlp.dll
0x00007ff86a700000 - 0x00007ff86a786000 	C:\WINDOWS\System32\fwpuclnt.dll
0x00007ff8413d0000 - 0x00007ff8413d7000 	C:\Program Files\Java\jdk-20\bin\extnet.dll
0x00007ff867c40000 - 0x00007ff867c48000 	C:\WINDOWS\system32\wshunix.dll

dbghelp: loaded successfully - version: 4.0.5 - missing functions: none
symbol engine: initialized successfully - sym options: 0x614 - pdb path: .;C:\Program Files\Java\jdk-20\bin;C:\WINDOWS\SYSTEM32;C:\WINDOWS\WinSxS\amd64_microsoft.windows.common-controls_6595b64144ccf1df_6.0.26100.7824_none_3e0870b2e3345462;C:\Program Files\Java\jdk-20\bin\server

VM Arguments:
jvm_args: -Dfile.encoding=UTF-8 -Dstdout.encoding=UTF-8 -Dstderr.encoding=UTF-8 -XX:+ShowCodeDetailsInExceptionMessages 
java_command: com.codecodence.admin_panel_backend.AdminPanelBackendApplication
java_class_path (initial): E:\Admin-Panel-Backend\admin-panel-backend\target\classes;C:\Users\Aditya Raj\.m2\repository\org\springframework\boot\spring-boot-starter-data-jpa\4.0.2\spring-boot-starter-data-jpa-4.0.2.jar;C:\Users\Aditya Raj\.m2\repository\org\springframework\boot\spring-boot-starter\4.0.2\spring-boot-starter-4.0.2.jar;C:\Users\Aditya Raj\.m2\repository\org\springframework\boot\spring-boot-starter-logging\4.0.2\spring-boot-starter-logging-4.0.2.jar;C:\Users\Aditya Raj\.m2\repository\ch\qos\logback\logback-classic\1.5.25\logback-classic-1.5.25.jar;C:\Users\Aditya Raj\.m2\repository\ch\qos\logback\logback-core\1.5.25\logback-core-1.5.25.jar;C:\Users\Aditya Raj\.m2\repository\org\apache\logging\log4j\log4j-to-slf4j\2.25.3\log4j-to-slf4j-2.25.3.jar;C:\Users\Aditya Raj\.m2\repository\org\apache\logging\log4j\log4j-api\2.25.3\log4j-api-2.25.3.jar;C:\Users\Aditya Raj\.m2\repository\org\slf4j\jul-to-slf4j\2.0.17\jul-to-slf4j-2.0.17.jar;C:\Users\Aditya Raj\.m2\repository\jakarta\annotation\jakarta.annotation-api\3.0.0\jakarta.annotation-api-3.0.0.jar;C:\Users\Aditya Raj\.m2\repository\org\yaml\snakeyaml\2.5\snakeyaml-2.5.jar;C:\Users\Aditya Raj\.m2\repository\org\springframework\boot\spring-boot-starter-jdbc\4.0.2\spring-boot-starter-jdbc-4.0.2.jar;C:\Users\Aditya Raj\.m2\repository\com\zaxxer\HikariCP\7.0.2\HikariCP-7.0.2.jar;C:\Users\Aditya Raj\.m2\repository\org\slf4j\slf4j-api\2.0.17\slf4j-api-2.0.17.jar;C:\Users\Aditya Raj\.m2\repository\org\springframework\boot\spring-boot-data-jpa\4.0.2\spring-boot-data-jpa-4.0.2.jar;C:\Users\Aditya Raj\.m2\repository\org\springframework\boot\spring-boot-data-commons\4.0.2\spring-boot-data-commons-4.0.2.jar;C:\Users\Aditya Raj\.m2\repository\org\springframework\boot\spring-boot-persistence\4.0.2\spring-boot-persistence-4.0.2.jar;C:\Users\Aditya Raj\.m2\repository\org\springframework\data\spring-data-commons\4.0.2\spring-data-commons-4.0.2.jar;C:\Users\Aditya Raj\.m2\repository\org\springframework\boot\spring-boot-hibernate\4.0.2\spring-boot-hibernate-4.0.2.jar;C:\Users\Aditya Raj\.m2\repository\org\springframework\boot\spring-boot-jpa\4.0.2\spring-boot-jpa-4.0.2.jar;C:\Users\Aditya Raj\.m2\repository\jakarta\persistence\jakarta.persistence-api\3.2.0\jakarta.persistence-api-3.2.0.jar;C:\Users\Aditya Raj\.m2\repository\org\hibernate\orm\hibernate-core\7.2.1.Final\hibernate-core-7.2.1.Final.jar;C:\Users\Aditya Raj\.m2\repository\jakarta\transaction\jakarta.transaction-api\2.0.1\jakarta.transaction-api-2.0.1.jar;C:\Users\Aditya Raj\.m2\repository\org\jboss\logging\jboss-logging\3.6.1.Final\jboss-logging-3.6.1.Final.jar;C:\Users\Aditya Raj\.m2\repository\org\hibernate\models\hibernate-models\1.0.1\hibernate-models-1.0.1.jar;C:\Users\Aditya Raj\.m2\repository\com\fasterxml\classmate\1.7.3\classmate-1.7.3.jar;C:\Users\Aditya Raj\.m2\repository\org\glassfish\jaxb\jaxb-runtime\4.0.6\jaxb-runtime-4.0.6.jar;C:\Users\Aditya Raj\.m2\repository\org\glassfish\jaxb\jaxb-core\4.0.6\jaxb-core-4.0.6.jar;C:\Users\Aditya Raj\.m2\repository\org\eclipse\angus\angus-activation\2.0.3\angus-activation-2.0.3.jar;C:\Users\Aditya Raj\.m2\repository\org\glassfish\jaxb\txw2\4.0.6\txw2-4.0.6.jar;C:\Users\Aditya Raj\.m2\repository\com\sun\istack\istack-commons-runtime\4.1.2\istack-commons-runtime-4.1.2.jar;C:\Users\Aditya Raj\.m2\repository\jakarta\inject\jakarta.inject-api\2.0.1\jakarta.inject-api-2.0.1.jar;C:\Users\Aditya Raj\.m2\repository\org\springframework\spring-orm\7.0.3\spring-orm-7.0.3.jar;C:\Users\Aditya Raj\.m2\repository\org\springframework\data\spring-data-jpa\4.0.2\spring-data-jpa-4.0.2.jar;C:\Users\Aditya Raj\.m2\repository\org\springframework\spring-tx\7.0.3\spring-tx-7.0.3.jar;C:\Users\Aditya Raj\.m2\repository\org\antlr\antlr4-runtime\4.13.2\antlr4-runtime-4.13.2.jar;C:\Users\Aditya Raj\.m2\repository\org\springframework\spring-aspects\7.0.3\spring-aspects-7.0.3.jar;C:\Users\Aditya Raj\.m2\repository\org\aspectj\aspectjweaver\1.9.25.1\aspectjweaver-1.9.25.1.jar;C:\Users\Aditya Raj\.m2\repository\org\springframework\boot\spring-boot-jdbc\4.0.2\spring-boot-jdbc-4.0.2.jar;C:\Users\Aditya Raj\.m2\repository\org\springframework\boot\spring-boot-sql\4.0.2\spring-boot-sql-4.0.2.jar;C:\Users\Aditya Raj\.m2\repository\org\springframework\boot\spring-boot-transaction\4.0.2\spring-boot-transaction-4.0.2.jar;C:\Users\Aditya Raj\.m2\repository\org\springframework\spring-jdbc\7.0.3\spring-jdbc-7.0.3.jar;C:\Users\Aditya Raj\.m2\repository\org\springframework\boot\spring-boot-starter-webmvc\4.0.2\spring-boot-starter-webmvc-4.0.2.jar;C:\Users\Aditya Raj\.m2\repository\org\springframework\boot\spring-boot-starter-jackson\4.0.2\spring-boot-starter-jackson-4.0.2.jar;C:\Users\Aditya Raj\.m2\repository\org\springframework\boot\spring-boot-jackson\4.0.2\spring-boot-jackson-4.0.2.jar;C:\Users\Aditya Raj\.m2\repository\tools\jackson\core\jackson-databind\3.0.4\jackson-databind-3.0.4.jar;C:\Users\Aditya Raj\.m2\repository\com\fasterxml\jackson\core\jackson-annotations\2.20\jackson-annotations-2.20.jar;C:\Users\Aditya Raj\.m2\repository\tools\jackson\core\jackson-core\3.0.4\jackson-core-3.0.4.jar;C:\Users\Aditya Raj\.m2\repository\org\springframework\boot\spring-boot-starter-tomcat\4.0.2\spring-boot-starter-tomcat-4.0.2.jar;C:\Users\Aditya Raj\.m2\repository\org\springframework\boot\spring-boot-starter-tomcat-runtime\4.0.2\spring-boot-starter-tomcat-runtime-4.0.2.jar;C:\Users\Aditya Raj\.m2\repository\org\apache\tomcat\embed\tomcat-embed-core\11.0.15\tomcat-embed-core-11.0.15.jar;C:\Users\Aditya Raj\.m2\repository\org\apache\tomcat\embed\tomcat-embed-el\11.0.15\tomcat-embed-el-11.0.15.jar;C:\Users\Aditya Raj\.m2\repository\org\apache\tomcat\embed\tomcat-embed-websocket\11.0.15\tomcat-embed-websocket-11.0.15.jar;C:\Users\Aditya Raj\.m2\repository\org\springframework\boot\spring-boot-tomcat\4.0.2\spring-boot-tomcat-4.0.2.jar;C:\Users\Aditya Raj\.m2\repository\org\springframework\boot\spring-boot-http-converter\4.0.2\spring-boot-http-converter-4.0.2.jar;C:\Users\Aditya Raj\.m2\repository\org\springframework\spring-web\7.0.3\spring-web-7.0.3.jar;C:\Users\Aditya Raj\.m2\repository\io\micrometer\micrometer-observation\1.16.2\micrometer-observation-1.16.2.jar;C:\Users\Aditya Raj\.m2\repository\io\micrometer\micrometer-commons\1.16.2\micrometer-commons-1.16.2.jar;C:\Users\Aditya Raj\.m2\repository\org\springframework\boot\spring-boot-webmvc\4.0.2\spring-boot-webmvc-4.0.2.jar;C:\Users\Aditya Raj\.m2\repository\org\springframework\boot\spring-boot-servlet\4.0.2\spring-boot-servlet-4.0.2.jar;C:\Users\Aditya Raj\.m2\repository\org\springframework\spring-webmvc\7.0.3\spring-webmvc-7.0.3.jar;C:\Users\Aditya Raj\.m2\repository\org\springframework\spring-expression\7.0.3\spring-expression-7.0.3.jar;C:\Users\Aditya Raj\.m2\repository\org\springframework\boot\spring-boot-devtools\4.0.2\spring-boot-devtools-4.0.2.jar;C:\Users\Aditya Raj\.m2\repository\org\springframework\boot\spring-boot\4.0.2\spring-boot-4.0.2.jar;C:\Users\Aditya Raj\.m2\repository\org\springframework\spring-core\7.0.3\spring-core-7.0.3.jar;C:\Users\Aditya Raj\.m2\repository\commons-logging\commons-logging\1.3.5\commons-logging-1.3.5.jar;C:\Users\Aditya Raj\.m2\repository\org\jspecify\jspecify\1.0.0\jspecify-1.0.0.jar;C:\Users\Aditya Raj\.m2\repository\org\springframework\spring-context\7.0.3\spring-context-7.0.3.jar;C:\Users\Aditya Raj\.m2\repository\org\springframework\boot\spring-boot-autoconfigure\4.0.2\spring-boot-autoconfigure-4.0.2.jar;C:\Users\Aditya Raj\.m2\repository\com\mysql\mysql-connector-j\9.5.0\mysql-connector-j-9.5.0.jar;C:\Users\Aditya Raj\.m2\repository\jakarta\xml\bind\jakarta.xml.bind-api\4.0.4\jakarta.xml.bind-api-4.0.4.jar;C:\Users\Aditya Raj\.m2\repository\jakarta\activation\jakarta.activation-api\2.1.4\jakarta.activation-api-2.1.4.jar;C:\Users\Aditya Raj\.m2\repository\net\bytebuddy\byte-buddy\1.17.8\byte-buddy-1.17.8.jar;C:\Users\Aditya Raj\.m2\repository\org\springframework\boot\spring-boot-web-server\4.0.2\spring-boot-web-server-4.0.2.jar;C:\Users\Aditya Raj\.m2\repository\org\springframework\boot\spring-boot-starter-security\4.0.2\spring-boot-starter-security-4.0.2.jar;C:\Users\Aditya Raj\.m2\repository\org\springframework\boot\spring-boot-security\4.0.2\spring-boot-security-4.0.2.jar;C:\Users\Aditya Raj\.m2\repository\org\springframework\security\spring-security-config\7.0.2\spring-security-config-7.0.2.jar;C:\Users\Aditya Raj\.m2\repository\org\springframework\security\spring-security-core\7.0.2\spring-security-core-7.0.2.jar;C:\Users\Aditya Raj\.m2\repository\org\springframework\security\spring-security-crypto\7.0.2\spring-security-crypto-7.0.2.jar;C:\Users\Aditya Raj\.m2\repository\org\springframework\security\spring-security-web\7.0.2\spring-security-web-7.0.2.jar;C:\Users\Aditya Raj\.m2\repository\org\springframework\spring-aop\7.0.3\spring-aop-7.0.3.jar;C:\Users\Aditya Raj\.m2\repository\org\springframework\spring-beans\7.0.3\spring-beans-7.0.3.jar
Launcher Type: SUN_STANDARD

[Global flags]
     intx CICompilerCount                          = 4                                         {product} {ergonomic}
     uint ConcGCThreads                            = 2                                         {product} {ergonomic}
     uint G1ConcRefinementThreads                  = 8                                         {product} {ergonomic}
   size_t G1HeapRegionSize                         = 1048576                                   {product} {ergonomic}
    uintx GCDrainStackTargetSize                   = 64                                        {product} {ergonomic}
   size_t InitialHeapSize                          = 132120576                                 {product} {ergonomic}
   size_t MarkStackSize                            = 4194304                                   {product} {ergonomic}
   size_t MaxHeapSize                              = 2082471936                                {product} {ergonomic}
   size_t MaxNewSize                               = 1248854016                                {product} {ergonomic}
   size_t MinHeapDeltaBytes                        = 1048576                                   {product} {ergonomic}
   size_t MinHeapSize                              = 8388608                                   {product} {ergonomic}
    uintx NonNMethodCodeHeapSize                   = 5839372                                {pd product} {ergonomic}
    uintx NonProfiledCodeHeapSize                  = 122909434                              {pd product} {ergonomic}
    uintx ProfiledCodeHeapSize                     = 122909434                              {pd product} {ergonomic}
    uintx ReservedCodeCacheSize                    = 251658240                              {pd product} {ergonomic}
     bool SegmentedCodeCache                       = true                                      {product} {ergonomic}
     bool ShowCodeDetailsInExceptionMessages       = true                                   {manageable} {command line}
   size_t SoftMaxHeapSize                          = 2082471936                             {manageable} {ergonomic}
     bool UseCompressedClassPointers               = true                           {product lp64_product} {ergonomic}
     bool UseCompressedOops                        = true                           {product lp64_product} {ergonomic}
     bool UseG1GC                                  = true                                      {product} {ergonomic}
     bool UseLargePagesIndividualAllocation        = false                                  {pd product} {ergonomic}

Logging:
Log output configuration:
 #0: stdout all=warning uptime,level,tags foldmultilines=false
 #1: stderr all=off uptime,level,tags foldmultilines=false

Environment Variables:
PATH=C:/Users/Aditya Raj/.p2/pool/plugins/org.eclipse.justj.openjdk.hotspot.jre.full.win32.x86_64_21.0.7.v20250502-0916/jre/bin/server;C:/Users/Aditya Raj/.p2/pool/plugins/org.eclipse.justj.openjdk.hotspot.jre.full.win32.x86_64_21.0.7.v20250502-0916/jre/bin;D:\oracle\product\10.2.0\db_1\bin;C:\Program Files\Common Files\Oracle\Java\javapath;C:\WINDOWS\system32;C:\WINDOWS;C:\WINDOWS\System32\Wbem;C:\WINDOWS\System32\WindowsPowerShell\v1.0\;C:\WINDOWS\System32\OpenSSH\;C:\MinGW\bin;C:\Program Files\Java\jdk-20\bin;C:\Program Files (x86)\dotnet\;C:\Program Files\HP\HP One Agent;C:\Program Files\Microsoft SQL Server\150\Tools\Binn\;C:\WINDOWS\system32;C:\WINDOWS;C:\WINDOWS\System32\Wbem;C:\WINDOWS\System32\WindowsPowerShell\v1.0\;C:\WINDOWS\System32\OpenSSH\;C:\Android\platform-tools;C:\Users\Aditya Raj\AppData\Local\Android\Sdk\platform-tools;C:\Program Files\nodejs\;C:\Program Files\MySQL\MySQL Server 8.0\bin;E:\Download\apache-maven-3.9.11\bin;C:\Program Files\MySQL\MySQL Shell 8.0\bin\;C:\Users\Aditya Raj\AppData\Local\Microsoft\WindowsApps;C:\Users\Aditya Raj\AppData\Local\Programs\Microsoft VS Code\bin;C:\MinGW\bin;C:\Users\Aditya Raj\AppData\Roaming\npm;C:\Program Files\Java\jdk-20\bin;;C:\WINDOWS\system32;
USERNAME=Aditya Raj
OS=Windows_NT
PROCESSOR_IDENTIFIER=Intel64 Family 6 Model 140 Stepping 2, GenuineIntel
TMP=C:\Users\ADITYA~1\AppData\Local\Temp
TEMP=C:\Users\ADITYA~1\AppData\Local\Temp




---------------  S Y S T E M  ---------------

OS:
 Windows 11 , 64 bit Build 26100 (10.0.26100.7705)
OS uptime: 0 days 4:07 hours
Hyper-V role detected

CPU: total 8 (initial active 8) (4 cores per cpu, 2 threads per core) family 6 model 140 stepping 2 microcode 0x2c, cx8, cmov, fxsr, ht, mmx, 3dnowpref, sse, sse2, sse3, ssse3, sse4.1, sse4.2, popcnt, lzcnt, tsc, tscinvbit, avx, avx2, aes, erms, clmul, bmi1, bmi2, adx, avx512f, avx512dq, avx512cd, avx512bw, avx512vl, sha, fma, vzeroupper, avx512_vpopcntdq, avx512_vpclmulqdq, avx512_vaes, avx512_vnni, clflush, clflushopt, clwb, avx512_vbmi2, avx512_vbmi, hv, rdtscp, rdpid, fsrm, gfni, avx512_bitalg, f16c, cet_ibt, cet_ss, avx512_ifma

Memory: 4k page, system-wide physical 7941M (932M free)
TotalPageFile size 16778M (AvailPageFile size 1M)
current process WorkingSet (physical memory assigned to process): 189M, peak: 327M
current process commit charge ("private bytes"): 382M, peak: 404M

vm_info: Java HotSpot(TM) 64-Bit Server VM (20.0.2+9-78) for windows-amd64 JRE (20.0.2+9-78), built on 2023-06-14T10:08:48Z by "mach5one" with MS VC++ 17.1 (VS2022)

END.
