#
# There is insufficient memory for the Java Runtime Environment to continue.
# Native memory allocation (malloc) failed to allocate 1829616 bytes for Chunk::new
# Possible reasons:
#   The system is out of physical RAM or swap space
#   The process is running with CompressedOops enabled, and the Java Heap may be blocking the growth of the native heap
# Possible solutions:
#   Reduce memory load on the system
#   Increase physical memory or swap space
#   Check if swap backing store is full
#   Decrease Java heap size (-Xmx/-Xms)
#   Decrease number of Java threads
#   Decrease Java thread stack sizes (-Xss)
#   Set larger code cache with -XX:ReservedCodeCacheSize=
#   JVM is running with Unscaled Compressed Oops mode in which the Java heap is
#     placed in the first 4GB address space. The Java Heap base address is the
#     maximum limit for the native heap growth. Please use -XX:HeapBaseMinAddress
#     to set the Java Heap base and to place the Java Heap above 4GB virtual address.
# This output file may be truncated or incomplete.
#
#  Out of Memory Error (arena.cpp:184), pid=4444, tid=12888
#
# JRE version: Java(TM) SE Runtime Environment (20.0.2+9) (build 20.0.2+9-78)
# Java VM: Java HotSpot(TM) 64-Bit Server VM (20.0.2+9-78, mixed mode, sharing, tiered, compressed oops, compressed class ptrs, g1 gc, windows-amd64)
# No core dump will be written. Minidumps are not enabled by default on client versions of Windows
#

---------------  S U M M A R Y ------------

Command Line: -Dfile.encoding=UTF-8 -Dstdout.encoding=UTF-8 -Dstderr.encoding=UTF-8 -XX:+ShowCodeDetailsInExceptionMessages com.codecodence.admin_panel_backend.AdminPanelBackendApplication

Host: 11th Gen Intel(R) Core(TM) i5-1155G7 @ 2.50GHz, 8 cores, 7G,  Windows 11 , 64 bit Build 26100 (10.0.26100.8115)
Time: Wed Apr  8 15:45:43 2026 India Standard Time elapsed time: 5.551822 seconds (0d 0h 0m 5s)

---------------  T H R E A D  ---------------

Current thread (0x000002b07f0b51b0):  JavaThread "C2 CompilerThread0" daemon [_thread_in_native, id=12888, stack(0x000000ea9b600000,0x000000ea9b700000)]


Current CompileTask:
C2:   5551 6899   !   4       org.springframework.util.ReflectionUtils::doWithMethods (189 bytes)

Stack: [0x000000ea9b600000,0x000000ea9b700000]
Native frames: (J=compiled Java code, j=interpreted, Vv=VM code, C=native code)
V  [jvm.dll+0x6bc25a]
V  [jvm.dll+0x84971a]
V  [jvm.dll+0x84b315]
V  [jvm.dll+0x84ba13]
V  [jvm.dll+0x280e4f]
V  [jvm.dll+0xc2ab1]
V  [jvm.dll+0xc2dd5]
V  [jvm.dll+0x3bb612]
V  [jvm.dll+0x385b75]
V  [jvm.dll+0x384fea]
V  [jvm.dll+0x24b529]
V  [jvm.dll+0x24a921]
V  [jvm.dll+0x1ce761]
V  [jvm.dll+0x25a0eb]
V  [jvm.dll+0x2587c0]
V  [jvm.dll+0x3f2dd5]
V  [jvm.dll+0x7f5c76]
V  [jvm.dll+0x6baecb]
C  [ucrtbase.dll+0x37b0]
C  [KERNEL32.DLL+0x2e8d7]
C  [ntdll.dll+0x8c3fc]


---------------  P R O C E S S  ---------------

Threads class SMR info:
_java_thread_list=0x000002b04d963cc0, length=21, elements={
0x000002b06464d220, 0x000002b07f0a4fc0, 0x000002b07f0a7c10, 0x000002b07f0b1060,
0x000002b07f0b05c0, 0x000002b07f0b0b10, 0x000002b07f0af5d0, 0x000002b07f0b51b0,
0x000002b07f0c8cf0, 0x000002b07f0afb20, 0x000002b07f0b0070, 0x000002b07f0aeb30,
0x000002b049e8a5a0, 0x000002b049e8bae0, 0x000002b049e8aaf0, 0x000002b049e89060,
0x000002b049e8b040, 0x000002b049e8c580, 0x000002b049e895b0, 0x000002b04b5afd80,
0x000002b04a4d2ab0
}

Java Threads: ( => current thread )
  0x000002b06464d220 JavaThread "main" [_thread_blocked, id=19192, stack(0x000000ea9a900000,0x000000ea9aa00000)]
  0x000002b07f0a4fc0 JavaThread "Reference Handler" daemon [_thread_blocked, id=7296, stack(0x000000ea9b000000,0x000000ea9b100000)]
  0x000002b07f0a7c10 JavaThread "Finalizer" daemon [_thread_blocked, id=4032, stack(0x000000ea9b100000,0x000000ea9b200000)]
  0x000002b07f0b1060 JavaThread "Signal Dispatcher" daemon [_thread_blocked, id=16860, stack(0x000000ea9b200000,0x000000ea9b300000)]
  0x000002b07f0b05c0 JavaThread "Attach Listener" daemon [_thread_blocked, id=3908, stack(0x000000ea9b300000,0x000000ea9b400000)]
  0x000002b07f0b0b10 JavaThread "Service Thread" daemon [_thread_blocked, id=2972, stack(0x000000ea9b400000,0x000000ea9b500000)]
  0x000002b07f0af5d0 JavaThread "Monitor Deflation Thread" daemon [_thread_blocked, id=13832, stack(0x000000ea9b500000,0x000000ea9b600000)]
=>0x000002b07f0b51b0 JavaThread "C2 CompilerThread0" daemon [_thread_in_native, id=12888, stack(0x000000ea9b600000,0x000000ea9b700000)]
  0x000002b07f0c8cf0 JavaThread "C1 CompilerThread0" daemon [_thread_blocked, id=2176, stack(0x000000ea9b700000,0x000000ea9b800000)]
  0x000002b07f0afb20 JavaThread "Notification Thread" daemon [_thread_blocked, id=17728, stack(0x000000ea9b800000,0x000000ea9b900000)]
  0x000002b07f0b0070 JavaThread "Common-Cleaner" daemon [_thread_blocked, id=10112, stack(0x000000ea9ba00000,0x000000ea9bb00000)]
  0x000002b07f0aeb30 JavaThread "Thread-0" [_thread_blocked, id=1896, stack(0x000000ea9bc00000,0x000000ea9bd00000)]
  0x000002b049e8a5a0 JavaThread "restartedMain" [_thread_in_vm, id=9496, stack(0x000000ea9bd00000,0x000000ea9be00000)]
  0x000002b049e8bae0 JavaThread "Catalina-utility-1" [_thread_blocked, id=19592, stack(0x000000ea9c700000,0x000000ea9c800000)]
  0x000002b049e8aaf0 JavaThread "Catalina-utility-2" [_thread_blocked, id=14904, stack(0x000000ea9c800000,0x000000ea9c900000)]
  0x000002b049e89060 JavaThread "container-0" [_thread_blocked, id=20252, stack(0x000000ea9c900000,0x000000ea9ca00000)]
  0x000002b049e8b040 JavaThread "mysql-cj-abandoned-connection-cleanup" daemon [_thread_blocked, id=18040, stack(0x000000ea9ca00000,0x000000ea9cb00000)]
  0x000002b049e8c580 JavaThread "HikariPool-1:housekeeper" daemon [_thread_blocked, id=11288, stack(0x000000ea9cc00000,0x000000ea9cd00000)]
  0x000002b049e895b0 JavaThread "HikariPool-1:connection-adder" daemon [_thread_blocked, id=8336, stack(0x000000ea9cd00000,0x000000ea9ce00000)]
  0x000002b04b5afd80 JavaThread "C2 CompilerThread1" daemon [_thread_in_native, id=12052, stack(0x000000ea9bb00000,0x000000ea9bc00000)]
  0x000002b04a4d2ab0 JavaThread "C2 CompilerThread2" daemon [_thread_blocked, id=13028, stack(0x000000ea9c600000,0x000000ea9c700000)]

Other Threads:
  0x000002b07f085060 VMThread "VM Thread" [stack: 0x000000ea9af00000,0x000000ea9b000000] [id=4108]
  0x000002b049249700 WatcherThread "VM Periodic Task Thread" [stack: 0x000000ea9b900000,0x000000ea9ba00000] [id=18288]
  0x000002b0646ad200 WorkerThread "GC Thread#0" [stack: 0x000000ea9aa00000,0x000000ea9ab00000] [id=14728]
  0x000002b07f085ba0 WorkerThread "GC Thread#1" [stack: 0x000000ea9be00000,0x000000ea9bf00000] [id=932]
  0x000002b07f084ac0 WorkerThread "GC Thread#2" [stack: 0x000000ea9bf00000,0x000000ea9c000000] [id=18648]
  0x000002b07f085330 WorkerThread "GC Thread#3" [stack: 0x000000ea9c000000,0x000000ea9c100000] [id=7444]
  0x000002b07f0858d0 WorkerThread "GC Thread#4" [stack: 0x000000ea9c100000,0x000000ea9c200000] [id=11260]
  0x000002b07f085e70 WorkerThread "GC Thread#5" [stack: 0x000000ea9c200000,0x000000ea9c300000] [id=4800]
  0x000002b04a3e39d0 WorkerThread "GC Thread#6" [stack: 0x000000ea9c400000,0x000000ea9c500000] [id=572]
  0x000002b04a3e3160 WorkerThread "GC Thread#7" [stack: 0x000000ea9c500000,0x000000ea9c600000] [id=19244]
  0x000002b0646bd9d0 ConcurrentGCThread "G1 Main Marker" [stack: 0x000000ea9ab00000,0x000000ea9ac00000] [id=18132]
  0x000002b0646bf270 WorkerThread "G1 Conc#0" [stack: 0x000000ea9ac00000,0x000000ea9ad00000] [id=20412]
  0x000002b04a3e3430 WorkerThread "G1 Conc#1" [stack: 0x000000ea9c300000,0x000000ea9c400000] [id=3820]
  0x000002b07ef3a170 ConcurrentGCThread "G1 Refine#0" [stack: 0x000000ea9ad00000,0x000000ea9ae00000] [id=16516]
  0x000002b07ef3a8c0 ConcurrentGCThread "G1 Service" [stack: 0x000000ea9ae00000,0x000000ea9af00000] [id=17644]

Threads with active compile tasks:
C2 CompilerThread0     5575 6899   !   4       org.springframework.util.ReflectionUtils::doWithMethods (189 bytes)
C2 CompilerThread1     5575 6970 % !   4       org.springframework.beans.factory.support.DefaultListableBeanFactory::doGetBeanNamesForType @ 20 (527 bytes)

VM state: not at safepoint (normal execution)

VM Mutex/Monitor currently owned by a thread: None

Heap address: 0x0000000083e00000, size: 1986 MB, Compressed Oops mode: 32-bit

CDS archive(s) mapped at: [0x000002b004000000-0x000002b004c60000-0x000002b004c60000), size 12976128, SharedBaseAddress: 0x000002b004000000, ArchiveRelocationMode: 1.
Compressed class space mapped at: 0x000002b005000000-0x000002b045000000, reserved size: 1073741824
Narrow klass base: 0x000002b004000000, Narrow klass shift: 0, Narrow klass range: 0x100000000

GC Precious Log:
 CardTable entry size: 512
 Card Set container configuration: InlinePtr #cards 5 size 8 Array Of Cards #cards 12 size 40 Howl #buckets 4 coarsen threshold 1843 Howl Bitmap #cards 512 size 80 coarsen threshold 460 Card regions per heap region 1 cards per card region 2048
 CPUs: 8 total, 8 available
 Memory: 7941M
 Large Page Support: Disabled
 NUMA Support: Disabled
 Compressed Oops: Enabled (32-bit)
 Heap Region Size: 1M
 Heap Min Capacity: 8M
 Heap Initial Capacity: 126M
 Heap Max Capacity: 1986M
 Pre-touch: Disabled
 Parallel Workers: 8
 Concurrent Workers: 2
 Concurrent Refinement Workers: 8
 Periodic GC: Disabled

Heap:
 garbage-first heap   total 55296K, used 47082K [0x0000000083e00000, 0x0000000100000000)
  region size 1024K, 20 young (20480K), 3 survivors (3072K)
 Metaspace       used 72803K, committed 73472K, reserved 1114112K
  class space    used 9632K, committed 9920K, reserved 1048576K

Heap Regions: E=young(eden), S=young(survivor), O=old, HS=humongous(starts), HC=humongous(continues), CS=collection set, F=free, OA=open archive, CA=closed archive, TAMS=top-at-mark-start, PB=parsable bottom
|   0|0x0000000083e00000, 0x0000000083f00000, 0x0000000083f00000|100%|HS|  |TAMS 0x0000000083e00000| PB 0x0000000083e00000| Complete 
|   1|0x0000000083f00000, 0x0000000084000000, 0x0000000084000000|100%|HS|  |TAMS 0x0000000083f00000| PB 0x0000000083f00000| Complete 
|   2|0x0000000084000000, 0x0000000084100000, 0x0000000084100000|100%| O|  |TAMS 0x0000000084000000| PB 0x0000000084000000| Untracked 
|   3|0x0000000084100000, 0x0000000084200000, 0x0000000084200000|100%| O|  |TAMS 0x0000000084100000| PB 0x0000000084100000| Untracked 
|   4|0x0000000084200000, 0x0000000084300000, 0x0000000084300000|100%| O|  |TAMS 0x0000000084200000| PB 0x0000000084200000| Untracked 
|   5|0x0000000084300000, 0x0000000084400000, 0x0000000084400000|100%| O|  |TAMS 0x0000000084300000| PB 0x0000000084300000| Untracked 
|   6|0x0000000084400000, 0x0000000084500000, 0x0000000084500000|100%| O|  |TAMS 0x0000000084400000| PB 0x0000000084400000| Untracked 
|   7|0x0000000084500000, 0x0000000084600000, 0x0000000084600000|100%| O|  |TAMS 0x0000000084500000| PB 0x0000000084500000| Untracked 
|   8|0x0000000084600000, 0x0000000084700000, 0x0000000084700000|100%| O|  |TAMS 0x0000000084600000| PB 0x0000000084600000| Untracked 
|   9|0x0000000084700000, 0x0000000084800000, 0x0000000084800000|100%| O|  |TAMS 0x0000000084700000| PB 0x0000000084700000| Untracked 
|  10|0x0000000084800000, 0x0000000084900000, 0x0000000084900000|100%| O|  |TAMS 0x0000000084800000| PB 0x0000000084800000| Untracked 
|  11|0x0000000084900000, 0x0000000084a00000, 0x0000000084a00000|100%| O|  |TAMS 0x0000000084900000| PB 0x0000000084900000| Untracked 
|  12|0x0000000084a00000, 0x0000000084b00000, 0x0000000084b00000|100%| O|  |TAMS 0x0000000084a00000| PB 0x0000000084a00000| Untracked 
|  13|0x0000000084b00000, 0x0000000084c00000, 0x0000000084c00000|100%| O|  |TAMS 0x0000000084b00000| PB 0x0000000084b00000| Untracked 
|  14|0x0000000084c00000, 0x0000000084d00000, 0x0000000084d00000|100%| O|  |TAMS 0x0000000084c00000| PB 0x0000000084c00000| Complete 
|  15|0x0000000084d00000, 0x0000000084e00000, 0x0000000084e00000|100%| O|  |TAMS 0x0000000084d00000| PB 0x0000000084d00000| Untracked 
|  16|0x0000000084e00000, 0x0000000084efa800, 0x0000000084f00000| 97%| O|  |TAMS 0x0000000084e00000| PB 0x0000000084e00000| Untracked 
|  17|0x0000000084f00000, 0x0000000085000000, 0x0000000085000000|100%| O|  |TAMS 0x0000000084f00000| PB 0x0000000084f00000| Untracked 
|  18|0x0000000085000000, 0x0000000085100000, 0x0000000085100000|100%| O|  |TAMS 0x0000000085000000| PB 0x0000000085000000| Untracked 
|  19|0x0000000085100000, 0x0000000085200000, 0x0000000085200000|100%| O|  |TAMS 0x0000000085100000| PB 0x0000000085100000| Untracked 
|  20|0x0000000085200000, 0x0000000085300000, 0x0000000085300000|100%| O|  |TAMS 0x0000000085200000| PB 0x0000000085200000| Untracked 
|  21|0x0000000085300000, 0x0000000085400000, 0x0000000085400000|100%| O|  |TAMS 0x0000000085300000| PB 0x0000000085300000| Untracked 
|  22|0x0000000085400000, 0x0000000085500000, 0x0000000085500000|100%| O|  |TAMS 0x0000000085400000| PB 0x0000000085400000| Untracked 
|  23|0x0000000085500000, 0x0000000085600000, 0x0000000085600000|100%| O|  |TAMS 0x0000000085500000| PB 0x0000000085500000| Untracked 
|  24|0x0000000085600000, 0x0000000085700000, 0x0000000085700000|100%| O|  |TAMS 0x0000000085600000| PB 0x0000000085600000| Untracked 
|  25|0x0000000085700000, 0x0000000085800000, 0x0000000085800000|100%| O|  |TAMS 0x0000000085700000| PB 0x0000000085700000| Untracked 
|  26|0x0000000085800000, 0x0000000085900000, 0x0000000085900000|100%| O|  |TAMS 0x0000000085800000| PB 0x0000000085800000| Untracked 
|  27|0x0000000085900000, 0x0000000085900000, 0x0000000085a00000|  0%| F|  |TAMS 0x0000000085900000| PB 0x0000000085900000| Untracked 
|  28|0x0000000085a00000, 0x0000000085a00000, 0x0000000085b00000|  0%| F|  |TAMS 0x0000000085a00000| PB 0x0000000085a00000| Untracked 
|  29|0x0000000085b00000, 0x0000000085b00000, 0x0000000085c00000|  0%| F|  |TAMS 0x0000000085b00000| PB 0x0000000085b00000| Untracked 
|  30|0x0000000085c00000, 0x0000000085d00000, 0x0000000085d00000|100%| S|CS|TAMS 0x0000000085c00000| PB 0x0000000085c00000| Complete 
|  31|0x0000000085d00000, 0x0000000085e00000, 0x0000000085e00000|100%| S|CS|TAMS 0x0000000085d00000| PB 0x0000000085d00000| Complete 
|  32|0x0000000085e00000, 0x0000000085e00000, 0x0000000085f00000|  0%| F|  |TAMS 0x0000000085e00000| PB 0x0000000085e00000| Untracked 
|  33|0x0000000085f00000, 0x0000000085f00000, 0x0000000086000000|  0%| F|  |TAMS 0x0000000085f00000| PB 0x0000000085f00000| Untracked 
|  34|0x0000000086000000, 0x0000000086000000, 0x0000000086100000|  0%| F|  |TAMS 0x0000000086000000| PB 0x0000000086000000| Untracked 
|  35|0x0000000086100000, 0x0000000086200000, 0x0000000086200000|100%| S|CS|TAMS 0x0000000086100000| PB 0x0000000086100000| Complete 
|  36|0x0000000086200000, 0x0000000086200000, 0x0000000086300000|  0%| F|  |TAMS 0x0000000086200000| PB 0x0000000086200000| Untracked 
|  37|0x0000000086300000, 0x0000000086359c38, 0x0000000086400000| 35%| E|  |TAMS 0x0000000086300000| PB 0x0000000086300000| Complete 
|  38|0x0000000086400000, 0x0000000086500000, 0x0000000086500000|100%| E|CS|TAMS 0x0000000086400000| PB 0x0000000086400000| Complete 
|  39|0x0000000086500000, 0x0000000086600000, 0x0000000086600000|100%| E|CS|TAMS 0x0000000086500000| PB 0x0000000086500000| Complete 
|  40|0x0000000086600000, 0x0000000086700000, 0x0000000086700000|100%| E|CS|TAMS 0x0000000086600000| PB 0x0000000086600000| Complete 
|  41|0x0000000086700000, 0x0000000086800000, 0x0000000086800000|100%| E|CS|TAMS 0x0000000086700000| PB 0x0000000086700000| Complete 
|  42|0x0000000086800000, 0x0000000086900000, 0x0000000086900000|100%| E|CS|TAMS 0x0000000086800000| PB 0x0000000086800000| Complete 
|  43|0x0000000086900000, 0x0000000086a00000, 0x0000000086a00000|100%| E|CS|TAMS 0x0000000086900000| PB 0x0000000086900000| Complete 
|  44|0x0000000086a00000, 0x0000000086b00000, 0x0000000086b00000|100%| E|CS|TAMS 0x0000000086a00000| PB 0x0000000086a00000| Complete 
|  45|0x0000000086b00000, 0x0000000086c00000, 0x0000000086c00000|100%| E|CS|TAMS 0x0000000086b00000| PB 0x0000000086b00000| Complete 
|  68|0x0000000088200000, 0x0000000088300000, 0x0000000088300000|100%| E|CS|TAMS 0x0000000088200000| PB 0x0000000088200000| Complete 
|  69|0x0000000088300000, 0x0000000088400000, 0x0000000088400000|100%| E|CS|TAMS 0x0000000088300000| PB 0x0000000088300000| Complete 
|  70|0x0000000088400000, 0x0000000088500000, 0x0000000088500000|100%| E|CS|TAMS 0x0000000088400000| PB 0x0000000088400000| Complete 
|  71|0x0000000088500000, 0x0000000088600000, 0x0000000088600000|100%| E|CS|TAMS 0x0000000088500000| PB 0x0000000088500000| Complete 
|  72|0x0000000088600000, 0x0000000088700000, 0x0000000088700000|100%| E|CS|TAMS 0x0000000088600000| PB 0x0000000088600000| Complete 
|  73|0x0000000088700000, 0x0000000088800000, 0x0000000088800000|100%| E|CS|TAMS 0x0000000088700000| PB 0x0000000088700000| Complete 
|  74|0x0000000088800000, 0x0000000088900000, 0x0000000088900000|100%| E|CS|TAMS 0x0000000088800000| PB 0x0000000088800000| Complete 
| 125|0x000000008bb00000, 0x000000008bc00000, 0x000000008bc00000|100%| E|CS|TAMS 0x000000008bb00000| PB 0x000000008bb00000| Complete 

Card table byte_map: [0x000002b07ddf0000,0x000002b07e1e0000] _byte_map_base: 0x000002b07d9d1000

Marking Bits: (CMBitMap*) 0x000002b0646ad830
 Bits: [0x000002b000000000, 0x000002b001f08000)

Polling page: 0x000002b064700000

Metaspace:

Usage:
  Non-class:     61.70 MB used.
      Class:      9.41 MB used.
       Both:     71.11 MB used.

Virtual space:
  Non-class space:       64.00 MB reserved,      62.06 MB ( 97%) committed,  1 nodes.
      Class space:        1.00 GB reserved,       9.69 MB ( <1%) committed,  1 nodes.
             Both:        1.06 GB reserved,      71.75 MB (  7%) committed. 

Chunk freelists:
   Non-Class:  1.84 MB
       Class:  2.33 MB
        Both:  4.17 MB

MaxMetaspaceSize: unlimited
CompressedClassSpaceSize: 1.00 GB
Initial GC threshold: 21.00 MB
Current GC threshold: 118.44 MB
CDS: on
MetaspaceReclaimPolicy: balanced
 - commit_granule_bytes: 65536.
 - commit_granule_words: 8192.
 - virtual_space_node_default_size: 8388608.
 - enlarge_chunks_in_place: 1.
 - new_chunks_are_fully_committed: 0.
 - uncommit_free_chunks: 1.
 - use_allocation_guard: 0.


Internal statistics:

num_allocs_failed_limit: 12.
num_arena_births: 916.
num_arena_deaths: 0.
num_vsnodes_births: 2.
num_vsnodes_deaths: 0.
num_space_committed: 1148.
num_space_uncommitted: 0.
num_chunks_returned_to_freelist: 12.
num_chunks_taken_from_freelist: 3501.
num_chunk_merges: 12.
num_chunk_splits: 2511.
num_chunks_enlarged: 1971.
num_inconsistent_stats: 0.

CodeHeap 'non-profiled nmethods': size=120000Kb used=3689Kb max_used=3689Kb free=116310Kb
 bounds [0x000002b075a60000, 0x000002b075e00000, 0x000002b07cf90000]
CodeHeap 'profiled nmethods': size=120000Kb used=11743Kb max_used=11743Kb free=108257Kb
 bounds [0x000002b06df90000, 0x000002b06eb10000, 0x000002b0754c0000]
CodeHeap 'non-nmethods': size=5760Kb used=1947Kb max_used=1975Kb free=3812Kb
 bounds [0x000002b0754c0000, 0x000002b075730000, 0x000002b075a60000]
 total_blobs=6839 nmethods=6108 adapters=640
 compilation: enabled
              stopped_count=0, restarted_count=0
 full_count=0

Compilation events (20 events):
Event: 5.546 Thread 0x000002b07f0c8cf0 nmethod 7014 0x000002b06eaec310 code [0x000002b06eaec500, 0x000002b06eaeca90]
Event: 5.546 Thread 0x000002b07f0c8cf0 7015       3       org.springframework.boot.support.SystemEnvironmentPropertySourceEnvironmentPostProcessor$OriginAwareSystemEnvironmentPropertySource::isImmutable (16 bytes)
Event: 5.547 Thread 0x000002b07f0c8cf0 nmethod 7015 0x000002b06eaecc90 code [0x000002b06eaece20, 0x000002b06eaed050]
Event: 5.547 Thread 0x000002b07f0c8cf0 7016       3       org.springframework.boot.context.properties.bind.Bindable::of (29 bytes)
Event: 5.547 Thread 0x000002b07f0c8cf0 nmethod 7016 0x000002b06eaed110 code [0x000002b06eaed2e0, 0x000002b06eaed630]
Event: 5.547 Thread 0x000002b07f0c8cf0 7019       3       org.springframework.boot.context.properties.source.SpringIterableConfigurationPropertySource::getConfigurationPropertyNames (53 bytes)
Event: 5.548 Thread 0x000002b07f0c8cf0 nmethod 7019 0x000002b06eaed790 code [0x000002b06eaedb40, 0x000002b06eaef698]
Event: 5.548 Thread 0x000002b07f0c8cf0 7020       3       org.springframework.boot.context.properties.bind.Binder$Context::getConverter (8 bytes)
Event: 5.548 Thread 0x000002b07f0c8cf0 nmethod 7020 0x000002b06e747910 code [0x000002b06e747aa0, 0x000002b06e747bb8]
Event: 5.548 Thread 0x000002b07f0c8cf0 7017       3       org.springframework.boot.context.properties.source.ConfigurationPropertyName::append (30 bytes)
Event: 5.549 Thread 0x000002b07f0c8cf0 nmethod 7017 0x000002b06eaefe90 code [0x000002b06eaf00c0, 0x000002b06eaf0aa8]
Event: 5.549 Thread 0x000002b07f0c8cf0 7018       3       org.springframework.boot.context.properties.source.ConfigurationPropertyName::probablySingleElementOf (7 bytes)
Event: 5.549 Thread 0x000002b07f0c8cf0 nmethod 7018 0x000002b06e812190 code [0x000002b06e812320, 0x000002b06e812440]
Event: 5.549 Thread 0x000002b07f0c8cf0 7021       3       org.springframework.boot.context.properties.bind.BindConverter::convert (25 bytes)
Event: 5.549 Thread 0x000002b07f0c8cf0 nmethod 7021 0x000002b06eaf0d90 code [0x000002b06eaf0f60, 0x000002b06eaf1378]
Event: 5.549 Thread 0x000002b07f0c8cf0 7023       3       org.springframework.boot.context.properties.bind.BindConverter::convert (14 bytes)
Event: 5.549 Thread 0x000002b07f0c8cf0 nmethod 7023 0x000002b06e3df610 code [0x000002b06e3df7a0, 0x000002b06e3df918]
Event: 5.549 Thread 0x000002b07f0c8cf0 7024       3       java.lang.Class::copyFields (36 bytes)
Event: 5.550 Thread 0x000002b07f0c8cf0 nmethod 7024 0x000002b06eaf1590 code [0x000002b06eaf17e0, 0x000002b06eaf2250]
Event: 5.550 Thread 0x000002b07f0c8cf0 7025   !   3       org.springframework.beans.factory.annotation.AutowiredAnnotationBeanPostProcessor::findAutowiringMetadata (124 bytes)

GC Heap History (20 events):
Event: 2.749 GC heap before
{Heap before GC invocations=5 (full 0):
 garbage-first heap   total 55296K, used 42537K [0x0000000083e00000, 0x0000000100000000)
  region size 1024K, 28 young (28672K), 3 survivors (3072K)
 Metaspace       used 30122K, committed 30656K, reserved 1114112K
  class space    used 3773K, committed 3968K, reserved 1048576K
}
Event: 2.752 GC heap after
{Heap after GC invocations=6 (full 0):
 garbage-first heap   total 55296K, used 19943K [0x0000000083e00000, 0x0000000100000000)
  region size 1024K, 4 young (4096K), 4 survivors (4096K)
 Metaspace       used 30122K, committed 30656K, reserved 1114112K
  class space    used 3773K, committed 3968K, reserved 1048576K
}
Event: 3.146 GC heap before
{Heap before GC invocations=6 (full 0):
 garbage-first heap   total 55296K, used 43495K [0x0000000083e00000, 0x0000000100000000)
  region size 1024K, 28 young (28672K), 4 survivors (4096K)
 Metaspace       used 34905K, committed 35520K, reserved 1114112K
  class space    used 4434K, committed 4736K, reserved 1048576K
}
Event: 3.150 GC heap after
{Heap after GC invocations=7 (full 0):
 garbage-first heap   total 55296K, used 22067K [0x0000000083e00000, 0x0000000100000000)
  region size 1024K, 2 young (2048K), 2 survivors (2048K)
 Metaspace       used 34905K, committed 35520K, reserved 1114112K
  class space    used 4434K, committed 4736K, reserved 1048576K
}
Event: 3.175 GC heap before
{Heap before GC invocations=7 (full 0):
 garbage-first heap   total 55296K, used 23091K [0x0000000083e00000, 0x0000000100000000)
  region size 1024K, 4 young (4096K), 2 survivors (2048K)
 Metaspace       used 35373K, committed 35968K, reserved 1114112K
  class space    used 4547K, committed 4864K, reserved 1048576K
}
Event: 3.177 GC heap after
{Heap after GC invocations=8 (full 0):
 garbage-first heap   total 55296K, used 21957K [0x0000000083e00000, 0x0000000100000000)
  region size 1024K, 2 young (2048K), 2 survivors (2048K)
 Metaspace       used 35373K, committed 35968K, reserved 1114112K
  class space    used 4547K, committed 4864K, reserved 1048576K
}
Event: 3.563 GC heap before
{Heap before GC invocations=9 (full 0):
 garbage-first heap   total 55296K, used 47557K [0x0000000083e00000, 0x0000000100000000)
  region size 1024K, 27 young (27648K), 2 survivors (2048K)
 Metaspace       used 41213K, committed 41856K, reserved 1114112K
  class space    used 5602K, committed 5888K, reserved 1048576K
}
Event: 3.565 GC heap after
{Heap after GC invocations=10 (full 0):
 garbage-first heap   total 55296K, used 24088K [0x0000000083e00000, 0x0000000100000000)
  region size 1024K, 4 young (4096K), 4 survivors (4096K)
 Metaspace       used 41213K, committed 41856K, reserved 1114112K
  class space    used 5602K, committed 5888K, reserved 1048576K
}
Event: 4.164 GC heap before
{Heap before GC invocations=10 (full 0):
 garbage-first heap   total 55296K, used 45592K [0x0000000083e00000, 0x0000000100000000)
  region size 1024K, 26 young (26624K), 4 survivors (4096K)
 Metaspace       used 51525K, committed 52224K, reserved 1114112K
  class space    used 6805K, committed 7104K, reserved 1048576K
}
Event: 4.167 GC heap after
{Heap after GC invocations=11 (full 0):
 garbage-first heap   total 55296K, used 25698K [0x0000000083e00000, 0x0000000100000000)
  region size 1024K, 4 young (4096K), 4 survivors (4096K)
 Metaspace       used 51525K, committed 52224K, reserved 1114112K
  class space    used 6805K, committed 7104K, reserved 1048576K
}
Event: 4.376 GC heap before
{Heap before GC invocations=11 (full 0):
 garbage-first heap   total 55296K, used 45154K [0x0000000083e00000, 0x0000000100000000)
  region size 1024K, 24 young (24576K), 4 survivors (4096K)
 Metaspace       used 56122K, committed 56768K, reserved 1114112K
  class space    used 7284K, committed 7552K, reserved 1048576K
}
Event: 4.379 GC heap after
{Heap after GC invocations=12 (full 0):
 garbage-first heap   total 55296K, used 27289K [0x0000000083e00000, 0x0000000100000000)
  region size 1024K, 2 young (2048K), 2 survivors (2048K)
 Metaspace       used 56122K, committed 56768K, reserved 1114112K
  class space    used 7284K, committed 7552K, reserved 1048576K
}
Event: 4.507 GC heap before
{Heap before GC invocations=12 (full 0):
 garbage-first heap   total 55296K, used 37529K [0x0000000083e00000, 0x0000000100000000)
  region size 1024K, 14 young (14336K), 2 survivors (2048K)
 Metaspace       used 59622K, committed 60160K, reserved 1114112K
  class space    used 7684K, committed 7936K, reserved 1048576K
}
Event: 4.508 GC heap after
{Heap after GC invocations=13 (full 0):
 garbage-first heap   total 55296K, used 27610K [0x0000000083e00000, 0x0000000100000000)
  region size 1024K, 2 young (2048K), 2 survivors (2048K)
 Metaspace       used 59622K, committed 60160K, reserved 1114112K
  class space    used 7684K, committed 7936K, reserved 1048576K
}
Event: 4.785 GC heap before
{Heap before GC invocations=14 (full 0):
 garbage-first heap   total 55296K, used 48090K [0x0000000083e00000, 0x0000000100000000)
  region size 1024K, 22 young (22528K), 2 survivors (2048K)
 Metaspace       used 64304K, committed 64896K, reserved 1114112K
  class space    used 8516K, committed 8768K, reserved 1048576K
}
Event: 4.787 GC heap after
{Heap after GC invocations=15 (full 0):
 garbage-first heap   total 55296K, used 28355K [0x0000000083e00000, 0x0000000100000000)
  region size 1024K, 2 young (2048K), 2 survivors (2048K)
 Metaspace       used 64304K, committed 64896K, reserved 1114112K
  class space    used 8516K, committed 8768K, reserved 1048576K
}
Event: 5.102 GC heap before
{Heap before GC invocations=15 (full 0):
 garbage-first heap   total 55296K, used 47811K [0x0000000083e00000, 0x0000000100000000)
  region size 1024K, 21 young (21504K), 2 survivors (2048K)
 Metaspace       used 68763K, committed 69440K, reserved 1114112K
  class space    used 9113K, committed 9408K, reserved 1048576K
}
Event: 5.104 GC heap after
{Heap after GC invocations=16 (full 0):
 garbage-first heap   total 55296K, used 28885K [0x0000000083e00000, 0x0000000100000000)
  region size 1024K, 3 young (3072K), 3 survivors (3072K)
 Metaspace       used 68763K, committed 69440K, reserved 1114112K
  class space    used 9113K, committed 9408K, reserved 1048576K
}
Event: 5.345 GC heap before
{Heap before GC invocations=16 (full 0):
 garbage-first heap   total 55296K, used 47317K [0x0000000083e00000, 0x0000000100000000)
  region size 1024K, 21 young (21504K), 3 survivors (3072K)
 Metaspace       used 72035K, committed 72704K, reserved 1114112K
  class space    used 9514K, committed 9792K, reserved 1048576K
}
Event: 5.347 GC heap after
{Heap after GC invocations=17 (full 0):
 garbage-first heap   total 55296K, used 30698K [0x0000000083e00000, 0x0000000100000000)
  region size 1024K, 3 young (3072K), 3 survivors (3072K)
 Metaspace       used 72035K, committed 72704K, reserved 1114112K
  class space    used 9514K, committed 9792K, reserved 1048576K
}

Dll operation events (10 events):
Event: 0.006 Loaded shared library C:\Program Files\Java\jdk-20\bin\java.dll
Event: 0.020 Loaded shared library C:\Program Files\Java\jdk-20\bin\jsvml.dll
Event: 0.088 Loaded shared library C:\Program Files\Java\jdk-20\bin\net.dll
Event: 0.090 Loaded shared library C:\Program Files\Java\jdk-20\bin\nio.dll
Event: 0.092 Loaded shared library C:\Program Files\Java\jdk-20\bin\zip.dll
Event: 0.161 Loaded shared library C:\Program Files\Java\jdk-20\bin\jimage.dll
Event: 0.398 Loaded shared library C:\Program Files\Java\jdk-20\bin\management.dll
Event: 0.404 Loaded shared library C:\Program Files\Java\jdk-20\bin\management_ext.dll
Event: 1.022 Loaded shared library C:\Program Files\Java\jdk-20\bin\sunmscapi.dll
Event: 3.627 Loaded shared library C:\Program Files\Java\jdk-20\bin\extnet.dll

Deoptimization events (20 events):
Event: 5.269 Thread 0x000002b049e8a5a0 Uncommon trap: trap_request=0xffffff76 fr.pc=0x000002b075d96ca8 relative=0x0000000000000308
Event: 5.269 Thread 0x000002b049e8a5a0 Uncommon trap: reason=predicate action=maybe_recompile pc=0x000002b075d96ca8 method=java.util.Arrays$ArrayList.indexOf(Ljava/lang/Object;)I @ 39 c2
Event: 5.269 Thread 0x000002b049e8a5a0 DEOPT PACKING pc=0x000002b075d96ca8 sp=0x000000ea9bdfc4e0
Event: 5.269 Thread 0x000002b049e8a5a0 DEOPT UNPACKING pc=0x000002b0754dd2a2 sp=0x000000ea9bdfc468 mode 2
Event: 5.418 Thread 0x000002b049e8a5a0 Uncommon trap: trap_request=0xffffff45 fr.pc=0x000002b075cbb850 relative=0x0000000000004cd0
Event: 5.418 Thread 0x000002b049e8a5a0 Uncommon trap: reason=unstable_if action=reinterpret pc=0x000002b075cbb850 method=org.springframework.core.annotation.TypeMappedAnnotations.scan(Ljava/lang/Object;Lorg/springframework/core/annotation/AnnotationsProcessor;)Ljava/lang/Object; @ 4 c2
Event: 5.418 Thread 0x000002b049e8a5a0 DEOPT PACKING pc=0x000002b075cbb850 sp=0x000000ea9bdfe080
Event: 5.418 Thread 0x000002b049e8a5a0 DEOPT UNPACKING pc=0x000002b0754dd2a2 sp=0x000000ea9bdfe090 mode 2
Event: 5.470 Thread 0x000002b049e8a5a0 Uncommon trap: trap_request=0xfffffff4 fr.pc=0x000002b075be3090 relative=0x0000000000000090
Event: 5.470 Thread 0x000002b049e8a5a0 Uncommon trap: reason=null_check action=make_not_entrant pc=0x000002b075be3090 method=org.springframework.util.ClassUtils.isAssignable(Ljava/lang/Class;Ljava/lang/Class;)Z @ 14 c2
Event: 5.470 Thread 0x000002b049e8a5a0 DEOPT PACKING pc=0x000002b075be3090 sp=0x000000ea9bdfc590
Event: 5.470 Thread 0x000002b049e8a5a0 DEOPT UNPACKING pc=0x000002b0754dd2a2 sp=0x000000ea9bdfc530 mode 2
Event: 5.510 Thread 0x000002b049e8a5a0 Uncommon trap: trap_request=0xffffff76 fr.pc=0x000002b075d030ac relative=0x000000000000094c
Event: 5.510 Thread 0x000002b049e8a5a0 Uncommon trap: reason=predicate action=maybe_recompile pc=0x000002b075d030ac method=org.springframework.core.annotation.AnnotationsScanner.processClassInheritedAnnotations(Ljava/lang/Object;Ljava/lang/Class;Lorg/springframework/core/annotation/Annotations
Event: 5.510 Thread 0x000002b049e8a5a0 DEOPT PACKING pc=0x000002b075d030ac sp=0x000000ea9bdfb330
Event: 5.510 Thread 0x000002b049e8a5a0 DEOPT UNPACKING pc=0x000002b0754dd2a2 sp=0x000000ea9bdfb2d8 mode 2
Event: 5.512 Thread 0x000002b049e8a5a0 Uncommon trap: trap_request=0xffffff45 fr.pc=0x000002b075ca834c relative=0x000000000000040c
Event: 5.512 Thread 0x000002b049e8a5a0 Uncommon trap: reason=unstable_if action=reinterpret pc=0x000002b075ca834c method=org.springframework.core.annotation.AnnotationsScanner.processClassHierarchy(Ljava/lang/Object;[ILjava/lang/Class;Lorg/springframework/core/annotation/AnnotationsProcessor;Z
Event: 5.513 Thread 0x000002b049e8a5a0 DEOPT PACKING pc=0x000002b075ca834c sp=0x000000ea9bdfbb70
Event: 5.513 Thread 0x000002b049e8a5a0 DEOPT UNPACKING pc=0x000002b0754dd2a2 sp=0x000000ea9bdfbb58 mode 2

Classes loaded (20 events):
Event: 5.093 Loading class javax/naming/Reference
Event: 5.093 Loading class javax/naming/Reference done
Event: 5.125 Loading class java/lang/SafeVarargs
Event: 5.125 Loading class java/lang/SafeVarargs done
Event: 5.127 Loading class sun/reflect/generics/reflectiveObjects/GenericArrayTypeImpl
Event: 5.127 Loading class sun/reflect/generics/reflectiveObjects/GenericArrayTypeImpl done
Event: 5.225 Loading class java/util/WeakHashMap$KeyIterator
Event: 5.225 Loading class java/util/WeakHashMap$HashIterator
Event: 5.225 Loading class java/util/WeakHashMap$HashIterator done
Event: 5.225 Loading class java/util/WeakHashMap$KeyIterator done
Event: 5.225 Loading class java/util/WeakHashMap$EntrySet
Event: 5.226 Loading class java/util/WeakHashMap$EntrySet done
Event: 5.226 Loading class java/util/WeakHashMap$EntryIterator
Event: 5.226 Loading class java/util/WeakHashMap$EntryIterator done
Event: 5.248 Loading class java/lang/Package$1PackageInfoProxy
Event: 5.248 Loading class java/lang/Package$1PackageInfoProxy done
Event: 5.304 Loading class java/lang/invoke/WrongMethodTypeException
Event: 5.305 Loading class java/lang/invoke/WrongMethodTypeException done
Event: 5.459 Loading class java/util/regex/Pattern$Behind
Event: 5.459 Loading class java/util/regex/Pattern$Behind done

Classes unloaded (0 events):
No events

Classes redefined (0 events):
No events

Internal exceptions (20 events):
Event: 4.861 Thread 0x000002b049e8a5a0 Exception <a 'java/lang/NoSuchMethodError'{0x0000000088386378}: 'java.lang.Object java.lang.invoke.DirectMethodHandle$Holder.newInvokeSpecial(java.lang.Object, java.lang.Object, int, java.lang.Object)'> (0x0000000088386378) 
thrown [s\open\src\hotspot\share\interpreter\linkResolver.cpp, line 773]
Event: 4.872 Thread 0x000002b049e8a5a0 Exception <a 'java/lang/NoSuchMethodError'{0x00000000882518d0}: 'void java.lang.invoke.DirectMethodHandle$Holder.invokeSpecial(java.lang.Object, java.lang.Object, java.lang.Object, java.lang.Object, java.lang.Object, java.lang.Object, java.lang.Object, java.lang.Object)'> (0x00000000882518d0) 
thrown [s\open\src\hotspot\share\interpreter\linkResolver.cpp, line 773]
Event: 4.876 Thread 0x000002b049e8a5a0 Exception <a 'java/lang/NoSuchMethodError'{0x000000008828f4b0}: 'void java.lang.invoke.DirectMethodHandle$Holder.invokeSpecial(java.lang.Object, java.lang.Object, int, java.lang.Object)'> (0x000000008828f4b0) 
thrown [s\open\src\hotspot\share\interpreter\linkResolver.cpp, line 773]
Event: 4.894 Thread 0x000002b049e8a5a0 Exception <a 'java/lang/NoSuchMethodError'{0x0000000086be99a0}: 'int java.lang.invoke.DirectMethodHandle$Holder.invokeStatic(java.lang.Object, int, java.lang.Object)'> (0x0000000086be99a0) 
thrown [s\open\src\hotspot\share\interpreter\linkResolver.cpp, line 773]
Event: 4.897 Thread 0x000002b049e8a5a0 Exception <a 'java/lang/NoSuchMethodError'{0x0000000086a36f00}: 'java.lang.Object java.lang.invoke.Invokers$Holder.linkToTargetMethod(java.lang.Object, java.lang.Object, java.lang.Object, java.lang.Object, java.lang.Object, java.lang.Object, java.lang.Object, java.lang.Object, java.lang.Object, java.lang.Object, java.lang.Object, java.lang.Object)'> (0x0000000086a36f00) 
thrown [s\open\src\hotspot\share\interpreter\linkResolver.cpp, line 773]
Event: 4.922 Thread 0x000002b049e8a5a0 Exception <a 'java/lang/IncompatibleClassChangeError'{0x00000000869d8ad8}: Found class java.lang.Object, but interface was expected> (0x00000000869d8ad8) 
thrown [s\open\src\hotspot\share\interpreter\linkResolver.cpp, line 840]
Event: 4.941 Thread 0x000002b049e8a5a0 Exception <a 'java/lang/NoSuchMethodError'{0x0000000086735a28}: 'java.lang.Object java.lang.invoke.DirectMethodHandle$Holder.newInvokeSpecial(java.lang.Object, java.lang.Object, int, java.lang.Object, int, java.lang.Object, java.lang.Object)'> (0x0000000086735a28) 
thrown [s\open\src\hotspot\share\interpreter\linkResolver.cpp, line 773]
Event: 5.081 Thread 0x000002b049e8a5a0 Implicit null exception at 0x000002b075bd2362 to 0x000002b075bd2650
Event: 5.081 Thread 0x000002b049e8a5a0 Implicit null exception at 0x000002b075da17e2 to 0x000002b075da1ad0
Event: 5.113 Thread 0x000002b049e8a5a0 Exception <a 'java/lang/NoSuchMethodError'{0x000000008886a940}: 'void java.lang.invoke.Invokers$Holder.invokeExact_MT(java.lang.Object, java.lang.Object, java.lang.Object, java.lang.Object)'> (0x000000008886a940) 
thrown [s\open\src\hotspot\share\interpreter\linkResolver.cpp, line 773]
Event: 5.123 Thread 0x000002b049e8a5a0 Implicit null exception at 0x000002b075ac712f to 0x000002b075ac7308
Event: 5.138 Thread 0x000002b049e8a5a0 Implicit null exception at 0x000002b075af6cf2 to 0x000002b075af854c
Event: 5.144 Thread 0x000002b049e8a5a0 Exception <a 'java/lang/IncompatibleClassChangeError'{0x000000008850e800}: Found class java.lang.Object, but interface was expected> (0x000000008850e800) 
thrown [s\open\src\hotspot\share\interpreter\linkResolver.cpp, line 840]
Event: 5.172 Thread 0x000002b049e8a5a0 Exception <a 'java/lang/IncompatibleClassChangeError'{0x0000000088498188}: Found class java.lang.Object, but interface was expected> (0x0000000088498188) 
thrown [s\open\src\hotspot\share\interpreter\linkResolver.cpp, line 840]
Event: 5.316 Thread 0x000002b049e8a5a0 Exception <a 'java/lang/IncompatibleClassChangeError'{0x000000008640d8a0}: Found class java.lang.Object, but interface was expected> (0x000000008640d8a0) 
thrown [s\open\src\hotspot\share\interpreter\linkResolver.cpp, line 840]
Event: 5.430 Thread 0x000002b049e8a5a0 Exception <a 'java/io/FileNotFoundException'{0x00000000883649d0}> (0x00000000883649d0) 
thrown [s\open\src\hotspot\share\prims\jni.cpp, line 519]
Event: 5.430 Thread 0x000002b049e8a5a0 Exception <a 'java/io/FileNotFoundException'{0x000000008836efe0}> (0x000000008836efe0) 
thrown [s\open\src\hotspot\share\prims\jni.cpp, line 519]
Event: 5.430 Thread 0x000002b049e8a5a0 Exception <a 'java/io/FileNotFoundException'{0x00000000883797a8}> (0x00000000883797a8) 
thrown [s\open\src\hotspot\share\prims\jni.cpp, line 519]
Event: 5.431 Thread 0x000002b049e8a5a0 Exception <a 'java/io/FileNotFoundException'{0x0000000088383f08}> (0x0000000088383f08) 
thrown [s\open\src\hotspot\share\prims\jni.cpp, line 519]
Event: 5.522 Thread 0x000002b049e8a5a0 Exception <a 'java/lang/NoSuchMethodError'{0x00000000867f2a58}: 'java.lang.Object java.lang.invoke.DirectMethodHandle$Holder.newInvokeSpecial(java.lang.Object, java.lang.Object, java.lang.Object, java.lang.Object, java.lang.Object, java.lang.Object, java.lang.Object, java.lang.Object, java.lang.Object, java.lang.Object, java.lang.Object)'> (0x00000000867f2a58) 
thrown [s\open\src\hotspot\share\interpreter\linkResolver.cpp, line 773]

VM Operations (20 events):
Event: 4.744 Executing VM operation: ICBufferFull
Event: 4.744 Executing VM operation: ICBufferFull done
Event: 4.785 Executing VM operation: G1CollectForAllocation
Event: 4.787 Executing VM operation: G1CollectForAllocation done
Event: 4.990 Executing VM operation: HandshakeAllThreads
Event: 4.990 Executing VM operation: HandshakeAllThreads done
Event: 5.046 Executing VM operation: HandshakeAllThreads
Event: 5.046 Executing VM operation: HandshakeAllThreads done
Event: 5.102 Executing VM operation: G1CollectForAllocation
Event: 5.104 Executing VM operation: G1CollectForAllocation done
Event: 5.252 Executing VM operation: HandshakeAllThreads
Event: 5.252 Executing VM operation: HandshakeAllThreads done
Event: 5.253 Executing VM operation: HandshakeAllThreads
Event: 5.253 Executing VM operation: HandshakeAllThreads done
Event: 5.345 Executing VM operation: G1CollectForAllocation
Event: 5.347 Executing VM operation: G1CollectForAllocation done
Event: 5.365 Executing VM operation: G1PauseRemark
Event: 5.368 Executing VM operation: G1PauseRemark done
Event: 5.376 Executing VM operation: G1PauseCleanup
Event: 5.376 Executing VM operation: G1PauseCleanup done

Events (20 events):
Event: 5.368 Thread 0x000002b07f085060 flushing nmethod 0x000002b075c01f90
Event: 5.368 Thread 0x000002b07f085060 flushing nmethod 0x000002b075b7f710
Event: 5.368 Thread 0x000002b07f085060 flushing nmethod 0x000002b075b85d90
Event: 5.368 Thread 0x000002b07f085060 flushing nmethod 0x000002b075b72310
Event: 5.368 Thread 0x000002b07f085060 flushing nmethod 0x000002b075b59a10
Event: 5.368 Thread 0x000002b07f085060 flushing nmethod 0x000002b075b61b90
Event: 5.368 Thread 0x000002b07f085060 flushing nmethod 0x000002b075b57410
Event: 5.368 Thread 0x000002b07f085060 flushing nmethod 0x000002b075a89d10
Event: 5.368 Thread 0x000002b07f085060 flushing nmethod 0x000002b075b52d90
Event: 5.368 Thread 0x000002b07f085060 flushing nmethod 0x000002b075b54610
Event: 5.368 Thread 0x000002b07f085060 flushing nmethod 0x000002b075afa790
Event: 5.368 Thread 0x000002b07f085060 flushing nmethod 0x000002b075abf690
Event: 5.368 Thread 0x000002b07f085060 flushing nmethod 0x000002b075b01510
Event: 5.368 Thread 0x000002b07f085060 flushing nmethod 0x000002b075affc90
Event: 5.368 Thread 0x000002b07f085060 flushing nmethod 0x000002b075ae2010
Event: 5.368 Thread 0x000002b07f085060 flushing nmethod 0x000002b075abdd90
Event: 5.368 Thread 0x000002b07f085060 flushing nmethod 0x000002b075acdf90
Event: 5.368 Thread 0x000002b07f085060 flushing nmethod 0x000002b075aa1f10
Event: 5.368 Thread 0x000002b07f085060 flushing nmethod 0x000002b075aae090
Event: 5.368 Thread 0x000002b07f085060 flushing nmethod 0x000002b075a95010


Dynamic libraries:
0x00007ff60ce30000 - 0x00007ff60ce40000 	C:\Program Files\Java\jdk-20\bin\javaw.exe
0x00007ffdb1d20000 - 0x00007ffdb1f87000 	C:\WINDOWS\SYSTEM32\ntdll.dll
0x00007ffdaff40000 - 0x00007ffdb0009000 	C:\WINDOWS\System32\KERNEL32.DLL
0x00007ffdaf250000 - 0x00007ffdaf644000 	C:\WINDOWS\System32\KERNELBASE.dll
0x00007ffdaf650000 - 0x00007ffdaf79b000 	C:\WINDOWS\System32\ucrtbase.dll
0x00007ffda9530000 - 0x00007ffda954b000 	C:\Program Files\Java\jdk-20\bin\VCRUNTIME140.dll
0x00007ffda94e0000 - 0x00007ffda94f9000 	C:\Program Files\Java\jdk-20\bin\jli.dll
0x00007ffdb1420000 - 0x00007ffdb14d6000 	C:\WINDOWS\System32\ADVAPI32.dll
0x00007ffdb18f0000 - 0x00007ffdb1999000 	C:\WINDOWS\System32\msvcrt.dll
0x00007ffdb0dc0000 - 0x00007ffdb0e67000 	C:\WINDOWS\System32\sechost.dll
0x00007ffdb14f0000 - 0x00007ffdb1608000 	C:\WINDOWS\System32\RPCRT4.dll
0x00007ffdb16a0000 - 0x00007ffdb1865000 	C:\WINDOWS\System32\USER32.dll
0x00007ffdaf910000 - 0x00007ffdaf937000 	C:\WINDOWS\System32\win32u.dll
0x00007ffd8ee60000 - 0x00007ffd8f0f3000 	C:\WINDOWS\WinSxS\amd64_microsoft.windows.common-controls_6595b64144ccf1df_6.0.26100.8115_none_3e075c82e3354f9c\COMCTL32.dll
0x00007ffdb1610000 - 0x00007ffdb163b000 	C:\WINDOWS\System32\GDI32.dll
0x00007ffdaee60000 - 0x00007ffdaef8a000 	C:\WINDOWS\System32\gdi32full.dll
0x00007ffdaf7a0000 - 0x00007ffdaf843000 	C:\WINDOWS\System32\msvcp_win.dll
0x00007ffd9da60000 - 0x00007ffd9da6b000 	C:\WINDOWS\SYSTEM32\VERSION.dll
0x00007ffdb0f90000 - 0x00007ffdb0fc2000 	C:\WINDOWS\System32\IMM32.DLL
0x00007ffda94d0000 - 0x00007ffda94dc000 	C:\Program Files\Java\jdk-20\bin\vcruntime140_1.dll
0x00007ffd8fb00000 - 0x00007ffd8fb8e000 	C:\Program Files\Java\jdk-20\bin\msvcp140.dll
0x00007ffd32110000 - 0x00007ffd32da8000 	C:\Program Files\Java\jdk-20\bin\server\jvm.dll
0x00007ffda5a40000 - 0x00007ffda5a76000 	C:\WINDOWS\SYSTEM32\WINMM.dll
0x00007ffd8ab40000 - 0x00007ffd8ab4a000 	C:\WINDOWS\SYSTEM32\WSOCK32.dll
0x00007ffdb0ca0000 - 0x00007ffdb0d20000 	C:\WINDOWS\System32\WS2_32.dll
0x00007ffdad350000 - 0x00007ffdad36b000 	C:\WINDOWS\SYSTEM32\kernel.appcore.dll
0x00007ffda94c0000 - 0x00007ffda94ca000 	C:\Program Files\Java\jdk-20\bin\jimage.dll
0x00007ffda7dd0000 - 0x00007ffda8012000 	C:\WINDOWS\SYSTEM32\DBGHELP.DLL
0x00007ffdb07c0000 - 0x00007ffdb0b42000 	C:\WINDOWS\System32\combase.dll
0x00007ffdb0ea0000 - 0x00007ffdb0f77000 	C:\WINDOWS\System32\OLEAUT32.dll
0x00007ffd8d740000 - 0x00007ffd8d77b000 	C:\WINDOWS\SYSTEM32\dbgcore.DLL
0x00007ffdaf110000 - 0x00007ffdaf1b5000 	C:\WINDOWS\System32\bcryptPrimitives.dll
0x00007ffd8fcf0000 - 0x00007ffd8fd16000 	C:\Program Files\Java\jdk-20\bin\java.dll
0x00007ffd88d00000 - 0x00007ffd88dd7000 	C:\Program Files\Java\jdk-20\bin\jsvml.dll
0x00007ffdb0010000 - 0x00007ffdb0776000 	C:\WINDOWS\System32\SHELL32.dll
0x00007ffdaf940000 - 0x00007ffdafaaa000 	C:\WINDOWS\System32\wintypes.dll
0x00007ffdae5f0000 - 0x00007ffdaee55000 	C:\WINDOWS\System32\windows.storage.dll
0x00007ffdb0b50000 - 0x00007ffdb0c47000 	C:\WINDOWS\System32\SHCORE.dll
0x00007ffdb1270000 - 0x00007ffdb12d6000 	C:\WINDOWS\System32\shlwapi.dll
0x00007ffdae510000 - 0x00007ffdae539000 	C:\WINDOWS\SYSTEM32\profapi.dll
0x00007ffd8fcd0000 - 0x00007ffd8fce3000 	C:\Program Files\Java\jdk-20\bin\net.dll
0x00007ffda0970000 - 0x00007ffda0a9d000 	C:\WINDOWS\SYSTEM32\WINHTTP.dll
0x00007ffdad8d0000 - 0x00007ffdad93c000 	C:\WINDOWS\system32\mswsock.dll
0x00007ffd8fc50000 - 0x00007ffd8fc66000 	C:\Program Files\Java\jdk-20\bin\nio.dll
0x00007ffd8fc30000 - 0x00007ffd8fc48000 	C:\Program Files\Java\jdk-20\bin\zip.dll
0x00007ffda94b0000 - 0x00007ffda94ba000 	C:\Program Files\Java\jdk-20\bin\management.dll
0x00007ffd8fcc0000 - 0x00007ffd8fccb000 	C:\Program Files\Java\jdk-20\bin\management_ext.dll
0x00007ffdb07b0000 - 0x00007ffdb07b8000 	C:\WINDOWS\System32\PSAPI.DLL
0x00007ffd8fc20000 - 0x00007ffd8fc2e000 	C:\Program Files\Java\jdk-20\bin\sunmscapi.dll
0x00007ffdaef90000 - 0x00007ffdaf107000 	C:\WINDOWS\System32\CRYPT32.dll
0x00007ffdaddf0000 - 0x00007ffdade20000 	C:\WINDOWS\SYSTEM32\ncrypt.dll
0x00007ffdadda0000 - 0x00007ffdadddf000 	C:\WINDOWS\SYSTEM32\NTASN1.dll
0x00007ffdadbd0000 - 0x00007ffdadbeb000 	C:\WINDOWS\SYSTEM32\CRYPTSP.dll
0x00007ffdad2b0000 - 0x00007ffdad2e9000 	C:\WINDOWS\system32\rsaenh.dll
0x00007ffdad9a0000 - 0x00007ffdad9d3000 	C:\WINDOWS\SYSTEM32\USERENV.dll
0x00007ffdae4e0000 - 0x00007ffdae50a000 	C:\WINDOWS\SYSTEM32\bcrypt.dll
0x00007ffdadbf0000 - 0x00007ffdadbfc000 	C:\WINDOWS\SYSTEM32\CRYPTBASE.dll
0x00007ffdacd80000 - 0x00007ffdacdb2000 	C:\WINDOWS\SYSTEM32\IPHLPAPI.DLL
0x00007ffdb0f80000 - 0x00007ffdb0f8a000 	C:\WINDOWS\System32\NSI.dll
0x00007ffda81f0000 - 0x00007ffda820d000 	C:\WINDOWS\SYSTEM32\dhcpcsvc6.DLL
0x00007ffda81c0000 - 0x00007ffda81e5000 	C:\WINDOWS\SYSTEM32\dhcpcsvc.DLL
0x00007ffdace20000 - 0x00007ffdacf52000 	C:\WINDOWS\SYSTEM32\DNSAPI.dll
0x00007ffda5250000 - 0x00007ffda525b000 	C:\Windows\System32\rasadhlp.dll
0x00007ffda88a0000 - 0x00007ffda8926000 	C:\WINDOWS\System32\fwpuclnt.dll
0x00007ffd8fc10000 - 0x00007ffd8fc17000 	C:\Program Files\Java\jdk-20\bin\extnet.dll

dbghelp: loaded successfully - version: 4.0.5 - missing functions: none
symbol engine: initialized successfully - sym options: 0x614 - pdb path: .;C:\Program Files\Java\jdk-20\bin;C:\WINDOWS\SYSTEM32;C:\WINDOWS\WinSxS\amd64_microsoft.windows.common-controls_6595b64144ccf1df_6.0.26100.8115_none_3e075c82e3354f9c;C:\Program Files\Java\jdk-20\bin\server

VM Arguments:
jvm_args: -Dfile.encoding=UTF-8 -Dstdout.encoding=UTF-8 -Dstderr.encoding=UTF-8 -XX:+ShowCodeDetailsInExceptionMessages 
java_command: com.codecodence.admin_panel_backend.AdminPanelBackendApplication
java_class_path (initial): E:\Admin-Panel-Backend\admin-panel-backend\target\classes;C:\Users\Aditya Raj\.m2\repository\org\springframework\boot\spring-boot-starter-data-jpa\4.0.2\spring-boot-starter-data-jpa-4.0.2.jar;C:\Users\Aditya Raj\.m2\repository\org\springframework\boot\spring-boot-starter\4.0.2\spring-boot-starter-4.0.2.jar;C:\Users\Aditya Raj\.m2\repository\org\springframework\boot\spring-boot-starter-logging\4.0.2\spring-boot-starter-logging-4.0.2.jar;C:\Users\Aditya Raj\.m2\repository\ch\qos\logback\logback-classic\1.5.25\logback-classic-1.5.25.jar;C:\Users\Aditya Raj\.m2\repository\ch\qos\logback\logback-core\1.5.25\logback-core-1.5.25.jar;C:\Users\Aditya Raj\.m2\repository\org\apache\logging\log4j\log4j-to-slf4j\2.25.3\log4j-to-slf4j-2.25.3.jar;C:\Users\Aditya Raj\.m2\repository\org\apache\logging\log4j\log4j-api\2.25.3\log4j-api-2.25.3.jar;C:\Users\Aditya Raj\.m2\repository\org\slf4j\jul-to-slf4j\2.0.17\jul-to-slf4j-2.0.17.jar;C:\Users\Aditya Raj\.m2\repository\jakarta\annotation\jakarta.annotation-api\3.0.0\jakarta.annotation-api-3.0.0.jar;C:\Users\Aditya Raj\.m2\repository\org\yaml\snakeyaml\2.5\snakeyaml-2.5.jar;C:\Users\Aditya Raj\.m2\repository\org\springframework\boot\spring-boot-starter-jdbc\4.0.2\spring-boot-starter-jdbc-4.0.2.jar;C:\Users\Aditya Raj\.m2\repository\com\zaxxer\HikariCP\7.0.2\HikariCP-7.0.2.jar;C:\Users\Aditya Raj\.m2\repository\org\slf4j\slf4j-api\2.0.17\slf4j-api-2.0.17.jar;C:\Users\Aditya Raj\.m2\repository\org\springframework\boot\spring-boot-data-jpa\4.0.2\spring-boot-data-jpa-4.0.2.jar;C:\Users\Aditya Raj\.m2\repository\org\springframework\boot\spring-boot-data-commons\4.0.2\spring-boot-data-commons-4.0.2.jar;C:\Users\Aditya Raj\.m2\repository\org\springframework\boot\spring-boot-persistence\4.0.2\spring-boot-persistence-4.0.2.jar;C:\Users\Aditya Raj\.m2\repository\org\springframework\data\spring-data-commons\4.0.2\spring-data-commons-4.0.2.jar;C:\Users\Aditya Raj\.m2\repository\org\springframework\boot\spring-boot-hibernate\4.0.2\spring-boot-hibernate-4.0.2.jar;C:\Users\Aditya Raj\.m2\repository\org\springframework\boot\spring-boot-jpa\4.0.2\spring-boot-jpa-4.0.2.jar;C:\Users\Aditya Raj\.m2\repository\jakarta\persistence\jakarta.persistence-api\3.2.0\jakarta.persistence-api-3.2.0.jar;C:\Users\Aditya Raj\.m2\repository\org\hibernate\orm\hibernate-core\7.2.1.Final\hibernate-core-7.2.1.Final.jar;C:\Users\Aditya Raj\.m2\repository\jakarta\transaction\jakarta.transaction-api\2.0.1\jakarta.transaction-api-2.0.1.jar;C:\Users\Aditya Raj\.m2\repository\org\jboss\logging\jboss-logging\3.6.1.Final\jboss-logging-3.6.1.Final.jar;C:\Users\Aditya Raj\.m2\repository\org\hibernate\models\hibernate-models\1.0.1\hibernate-models-1.0.1.jar;C:\Users\Aditya Raj\.m2\repository\com\fasterxml\classmate\1.7.3\classmate-1.7.3.jar;C:\Users\Aditya Raj\.m2\repository\org\glassfish\jaxb\jaxb-runtime\4.0.6\jaxb-runtime-4.0.6.jar;C:\Users\Aditya Raj\.m2\repository\org\glassfish\jaxb\jaxb-core\4.0.6\jaxb-core-4.0.6.jar;C:\Users\Aditya Raj\.m2\repository\org\glassfish\jaxb\txw2\4.0.6\txw2-4.0.6.jar;C:\Users\Aditya Raj\.m2\repository\com\sun\istack\istack-commons-runtime\4.1.2\istack-commons-runtime-4.1.2.jar;C:\Users\Aditya Raj\.m2\repository\jakarta\inject\jakarta.inject-api\2.0.1\jakarta.inject-api-2.0.1.jar;C:\Users\Aditya Raj\.m2\repository\org\springframework\spring-orm\7.0.3\spring-orm-7.0.3.jar;C:\Users\Aditya Raj\.m2\repository\org\springframework\data\spring-data-jpa\4.0.2\spring-data-jpa-4.0.2.jar;C:\Users\Aditya Raj\.m2\repository\org\springframework\spring-tx\7.0.3\spring-tx-7.0.3.jar;C:\Users\Aditya Raj\.m2\repository\org\antlr\antlr4-runtime\4.13.2\antlr4-runtime-4.13.2.jar;C:\Users\Aditya Raj\.m2\repository\org\springframework\spring-aspects\7.0.3\spring-aspects-7.0.3.jar;C:\Users\Aditya Raj\.m2\repository\org\aspectj\aspectjweaver\1.9.25.1\aspectjweaver-1.9.25.1.jar;C:\Users\Aditya Raj\.m2\repository\org\springframework\boot\spring-boot-jdbc\4.0.2\spring-boot-jdbc-4.0.2.jar;C:\Users\Aditya Raj\.m2\repository\org\springframework\boot\spring-boot-sql\4.0.2\spring-boot-sql-4.0.2.jar;C:\Users\Aditya Raj\.m2\repository\org\springframework\boot\spring-boot-transaction\4.0.2\spring-boot-transaction-4.0.2.jar;C:\Users\Aditya Raj\.m2\repository\org\springframework\spring-jdbc\7.0.3\spring-jdbc-7.0.3.jar;C:\Users\Aditya Raj\.m2\repository\org\springframework\boot\spring-boot-starter-webmvc\4.0.2\spring-boot-starter-webmvc-4.0.2.jar;C:\Users\Aditya Raj\.m2\repository\org\springframework\boot\spring-boot-starter-jackson\4.0.2\spring-boot-starter-jackson-4.0.2.jar;C:\Users\Aditya Raj\.m2\repository\org\springframework\boot\spring-boot-jackson\4.0.2\spring-boot-jackson-4.0.2.jar;C:\Users\Aditya Raj\.m2\repository\tools\jackson\core\jackson-databind\3.0.4\jackson-databind-3.0.4.jar;C:\Users\Aditya Raj\.m2\repository\tools\jackson\core\jackson-core\3.0.4\jackson-core-3.0.4.jar;C:\Users\Aditya Raj\.m2\repository\org\springframework\boot\spring-boot-starter-tomcat\4.0.2\spring-boot-starter-tomcat-4.0.2.jar;C:\Users\Aditya Raj\.m2\repository\org\springframework\boot\spring-boot-starter-tomcat-runtime\4.0.2\spring-boot-starter-tomcat-runtime-4.0.2.jar;C:\Users\Aditya Raj\.m2\repository\org\apache\tomcat\embed\tomcat-embed-core\11.0.15\tomcat-embed-core-11.0.15.jar;C:\Users\Aditya Raj\.m2\repository\org\apache\tomcat\embed\tomcat-embed-el\11.0.15\tomcat-embed-el-11.0.15.jar;C:\Users\Aditya Raj\.m2\repository\org\apache\tomcat\embed\tomcat-embed-websocket\11.0.15\tomcat-embed-websocket-11.0.15.jar;C:\Users\Aditya Raj\.m2\repository\org\springframework\boot\spring-boot-tomcat\4.0.2\spring-boot-tomcat-4.0.2.jar;C:\Users\Aditya Raj\.m2\repository\org\springframework\boot\spring-boot-http-converter\4.0.2\spring-boot-http-converter-4.0.2.jar;C:\Users\Aditya Raj\.m2\repository\org\springframework\spring-web\7.0.3\spring-web-7.0.3.jar;C:\Users\Aditya Raj\.m2\repository\io\micrometer\micrometer-observation\1.16.2\micrometer-observation-1.16.2.jar;C:\Users\Aditya Raj\.m2\repository\io\micrometer\micrometer-commons\1.16.2\micrometer-commons-1.16.2.jar;C:\Users\Aditya Raj\.m2\repository\org\springframework\boot\spring-boot-webmvc\4.0.2\spring-boot-webmvc-4.0.2.jar;C:\Users\Aditya Raj\.m2\repository\org\springframework\boot\spring-boot-servlet\4.0.2\spring-boot-servlet-4.0.2.jar;C:\Users\Aditya Raj\.m2\repository\org\springframework\spring-webmvc\7.0.3\spring-webmvc-7.0.3.jar;C:\Users\Aditya Raj\.m2\repository\org\springframework\spring-expression\7.0.3\spring-expression-7.0.3.jar;C:\Users\Aditya Raj\.m2\repository\org\springframework\boot\spring-boot-devtools\4.0.2\spring-boot-devtools-4.0.2.jar;C:\Users\Aditya Raj\.m2\repository\org\springframework\boot\spring-boot\4.0.2\spring-boot-4.0.2.jar;C:\Users\Aditya Raj\.m2\repository\org\springframework\spring-core\7.0.3\spring-core-7.0.3.jar;C:\Users\Aditya Raj\.m2\repository\commons-logging\commons-logging\1.3.5\commons-logging-1.3.5.jar;C:\Users\Aditya Raj\.m2\repository\org\jspecify\jspecify\1.0.0\jspecify-1.0.0.jar;C:\Users\Aditya Raj\.m2\repository\org\springframework\spring-context\7.0.3\spring-context-7.0.3.jar;C:\Users\Aditya Raj\.m2\repository\org\springframework\boot\spring-boot-autoconfigure\4.0.2\spring-boot-autoconfigure-4.0.2.jar;C:\Users\Aditya Raj\.m2\repository\com\mysql\mysql-connector-j\9.5.0\mysql-connector-j-9.5.0.jar;C:\Users\Aditya Raj\.m2\repository\jakarta\xml\bind\jakarta.xml.bind-api\4.0.4\jakarta.xml.bind-api-4.0.4.jar;C:\Users\Aditya Raj\.m2\repository\jakarta\activation\jakarta.activation-api\2.1.4\jakarta.activation-api-2.1.4.jar;C:\Users\Aditya Raj\.m2\repository\net\bytebuddy\byte-buddy\1.17.8\byte-buddy-1.17.8.jar;C:\Users\Aditya Raj\.m2\repository\org\springframework\boot\spring-boot-web-server\4.0.2\spring-boot-web-server-4.0.2.jar;C:\Users\Aditya Raj\.m2\repository\org\springframework\boot\spring-boot-starter-security\4.0.2\spring-boot-starter-security-4.0.2.jar;C:\Users\Aditya Raj\.m2\repository\org\springframework\boot\spring-boot-security\4.0.2\spring-boot-security-4.0.2.jar;C:\Users\Aditya Raj\.m2\repository\org\springframework\security\spring-security-config\7.0.2\spring-security-config-7.0.2.jar;C:\Users\Aditya Raj\.m2\repository\org\springframework\security\spring-security-core\7.0.2\spring-security-core-7.0.2.jar;C:\Users\Aditya Raj\.m2\repository\org\springframework\security\spring-security-crypto\7.0.2\spring-security-crypto-7.0.2.jar;C:\Users\Aditya Raj\.m2\repository\org\springframework\security\spring-security-web\7.0.2\spring-security-web-7.0.2.jar;C:\Users\Aditya Raj\.m2\repository\org\springframework\spring-aop\7.0.3\spring-aop-7.0.3.jar;C:\Users\Aditya Raj\.m2\repository\org\springframework\spring-beans\7.0.3\spring-beans-7.0.3.jar;C:\Users\Aditya Raj\.m2\repository\io\jsonwebtoken\jjwt-api\0.11.5\jjwt-api-0.11.5.jar;C:\Users\Aditya Raj\.m2\repository\io\jsonwebtoken\jjwt-impl\0.11.5\jjwt-impl-0.11.5.jar;C:\Users\Aditya Raj\.m2\repository\io\jsonwebtoken\jjwt-jackson\0.11.5\jjwt-jackson-0.11.5.jar;C:\Users\Aditya Raj\.m2\repository\com\fasterxml\jackson\core\jackson-databind\2.20.2\jackson-databind-2.20.2.jar;C:\Users\Aditya Raj\.m2\repository\com\fasterxml\jackson\core\jackson-annotations\2.20\jackson-annotations-2.20.jar;C:\Users\Aditya Raj\.m2\repository\com\fasterxml\jackson\core\jackson-core\2.20.2\jackson-core-2.20.2.jar;C:\Users\Aditya Raj\.m2\repository\org\projectlombok\lombok\1.18.30\lombok-1.18.30.jar;C:\Users\Aditya Raj\.m2\repository\org\springframework\boot\spring-boot-starter-mail\4.0.2\spring-boot-starter-mail-4.0.2.jar;C:\Users\Aditya Raj\.m2\repository\org\springframework\boot\spring-boot-mail\4.0.2\spring-boot-mail-4.0.2.jar;C:\Users\Aditya Raj\.m2\repository\org\springframework\spring-context-support\7.0.3\spring-context-support-7.0.3.jar;C:\Users\Aditya Raj\.m2\repository\jakarta\mail\jakarta.mail-api\2.1.5\jakarta.mail-api-2.1.5.jar;C:\Users\Aditya Raj\.m2\repository\org\eclipse\angus\angus-mail\2.0.5\angus-mail-2.0.5.jar;C:\Users\Aditya Raj\.m2\repository\org\eclipse\angus\angus-activation\2.0.3\angus-activation-2.0.3.jar
Launcher Type: SUN_STANDARD

[Global flags]
     intx CICompilerCount                          = 4                                         {product} {ergonomic}
     uint ConcGCThreads                            = 2                                         {product} {ergonomic}
     uint G1ConcRefinementThreads                  = 8                                         {product} {ergonomic}
   size_t G1HeapRegionSize                         = 1048576                                   {product} {ergonomic}
    uintx GCDrainStackTargetSize                   = 64                                        {product} {ergonomic}
   size_t InitialHeapSize                          = 132120576                                 {product} {ergonomic}
   size_t MarkStackSize                            = 4194304                                   {product} {ergonomic}
   size_t MaxHeapSize                              = 2082471936                                {product} {ergonomic}
   size_t MaxNewSize                               = 1248854016                                {product} {ergonomic}
   size_t MinHeapDeltaBytes                        = 1048576                                   {product} {ergonomic}
   size_t MinHeapSize                              = 8388608                                   {product} {ergonomic}
    uintx NonNMethodCodeHeapSize                   = 5839372                                {pd product} {ergonomic}
    uintx NonProfiledCodeHeapSize                  = 122909434                              {pd product} {ergonomic}
    uintx ProfiledCodeHeapSize                     = 122909434                              {pd product} {ergonomic}
    uintx ReservedCodeCacheSize                    = 251658240                              {pd product} {ergonomic}
     bool SegmentedCodeCache                       = true                                      {product} {ergonomic}
     bool ShowCodeDetailsInExceptionMessages       = true                                   {manageable} {command line}
   size_t SoftMaxHeapSize                          = 2082471936                             {manageable} {ergonomic}
     bool UseCompressedClassPointers               = true                           {product lp64_product} {ergonomic}
     bool UseCompressedOops                        = true                           {product lp64_product} {ergonomic}
     bool UseG1GC                                  = true                                      {product} {ergonomic}
     bool UseLargePagesIndividualAllocation        = false                                  {pd product} {ergonomic}

Logging:
Log output configuration:
 #0: stdout all=warning uptime,level,tags foldmultilines=false
 #1: stderr all=off uptime,level,tags foldmultilines=false

Environment Variables:
PATH=C:/Users/Aditya Raj/.p2/pool/plugins/org.eclipse.justj.openjdk.hotspot.jre.full.win32.x86_64_21.0.7.v20250502-0916/jre/bin/server;C:/Users/Aditya Raj/.p2/pool/plugins/org.eclipse.justj.openjdk.hotspot.jre.full.win32.x86_64_21.0.7.v20250502-0916/jre/bin;D:\oracle\product\10.2.0\db_1\bin;C:\Program Files\Common Files\Oracle\Java\javapath;C:\WINDOWS\system32;C:\WINDOWS;C:\WINDOWS\System32\Wbem;C:\WINDOWS\System32\WindowsPowerShell\v1.0\;C:\WINDOWS\System32\OpenSSH\;C:\MinGW\bin;C:\Program Files\Java\jdk-20\bin;C:\Program Files (x86)\dotnet\;C:\Program Files\HP\HP One Agent;C:\Program Files\Microsoft SQL Server\150\Tools\Binn\;C:\WINDOWS\system32;C:\WINDOWS;C:\WINDOWS\System32\Wbem;C:\WINDOWS\System32\WindowsPowerShell\v1.0\;C:\WINDOWS\System32\OpenSSH\;C:\Android\platform-tools;C:\Users\Aditya Raj\AppData\Local\Android\Sdk\platform-tools;C:\Program Files\nodejs\;C:\Program Files\MySQL\MySQL Server 8.0\bin;E:\Download\apache-maven-3.9.11\bin;E:\Git\cmd;C:\Program Files\MySQL\MySQL Shell 8.0\bin\;C:\Users\Aditya Raj\AppData\Local\Microsoft\WindowsApps;C:\Users\Aditya Raj\AppData\Local\Programs\Microsoft VS Code\bin;C:\MinGW\bin;C:\Users\Aditya Raj\AppData\Roaming\npm;C:\Program Files\Java\jdk-20\bin;C:\Users\Aditya Raj\AppData\Local\Programs\Antigravity\bin;C:\WINDOWS\system32;
USERNAME=Aditya Raj
OS=Windows_NT
PROCESSOR_IDENTIFIER=Intel64 Family 6 Model 140 Stepping 2, GenuineIntel
TMP=C:\Users\ADITYA~1\AppData\Local\Temp
TEMP=C:\Users\ADITYA~1\AppData\Local\Temp




---------------  S Y S T E M  ---------------

OS:
 Windows 11 , 64 bit Build 26100 (10.0.26100.8115)
OS uptime: 0 days 1:24 hours
Hyper-V role detected

CPU: total 8 (initial active 8) (4 cores per cpu, 2 threads per core) family 6 model 140 stepping 2 microcode 0x2c, cx8, cmov, fxsr, ht, mmx, 3dnowpref, sse, sse2, sse3, ssse3, sse4.1, sse4.2, popcnt, lzcnt, tsc, tscinvbit, avx, avx2, aes, erms, clmul, bmi1, bmi2, adx, avx512f, avx512dq, avx512cd, avx512bw, avx512vl, sha, fma, vzeroupper, avx512_vpopcntdq, avx512_vpclmulqdq, avx512_vaes, avx512_vnni, clflush, clflushopt, clwb, avx512_vbmi2, avx512_vbmi, hv, rdtscp, rdpid, fsrm, gfni, avx512_bitalg, f16c, cet_ibt, cet_ss, avx512_ifma

Memory: 4k page, system-wide physical 7941M (1005M free)
TotalPageFile size 11091M (AvailPageFile size 5M)
current process WorkingSet (physical memory assigned to process): 256M, peak: 256M
current process commit charge ("private bytes"): 291M, peak: 291M

vm_info: Java HotSpot(TM) 64-Bit Server VM (20.0.2+9-78) for windows-amd64 JRE (20.0.2+9-78), built on 2023-06-14T10:08:48Z by "mach5one" with MS VC++ 17.1 (VS2022)

END.
