#
# There is insufficient memory for the Java Runtime Environment to continue.
# Native memory allocation (malloc) failed to allocate 723536 bytes for Chunk::new
# Possible reasons:
#   The system is out of physical RAM or swap space
#   The process is running with CompressedOops enabled, and the Java Heap may be blocking the growth of the native heap
# Possible solutions:
#   Reduce memory load on the system
#   Increase physical memory or swap space
#   Check if swap backing store is full
#   Decrease Java heap size (-Xmx/-Xms)
#   Decrease number of Java threads
#   Decrease Java thread stack sizes (-Xss)
#   Set larger code cache with -XX:ReservedCodeCacheSize=
#   JVM is running with Unscaled Compressed Oops mode in which the Java heap is
#     placed in the first 4GB address space. The Java Heap base address is the
#     maximum limit for the native heap growth. Please use -XX:HeapBaseMinAddress
#     to set the Java Heap base and to place the Java Heap above 4GB virtual address.
# This output file may be truncated or incomplete.
#
#  Out of Memory Error (arena.cpp:184), pid=22032, tid=18136
#
# JRE version: Java(TM) SE Runtime Environment (20.0.2+9) (build 20.0.2+9-78)
# Java VM: Java HotSpot(TM) 64-Bit Server VM (20.0.2+9-78, mixed mode, sharing, tiered, compressed oops, compressed class ptrs, g1 gc, windows-amd64)
# No core dump will be written. Minidumps are not enabled by default on client versions of Windows
#

---------------  S U M M A R Y ------------

Command Line: -Dfile.encoding=UTF-8 -Dstdout.encoding=UTF-8 -Dstderr.encoding=UTF-8 -XX:+ShowCodeDetailsInExceptionMessages com.codecodence.admin_panel_backend.AdminPanelBackendApplication

Host: 11th Gen Intel(R) Core(TM) i5-1155G7 @ 2.50GHz, 8 cores, 7G,  Windows 11 , 64 bit Build 26100 (10.0.26100.7705)
Time: Sun Feb 15 11:17:14 2026 India Standard Time elapsed time: 49562.416588 seconds (0d 13h 46m 2s)

---------------  T H R E A D  ---------------

Current thread (0x000001c3793e9d80):  JavaThread "C2 CompilerThread0" daemon [_thread_in_native, id=18136, stack(0x0000003e4e800000,0x0000003e4e900000)]


Current CompileTask:
C2:49562416 11837   !   4       sun.security.ssl.SSLCipher$T13GcmReadCipherGenerator$GcmReadCipher::decrypt (555 bytes)

Stack: [0x0000003e4e800000,0x0000003e4e900000]
Native frames: (J=compiled Java code, j=interpreted, Vv=VM code, C=native code)
V  [jvm.dll+0x6bc25a]
V  [jvm.dll+0x84971a]
V  [jvm.dll+0x84b315]
V  [jvm.dll+0x84ba13]
V  [jvm.dll+0x280e4f]
V  [jvm.dll+0xc2ab1]
V  [jvm.dll+0xc2dd5]
V  [jvm.dll+0x2f611f]
V  [jvm.dll+0x5e3b0b]
V  [jvm.dll+0x254684]
V  [jvm.dll+0x254a4f]
V  [jvm.dll+0x24d23d]
V  [jvm.dll+0x24a819]
V  [jvm.dll+0x1ce761]
V  [jvm.dll+0x25a0eb]
V  [jvm.dll+0x2587c0]
V  [jvm.dll+0x3f2dd5]
V  [jvm.dll+0x7f5c76]
V  [jvm.dll+0x6baecb]
C  [ucrtbase.dll+0x37b0]
C  [KERNEL32.DLL+0x2e8d7]
C  [ntdll.dll+0x8c40c]


---------------  P R O C E S S  ---------------

Threads class SMR info:
_java_thread_list=0x000001c3518b1620, length=31, elements={
0x000001c3793cec10, 0x000001c3793d0850, 0x000001c3793d74d0, 0x000001c3793db230,
0x000001c3793dbb70, 0x000001c3793de1a0, 0x000001c3793e9d80, 0x000001c3793ec690,
0x000001c37dd5a900, 0x000001c37dd73650, 0x000001c350698390, 0x000001c3507e0fd0,
0x000001c3507e2fb0, 0x000001c3507e2510, 0x000001c3507e2a60, 0x000001c3507e4a40,
0x000001c3507e3fa0, 0x000001c3507e44f0, 0x000001c3507e1a70, 0x000001c3507e7a10,
0x000001c3507e84b0, 0x000001c3507e74c0, 0x000001c3507e64d0, 0x000001c3507e8a00,
0x000001c3507e5a30, 0x000001c3507e5f80, 0x000001c3507e7f60, 0x000001c3507e6f70,
0x000001c35069a8c0, 0x000001c350698e30, 0x000001c350699380
}

Java Threads: ( => current thread )
  0x000001c3793cec10 JavaThread "Reference Handler" daemon [_thread_blocked, id=21656, stack(0x0000003e4e200000,0x0000003e4e300000)]
  0x000001c3793d0850 JavaThread "Finalizer" daemon [_thread_blocked, id=19840, stack(0x0000003e4e300000,0x0000003e4e400000)]
  0x000001c3793d74d0 JavaThread "Signal Dispatcher" daemon [_thread_blocked, id=11908, stack(0x0000003e4e400000,0x0000003e4e500000)]
  0x000001c3793db230 JavaThread "Attach Listener" daemon [_thread_blocked, id=14988, stack(0x0000003e4e500000,0x0000003e4e600000)]
  0x000001c3793dbb70 JavaThread "Service Thread" daemon [_thread_blocked, id=13536, stack(0x0000003e4e600000,0x0000003e4e700000)]
  0x000001c3793de1a0 JavaThread "Monitor Deflation Thread" daemon [_thread_blocked, id=16604, stack(0x0000003e4e700000,0x0000003e4e800000)]
=>0x000001c3793e9d80 JavaThread "C2 CompilerThread0" daemon [_thread_in_native, id=18136, stack(0x0000003e4e800000,0x0000003e4e900000)]
  0x000001c3793ec690 JavaThread "C1 CompilerThread0" daemon [_thread_blocked, id=7996, stack(0x0000003e4e900000,0x0000003e4ea00000)]
  0x000001c37dd5a900 JavaThread "Notification Thread" daemon [_thread_blocked, id=3256, stack(0x0000003e4ea00000,0x0000003e4eb00000)]
  0x000001c37dd73650 JavaThread "Common-Cleaner" daemon [_thread_blocked, id=4612, stack(0x0000003e4ec00000,0x0000003e4ed00000)]
  0x000001c350698390 JavaThread "mysql-cj-abandoned-connection-cleanup" daemon [_thread_blocked, id=21332, stack(0x0000003e4fc00000,0x0000003e4fd00000)]
  0x000001c3507e0fd0 JavaThread "DestroyJavaVM" [_thread_blocked, id=3988, stack(0x0000003e4db00000,0x0000003e4dc00000)]
  0x000001c3507e2fb0 JavaThread "Catalina-utility-1" [_thread_blocked, id=18708, stack(0x0000003e4f000000,0x0000003e4f100000)]
  0x000001c3507e2510 JavaThread "Catalina-utility-2" [_thread_blocked, id=24448, stack(0x0000003e4f900000,0x0000003e4fa00000)]
  0x000001c3507e2a60 JavaThread "container-0" [_thread_blocked, id=20584, stack(0x0000003e4fa00000,0x0000003e4fb00000)]
  0x000001c3507e4a40 JavaThread "HikariPool-10:housekeeper" daemon [_thread_blocked, id=12184, stack(0x0000003e4fb00000,0x0000003e4fc00000)]
  0x000001c3507e3fa0 JavaThread "File Watcher" daemon [_thread_blocked, id=22332, stack(0x0000003e4ff00000,0x0000003e50000000)]
  0x000001c3507e44f0 JavaThread "http-nio-8080-exec-1" daemon [_thread_blocked, id=8328, stack(0x0000003e50000000,0x0000003e50100000)]
  0x000001c3507e1a70 JavaThread "http-nio-8080-exec-2" daemon [_thread_blocked, id=10796, stack(0x0000003e50100000,0x0000003e50200000)]
  0x000001c3507e7a10 JavaThread "http-nio-8080-exec-3" daemon [_thread_blocked, id=23628, stack(0x0000003e50200000,0x0000003e50300000)]
  0x000001c3507e84b0 JavaThread "http-nio-8080-exec-4" daemon [_thread_blocked, id=12492, stack(0x0000003e50300000,0x0000003e50400000)]
  0x000001c3507e74c0 JavaThread "http-nio-8080-exec-5" daemon [_thread_blocked, id=24148, stack(0x0000003e50400000,0x0000003e50500000)]
  0x000001c3507e64d0 JavaThread "http-nio-8080-exec-6" daemon [_thread_blocked, id=21384, stack(0x0000003e50500000,0x0000003e50600000)]
  0x000001c3507e8a00 JavaThread "http-nio-8080-exec-7" daemon [_thread_blocked, id=23944, stack(0x0000003e50600000,0x0000003e50700000)]
  0x000001c3507e5a30 JavaThread "http-nio-8080-exec-8" daemon [_thread_blocked, id=2308, stack(0x0000003e50700000,0x0000003e50800000)]
  0x000001c3507e5f80 JavaThread "http-nio-8080-exec-9" daemon [_thread_blocked, id=2864, stack(0x0000003e50800000,0x0000003e50900000)]
  0x000001c3507e7f60 JavaThread "http-nio-8080-exec-10" daemon [_thread_blocked, id=13292, stack(0x0000003e50900000,0x0000003e50a00000)]
  0x000001c3507e6f70 JavaThread "http-nio-8080-Poller" daemon [_thread_in_native, id=21024, stack(0x0000003e50a00000,0x0000003e50b00000)]
  0x000001c35069a8c0 JavaThread "http-nio-8080-Acceptor" daemon [_thread_in_native, id=24068, stack(0x0000003e50b00000,0x0000003e50c00000)]
  0x000001c350698e30 JavaThread "HikariPool-10:connection-closer" daemon [_thread_blocked, id=2672, stack(0x0000003e4d800000,0x0000003e4d900000)]
  0x000001c350699380 JavaThread "HikariPool-10:connection-adder" daemon [_thread_blocked, id=20204, stack(0x0000003e4d900000,0x0000003e4da00000)]

Other Threads:
  0x000001c3793ae790 VMThread "VM Thread" [stack: 0x0000003e4e100000,0x0000003e4e200000] [id=21836]
  0x000001c37dd5c5f0 WatcherThread "VM Periodic Task Thread" [stack: 0x0000003e4eb00000,0x0000003e4ec00000] [id=21244]
  0x000001c36c1595d0 WorkerThread "GC Thread#0" [stack: 0x0000003e4dc00000,0x0000003e4dd00000] [id=17032]
  0x000001c37e64a4d0 WorkerThread "GC Thread#1" [stack: 0x0000003e4f100000,0x0000003e4f200000] [id=17244]
  0x000001c37e923050 WorkerThread "GC Thread#2" [stack: 0x0000003e4f200000,0x0000003e4f300000] [id=13096]
  0x000001c37e923320 WorkerThread "GC Thread#3" [stack: 0x0000003e4f300000,0x0000003e4f400000] [id=7400]
  0x000001c37e65f8c0 WorkerThread "GC Thread#4" [stack: 0x0000003e4f400000,0x0000003e4f500000] [id=6092]
  0x000001c37e645720 WorkerThread "GC Thread#5" [stack: 0x0000003e4f500000,0x0000003e4f600000] [id=7000]
  0x000001c37e647340 WorkerThread "GC Thread#6" [stack: 0x0000003e4f700000,0x0000003e4f800000] [id=19088]
  0x000001c37e645cc0 WorkerThread "GC Thread#7" [stack: 0x0000003e4f800000,0x0000003e4f900000] [id=20196]
  0x000001c36c169da0 ConcurrentGCThread "G1 Main Marker" [stack: 0x0000003e4dd00000,0x0000003e4de00000] [id=1428]
  0x000001c36c16a7d0 WorkerThread "G1 Conc#0" [stack: 0x0000003e4de00000,0x0000003e4df00000] [id=7020]
  0x000001c37e646260 WorkerThread "G1 Conc#1" [stack: 0x0000003e4f600000,0x0000003e4f700000] [id=17296]
  0x000001c36c1aea30 ConcurrentGCThread "G1 Refine#0" [stack: 0x0000003e4df00000,0x0000003e4e000000] [id=6732]
  0x000001c37926a960 ConcurrentGCThread "G1 Service" [stack: 0x0000003e4e000000,0x0000003e4e100000] [id=7932]

Threads with active compile tasks:
C2 CompilerThread0  49562503 11837   !   4       sun.security.ssl.SSLCipher$T13GcmReadCipherGenerator$GcmReadCipher::decrypt (555 bytes)

VM state: not at safepoint (normal execution)

VM Mutex/Monitor currently owned by a thread: None

Heap address: 0x0000000083e00000, size: 1986 MB, Compressed Oops mode: 32-bit

CDS archive(s) mapped at: [0x000001c30f000000-0x000001c30fc60000-0x000001c30fc60000), size 12976128, SharedBaseAddress: 0x000001c30f000000, ArchiveRelocationMode: 1.
Compressed class space mapped at: 0x000001c310000000-0x000001c350000000, reserved size: 1073741824
Narrow klass base: 0x000001c30f000000, Narrow klass shift: 0, Narrow klass range: 0x100000000

GC Precious Log:
 CardTable entry size: 512
 Card Set container configuration: InlinePtr #cards 5 size 8 Array Of Cards #cards 12 size 40 Howl #buckets 4 coarsen threshold 1843 Howl Bitmap #cards 512 size 80 coarsen threshold 460 Card regions per heap region 1 cards per card region 2048
 CPUs: 8 total, 8 available
 Memory: 7941M
 Large Page Support: Disabled
 NUMA Support: Disabled
 Compressed Oops: Enabled (32-bit)
 Heap Region Size: 1M
 Heap Min Capacity: 8M
 Heap Initial Capacity: 126M
 Heap Max Capacity: 1986M
 Pre-touch: Disabled
 Parallel Workers: 8
 Concurrent Workers: 2
 Concurrent Refinement Workers: 8
 Periodic GC: Disabled

Heap:
 garbage-first heap   total 79872K, used 37531K [0x0000000083e00000, 0x0000000100000000)
  region size 1024K, 11 young (11264K), 3 survivors (3072K)
 Metaspace       used 73020K, committed 73792K, reserved 1114112K
  class space    used 9370K, committed 9728K, reserved 1048576K

Heap Regions: E=young(eden), S=young(survivor), O=old, HS=humongous(starts), HC=humongous(continues), CS=collection set, F=free, OA=open archive, CA=closed archive, TAMS=top-at-mark-start, PB=parsable bottom
|   0|0x0000000083e00000, 0x0000000083f00000, 0x0000000083f00000|100%|HS|  |TAMS 0x0000000083e00000| PB 0x0000000083e00000| Complete 
|   1|0x0000000083f00000, 0x0000000084000000, 0x0000000084000000|100%|HS|  |TAMS 0x0000000083f00000| PB 0x0000000083f00000| Complete 
|   2|0x0000000084000000, 0x00000000840ffff0, 0x0000000084100000| 99%| O|  |TAMS 0x0000000084000000| PB 0x0000000084000000| Untracked 
|   3|0x0000000084100000, 0x00000000841fffe0, 0x0000000084200000| 99%| O|  |TAMS 0x0000000084100000| PB 0x0000000084100000| Untracked 
|   4|0x0000000084200000, 0x00000000842fffb8, 0x0000000084300000| 99%| O|  |TAMS 0x0000000084200000| PB 0x0000000084200000| Untracked 
|   5|0x0000000084300000, 0x0000000084400000, 0x0000000084400000|100%| O|  |TAMS 0x0000000084300000| PB 0x0000000084300000| Untracked 
|   6|0x0000000084400000, 0x00000000844fffe8, 0x0000000084500000| 99%| O|  |TAMS 0x0000000084400000| PB 0x0000000084400000| Untracked 
|   7|0x0000000084500000, 0x0000000084600000, 0x0000000084600000|100%| O|  |TAMS 0x0000000084500000| PB 0x0000000084500000| Untracked 
|   8|0x0000000084600000, 0x00000000846ffff0, 0x0000000084700000| 99%| O|  |TAMS 0x0000000084600000| PB 0x0000000084600000| Untracked 
|   9|0x0000000084700000, 0x0000000084800000, 0x0000000084800000|100%| O|  |TAMS 0x0000000084700000| PB 0x0000000084700000| Untracked 
|  10|0x0000000084800000, 0x0000000084900000, 0x0000000084900000|100%| O|  |TAMS 0x0000000084800000| PB 0x0000000084800000| Untracked 
|  11|0x0000000084900000, 0x00000000849fffb8, 0x0000000084a00000| 99%| O|  |TAMS 0x0000000084900000| PB 0x0000000084900000| Untracked 
|  12|0x0000000084a00000, 0x0000000084affff0, 0x0000000084b00000| 99%| O|  |TAMS 0x0000000084a00000| PB 0x0000000084a00000| Untracked 
|  13|0x0000000084b00000, 0x0000000084bfffc0, 0x0000000084c00000| 99%| O|  |TAMS 0x0000000084b00000| PB 0x0000000084b00000| Untracked 
|  14|0x0000000084c00000, 0x0000000084cffff8, 0x0000000084d00000| 99%| O|  |TAMS 0x0000000084c00000| PB 0x0000000084c00000| Untracked 
|  15|0x0000000084d00000, 0x0000000084dff0c0, 0x0000000084e00000| 99%| O|  |TAMS 0x0000000084d00000| PB 0x0000000084d00000| Untracked 
|  16|0x0000000084e00000, 0x0000000084ef59c0, 0x0000000084f00000| 95%| O|  |TAMS 0x0000000084e00000| PB 0x0000000084e00000| Untracked 
|  17|0x0000000084f00000, 0x0000000084ffdb58, 0x0000000085000000| 99%| O|  |TAMS 0x0000000084f00000| PB 0x0000000084f00000| Untracked 
|  18|0x0000000085000000, 0x0000000085100000, 0x0000000085100000|100%| O|  |TAMS 0x0000000085000000| PB 0x0000000085000000| Untracked 
|  19|0x0000000085100000, 0x00000000851ffff8, 0x0000000085200000| 99%| O|  |TAMS 0x0000000085100000| PB 0x0000000085100000| Untracked 
|  20|0x0000000085200000, 0x00000000852fffc8, 0x0000000085300000| 99%| O|  |TAMS 0x0000000085200000| PB 0x0000000085200000| Untracked 
|  21|0x0000000085300000, 0x00000000853fffe8, 0x0000000085400000| 99%| O|  |TAMS 0x0000000085300000| PB 0x0000000085300000| Untracked 
|  22|0x0000000085400000, 0x00000000854ed3b8, 0x0000000085500000| 92%| O|  |TAMS 0x0000000085400000| PB 0x0000000085400000| Untracked 
|  23|0x0000000085500000, 0x00000000855fffc8, 0x0000000085600000| 99%| O|  |TAMS 0x0000000085500000| PB 0x0000000085500000| Untracked 
|  24|0x0000000085600000, 0x00000000856cf928, 0x0000000085700000| 81%| O|  |TAMS 0x0000000085600000| PB 0x0000000085600000| Untracked 
|  25|0x0000000085700000, 0x0000000085711340, 0x0000000085800000|  6%| O|  |TAMS 0x0000000085700000| PB 0x0000000085700000| Untracked 
|  26|0x0000000085800000, 0x0000000085800000, 0x0000000085900000|  0%| F|  |TAMS 0x0000000085800000| PB 0x0000000085800000| Untracked 
|  27|0x0000000085900000, 0x0000000085a00000, 0x0000000085a00000|100%| O|  |TAMS 0x0000000085900000| PB 0x0000000085900000| Untracked 
|  28|0x0000000085a00000, 0x0000000085a4b108, 0x0000000085b00000| 29%| O|  |TAMS 0x0000000085a00000| PB 0x0000000085a00000| Untracked 
|  29|0x0000000085b00000, 0x0000000085c00000, 0x0000000085c00000|100%| O|  |TAMS 0x0000000085b00000| PB 0x0000000085b00000| Untracked 
|  30|0x0000000085c00000, 0x0000000085c24a00, 0x0000000085d00000| 14%| O|  |TAMS 0x0000000085c00000| PB 0x0000000085c00000| Untracked 
|  31|0x0000000085d00000, 0x0000000085d00000, 0x0000000085e00000|  0%| F|  |TAMS 0x0000000085d00000| PB 0x0000000085d00000| Untracked 
|  32|0x0000000085e00000, 0x0000000085e00000, 0x0000000085f00000|  0%| F|  |TAMS 0x0000000085e00000| PB 0x0000000085e00000| Untracked 
|  33|0x0000000085f00000, 0x0000000085f00000, 0x0000000086000000|  0%| F|  |TAMS 0x0000000085f00000| PB 0x0000000085f00000| Untracked 
|  34|0x0000000086000000, 0x0000000086000000, 0x0000000086100000|  0%| F|  |TAMS 0x0000000086000000| PB 0x0000000086000000| Untracked 
|  35|0x0000000086100000, 0x0000000086176dd0, 0x0000000086200000| 46%| S|CS|TAMS 0x0000000086100000| PB 0x0000000086100000| Complete 
|  36|0x0000000086200000, 0x0000000086200000, 0x0000000086300000|  0%| F|  |TAMS 0x0000000086200000| PB 0x0000000086200000| Untracked 
|  37|0x0000000086300000, 0x0000000086300000, 0x0000000086400000|  0%| F|  |TAMS 0x0000000086300000| PB 0x0000000086300000| Untracked 
|  38|0x0000000086400000, 0x0000000086500000, 0x0000000086500000|100%| S|CS|TAMS 0x0000000086400000| PB 0x0000000086400000| Complete 
|  39|0x0000000086500000, 0x0000000086600000, 0x0000000086600000|100%| S|CS|TAMS 0x0000000086500000| PB 0x0000000086500000| Complete 
|  40|0x0000000086600000, 0x0000000086600000, 0x0000000086700000|  0%| F|  |TAMS 0x0000000086600000| PB 0x0000000086600000| Untracked 
|  41|0x0000000086700000, 0x0000000086700000, 0x0000000086800000|  0%| F|  |TAMS 0x0000000086700000| PB 0x0000000086700000| Untracked 
|  42|0x0000000086800000, 0x0000000086800000, 0x0000000086900000|  0%| F|  |TAMS 0x0000000086800000| PB 0x0000000086800000| Untracked 
|  43|0x0000000086900000, 0x0000000086900000, 0x0000000086a00000|  0%| F|  |TAMS 0x0000000086900000| PB 0x0000000086900000| Untracked 
|  44|0x0000000086a00000, 0x0000000086a00000, 0x0000000086b00000|  0%| F|  |TAMS 0x0000000086a00000| PB 0x0000000086a00000| Untracked 
|  45|0x0000000086b00000, 0x0000000086b00000, 0x0000000086c00000|  0%| F|  |TAMS 0x0000000086b00000| PB 0x0000000086b00000| Untracked 
|  46|0x0000000086c00000, 0x0000000086c00000, 0x0000000086d00000|  0%| F|  |TAMS 0x0000000086c00000| PB 0x0000000086c00000| Untracked 
|  47|0x0000000086d00000, 0x0000000086d00000, 0x0000000086e00000|  0%| F|  |TAMS 0x0000000086d00000| PB 0x0000000086d00000| Untracked 
|  48|0x0000000086e00000, 0x0000000086e00000, 0x0000000086f00000|  0%| F|  |TAMS 0x0000000086e00000| PB 0x0000000086e00000| Untracked 
|  49|0x0000000086f00000, 0x0000000086f00000, 0x0000000087000000|  0%| F|  |TAMS 0x0000000086f00000| PB 0x0000000086f00000| Untracked 
|  50|0x0000000087000000, 0x0000000087000000, 0x0000000087100000|  0%| F|  |TAMS 0x0000000087000000| PB 0x0000000087000000| Untracked 
|  51|0x0000000087100000, 0x0000000087100000, 0x0000000087200000|  0%| F|  |TAMS 0x0000000087100000| PB 0x0000000087100000| Untracked 
|  52|0x0000000087200000, 0x0000000087200000, 0x0000000087300000|  0%| F|  |TAMS 0x0000000087200000| PB 0x0000000087200000| Untracked 
|  53|0x0000000087300000, 0x0000000087300000, 0x0000000087400000|  0%| F|  |TAMS 0x0000000087300000| PB 0x0000000087300000| Untracked 
|  54|0x0000000087400000, 0x0000000087400000, 0x0000000087500000|  0%| F|  |TAMS 0x0000000087400000| PB 0x0000000087400000| Untracked 
|  55|0x0000000087500000, 0x0000000087500000, 0x0000000087600000|  0%| F|  |TAMS 0x0000000087500000| PB 0x0000000087500000| Untracked 
|  56|0x0000000087600000, 0x0000000087600000, 0x0000000087700000|  0%| F|  |TAMS 0x0000000087600000| PB 0x0000000087600000| Untracked 
|  57|0x0000000087700000, 0x0000000087700000, 0x0000000087800000|  0%| F|  |TAMS 0x0000000087700000| PB 0x0000000087700000| Untracked 
|  58|0x0000000087800000, 0x0000000087800000, 0x0000000087900000|  0%| F|  |TAMS 0x0000000087800000| PB 0x0000000087800000| Untracked 
|  59|0x0000000087900000, 0x0000000087900000, 0x0000000087a00000|  0%| F|  |TAMS 0x0000000087900000| PB 0x0000000087900000| Untracked 
|  60|0x0000000087a00000, 0x0000000087a00000, 0x0000000087b00000|  0%| F|  |TAMS 0x0000000087a00000| PB 0x0000000087a00000| Untracked 
|  61|0x0000000087b00000, 0x0000000087b00000, 0x0000000087c00000|  0%| F|  |TAMS 0x0000000087b00000| PB 0x0000000087b00000| Untracked 
|  62|0x0000000087c00000, 0x0000000087c00000, 0x0000000087d00000|  0%| F|  |TAMS 0x0000000087c00000| PB 0x0000000087c00000| Untracked 
|  63|0x0000000087d00000, 0x0000000087d00000, 0x0000000087e00000|  0%| F|  |TAMS 0x0000000087d00000| PB 0x0000000087d00000| Untracked 
|  64|0x0000000087e00000, 0x0000000087e00000, 0x0000000087f00000|  0%| F|  |TAMS 0x0000000087e00000| PB 0x0000000087e00000| Untracked 
|  65|0x0000000087f00000, 0x0000000087f00000, 0x0000000088000000|  0%| F|  |TAMS 0x0000000087f00000| PB 0x0000000087f00000| Untracked 
|  66|0x0000000088000000, 0x0000000088000000, 0x0000000088100000|  0%| F|  |TAMS 0x0000000088000000| PB 0x0000000088000000| Untracked 
|  77|0x0000000088b00000, 0x0000000088b00000, 0x0000000088c00000|  0%| F|  |TAMS 0x0000000088b00000| PB 0x0000000088b00000| Untracked 
|  78|0x0000000088c00000, 0x0000000088c00000, 0x0000000088d00000|  0%| F|  |TAMS 0x0000000088c00000| PB 0x0000000088c00000| Untracked 
|  79|0x0000000088d00000, 0x0000000088d00000, 0x0000000088e00000|  0%| F|  |TAMS 0x0000000088d00000| PB 0x0000000088d00000| Untracked 
|  80|0x0000000088e00000, 0x0000000088eb28e8, 0x0000000088f00000| 69%| E|  |TAMS 0x0000000088e00000| PB 0x0000000088e00000| Complete 
|  81|0x0000000088f00000, 0x0000000089000000, 0x0000000089000000|100%| E|CS|TAMS 0x0000000088f00000| PB 0x0000000088f00000| Complete 
|  82|0x0000000089000000, 0x0000000089100000, 0x0000000089100000|100%| E|CS|TAMS 0x0000000089000000| PB 0x0000000089000000| Complete 
|  83|0x0000000089100000, 0x0000000089200000, 0x0000000089200000|100%| E|CS|TAMS 0x0000000089100000| PB 0x0000000089100000| Complete 
| 125|0x000000008bb00000, 0x000000008bc00000, 0x000000008bc00000|100%| E|CS|TAMS 0x000000008bb00000| PB 0x000000008bb00000| Complete 
|1983|0x00000000ffd00000, 0x00000000ffe00000, 0x00000000ffe00000|100%| E|CS|TAMS 0x00000000ffd00000| PB 0x00000000ffd00000| Complete 
|1984|0x00000000ffe00000, 0x00000000fff00000, 0x00000000fff00000|100%| E|CS|TAMS 0x00000000ffe00000| PB 0x00000000ffe00000| Complete 
|1985|0x00000000fff00000, 0x0000000100000000, 0x0000000100000000|100%| E|CS|TAMS 0x00000000fff00000| PB 0x00000000fff00000| Complete 

Card table byte_map: [0x000001c3748e0000,0x000001c374cd0000] _byte_map_base: 0x000001c3744c1000

Marking Bits: (CMBitMap*) 0x000001c36c159c00
 Bits: [0x000001c3750c0000, 0x000001c376fc8000)

Polling page: 0x000001c369e40000

Metaspace:

Usage:
  Non-class:     62.16 MB used.
      Class:      9.15 MB used.
       Both:     71.31 MB used.

Virtual space:
  Non-class space:       64.00 MB reserved,      62.56 MB ( 98%) committed,  1 nodes.
      Class space:        1.00 GB reserved,       9.50 MB ( <1%) committed,  1 nodes.
             Both:        1.06 GB reserved,      72.06 MB (  7%) committed. 

Chunk freelists:
   Non-Class:  1.45 MB
       Class:  2.50 MB
        Both:  3.95 MB

MaxMetaspaceSize: unlimited
CompressedClassSpaceSize: 1.00 GB
Initial GC threshold: 21.00 MB
Current GC threshold: 119.19 MB
CDS: on
MetaspaceReclaimPolicy: balanced
 - commit_granule_bytes: 65536.
 - commit_granule_words: 8192.
 - virtual_space_node_default_size: 8388608.
 - enlarge_chunks_in_place: 1.
 - new_chunks_are_fully_committed: 0.
 - uncommit_free_chunks: 1.
 - use_allocation_guard: 0.


Internal statistics:

num_allocs_failed_limit: 9.
num_arena_births: 1260.
num_arena_deaths: 422.
num_vsnodes_births: 2.
num_vsnodes_deaths: 0.
num_space_committed: 1153.
num_space_uncommitted: 0.
num_chunks_returned_to_freelist: 480.
num_chunks_taken_from_freelist: 4117.
num_chunk_merges: 104.
num_chunk_splits: 2642.
num_chunks_enlarged: 1999.
num_inconsistent_stats: 0.

CodeHeap 'non-profiled nmethods': size=120000Kb used=6562Kb max_used=6562Kb free=113437Kb
 bounds [0x000001c307ad0000, 0x000001c308140000, 0x000001c30f000000]
CodeHeap 'profiled nmethods': size=120000Kb used=15104Kb max_used=15104Kb free=104895Kb
 bounds [0x000001c300000000, 0x000001c300ed0000, 0x000001c307530000]
CodeHeap 'non-nmethods': size=5760Kb used=1914Kb max_used=1976Kb free=3846Kb
 bounds [0x000001c307530000, 0x000001c3077a0000, 0x000001c307ad0000]
 total_blobs=8298 nmethods=7589 adapters=618
 compilation: enabled
              stopped_count=0, restarted_count=0
 full_count=0

Compilation events (20 events):
Event: 49493.127 Thread 0x000001c3793ec690 nmethod 11823 0x000001c300ebfe10 code [0x000001c300ec0000, 0x000001c300ec0670]
Event: 49523.115 Thread 0x000001c3793e9d80 11826       4       java.util.HashMap::valuesToArray (81 bytes)
Event: 49523.131 Thread 0x000001c3793e9d80 nmethod 11826 0x000001c308132f90 code [0x000001c308133100, 0x000001c308133478]
Event: 49541.901 Thread 0x000001c3793ec690 11827       3       java.text.Format::format (24 bytes)
Event: 49541.904 Thread 0x000001c3793ec690 nmethod 11827 0x000001c300ec0890 code [0x000001c300ec0a60, 0x000001c300ec0ea0]
Event: 49541.928 Thread 0x000001c3793e9d80 11828       4       sun.security.util.math.IntegerModuloP$MultiplicativeInverser$Secp256R1::inverse (304 bytes)
Event: 49541.931 Thread 0x000001c3793ec690 11830       3       sun.security.ssl.BaseSSLSocketImpl::isConnected (21 bytes)
Event: 49541.939 Thread 0x000001c3793ec690 nmethod 11830 0x000001c300ec1090 code [0x000001c300ec1240, 0x000001c300ec1498]
Event: 49541.939 Thread 0x000001c3793ec690 11831       3       sun.security.ssl.SSLSocketImpl::isOutputShutdown (37 bytes)
Event: 49541.943 Thread 0x000001c3793ec690 nmethod 11831 0x000001c300ec1590 code [0x000001c300ec1760, 0x000001c300ec1d48]
Event: 49541.944 Thread 0x000001c3793ec690 11832       3       com.mysql.cj.protocol.AbstractSocketConnection::getNetworkResources (20 bytes)
Event: 49541.964 Thread 0x000001c3793ec690 nmethod 11832 0x000001c300ec1f10 code [0x000001c300ec20c0, 0x000001c300ec2408]
Event: 49541.964 Thread 0x000001c3793ec690 11833       3       com.mysql.cj.protocol.NetworkResources::<init> (20 bytes)
Event: 49541.964 Thread 0x000001c3793ec690 nmethod 11833 0x000001c300ec2510 code [0x000001c300ec26a0, 0x000001c300ec2920]
Event: 49542.186 Thread 0x000001c3793e9d80 nmethod 11828 0x000001c308133690 code [0x000001c308133be0, 0x000001c3081363e8]
Event: 49542.187 Thread 0x000001c3793e9d80 11829       4       java.nio.ByteBuffer::clear (7 bytes)
Event: 49542.188 Thread 0x000001c3793e9d80 nmethod 11829 0x000001c308137e90 code [0x000001c308138000, 0x000001c3081380a0]
Event: 49561.979 Thread 0x000001c3793ec690 11836       3       java.lang.Thread::contextClassLoader (43 bytes)
Event: 49561.990 Thread 0x000001c3793ec690 nmethod 11836 0x000001c300ec2a10 code [0x000001c300ec2bc0, 0x000001c300ec2e48]
Event: 49562.015 Thread 0x000001c3793e9d80 11837   !   4       sun.security.ssl.SSLCipher$T13GcmReadCipherGenerator$GcmReadCipher::decrypt (555 bytes)

GC Heap History (20 events):
Event: 47803.383 GC heap before
{Heap before GC invocations=37 (full 6):
 garbage-first heap   total 66560K, used 34508K [0x0000000083e00000, 0x0000000100000000)
  region size 1024K, 9 young (9216K), 3 survivors (3072K)
 Metaspace       used 71622K, committed 72320K, reserved 1114112K
  class space    used 9301K, committed 9600K, reserved 1048576K
}
Event: 47803.441 GC heap after
{Heap after GC invocations=38 (full 7):
 garbage-first heap   total 66560K, used 25176K [0x0000000083e00000, 0x0000000100000000)
  region size 1024K, 0 young (0K), 0 survivors (0K)
 Metaspace       used 71620K, committed 72320K, reserved 1114112K
  class space    used 9300K, committed 9600K, reserved 1048576K
}
Event: 47803.740 GC heap before
{Heap before GC invocations=38 (full 7):
 garbage-first heap   total 66560K, used 54872K [0x0000000083e00000, 0x0000000100000000)
  region size 1024K, 30 young (30720K), 0 survivors (0K)
 Metaspace       used 71698K, committed 72384K, reserved 1114112K
  class space    used 9306K, committed 9600K, reserved 1048576K
}
Event: 47803.744 GC heap after
{Heap after GC invocations=39 (full 7):
 garbage-first heap   total 66560K, used 28225K [0x0000000083e00000, 0x0000000100000000)
  region size 1024K, 3 young (3072K), 3 survivors (3072K)
 Metaspace       used 71698K, committed 72384K, reserved 1114112K
  class space    used 9306K, committed 9600K, reserved 1048576K
}
Event: 47830.081 GC heap before
{Heap before GC invocations=40 (full 7):
 garbage-first heap   total 66560K, used 55873K [0x0000000083e00000, 0x0000000100000000)
  region size 1024K, 31 young (31744K), 3 survivors (3072K)
 Metaspace       used 72088K, committed 72832K, reserved 1114112K
  class space    used 9322K, committed 9664K, reserved 1048576K
}
Event: 47830.096 GC heap after
{Heap after GC invocations=41 (full 7):
 garbage-first heap   total 66560K, used 29538K [0x0000000083e00000, 0x0000000100000000)
  region size 1024K, 3 young (3072K), 3 survivors (3072K)
 Metaspace       used 72088K, committed 72832K, reserved 1114112K
  class space    used 9322K, committed 9664K, reserved 1048576K
}
Event: 47963.519 GC heap before
{Heap before GC invocations=41 (full 7):
 garbage-first heap   total 66560K, used 32610K [0x0000000083e00000, 0x0000000100000000)
  region size 1024K, 7 young (7168K), 3 survivors (3072K)
 Metaspace       used 72107K, committed 72832K, reserved 1114112K
  class space    used 9322K, committed 9664K, reserved 1048576K
}
Event: 47963.566 GC heap after
{Heap after GC invocations=42 (full 8):
 garbage-first heap   total 66560K, used 25401K [0x0000000083e00000, 0x0000000100000000)
  region size 1024K, 0 young (0K), 0 survivors (0K)
 Metaspace       used 72104K, committed 72832K, reserved 1114112K
  class space    used 9322K, committed 9664K, reserved 1048576K
}
Event: 47963.859 GC heap before
{Heap before GC invocations=42 (full 8):
 garbage-first heap   total 66560K, used 54073K [0x0000000083e00000, 0x0000000100000000)
  region size 1024K, 29 young (29696K), 0 survivors (0K)
 Metaspace       used 72183K, committed 72896K, reserved 1114112K
  class space    used 9328K, committed 9664K, reserved 1048576K
}
Event: 47963.862 GC heap after
{Heap after GC invocations=43 (full 8):
 garbage-first heap   total 66560K, used 28387K [0x0000000083e00000, 0x0000000100000000)
  region size 1024K, 3 young (3072K), 3 survivors (3072K)
 Metaspace       used 72183K, committed 72896K, reserved 1114112K
  class space    used 9328K, committed 9664K, reserved 1048576K
}
Event: 47964.169 GC heap before
{Heap before GC invocations=44 (full 8):
 garbage-first heap   total 66560K, used 55011K [0x0000000083e00000, 0x0000000100000000)
  region size 1024K, 29 young (29696K), 3 survivors (3072K)
 Metaspace       used 72463K, committed 73152K, reserved 1114112K
  class space    used 9343K, committed 9664K, reserved 1048576K
}
Event: 47964.174 GC heap after
{Heap after GC invocations=45 (full 8):
 garbage-first heap   total 66560K, used 29662K [0x0000000083e00000, 0x0000000100000000)
  region size 1024K, 3 young (3072K), 3 survivors (3072K)
 Metaspace       used 72463K, committed 73152K, reserved 1114112K
  class space    used 9343K, committed 9664K, reserved 1048576K
}
Event: 48020.880 GC heap before
{Heap before GC invocations=45 (full 8):
 garbage-first heap   total 66560K, used 33758K [0x0000000083e00000, 0x0000000100000000)
  region size 1024K, 8 young (8192K), 3 survivors (3072K)
 Metaspace       used 72491K, committed 73216K, reserved 1114112K
  class space    used 9344K, committed 9664K, reserved 1048576K
}
Event: 48020.920 GC heap after
{Heap after GC invocations=46 (full 9):
 garbage-first heap   total 66560K, used 25687K [0x0000000083e00000, 0x0000000100000000)
  region size 1024K, 0 young (0K), 0 survivors (0K)
 Metaspace       used 72488K, committed 73216K, reserved 1114112K
  class space    used 9343K, committed 9664K, reserved 1048576K
}
Event: 48021.408 GC heap before
{Heap before GC invocations=46 (full 9):
 garbage-first heap   total 66560K, used 54359K [0x0000000083e00000, 0x0000000100000000)
  region size 1024K, 29 young (29696K), 0 survivors (0K)
 Metaspace       used 72593K, committed 73344K, reserved 1114112K
  class space    used 9350K, committed 9664K, reserved 1048576K
}
Event: 48021.411 GC heap after
{Heap after GC invocations=47 (full 9):
 garbage-first heap   total 66560K, used 28605K [0x0000000083e00000, 0x0000000100000000)
  region size 1024K, 3 young (3072K), 3 survivors (3072K)
 Metaspace       used 72593K, committed 73344K, reserved 1114112K
  class space    used 9350K, committed 9664K, reserved 1048576K
}
Event: 48021.818 GC heap before
{Heap before GC invocations=48 (full 9):
 garbage-first heap   total 66560K, used 56253K [0x0000000083e00000, 0x0000000100000000)
  region size 1024K, 30 young (30720K), 3 survivors (3072K)
 Metaspace       used 72932K, committed 73664K, reserved 1114112K
  class space    used 9368K, committed 9664K, reserved 1048576K
}
Event: 48021.825 GC heap after
{Heap after GC invocations=49 (full 9):
 garbage-first heap   total 66560K, used 29883K [0x0000000083e00000, 0x0000000100000000)
  region size 1024K, 3 young (3072K), 3 survivors (3072K)
 Metaspace       used 72932K, committed 73664K, reserved 1114112K
  class space    used 9368K, committed 9664K, reserved 1048576K
}
Event: 49338.093 GC heap before
{Heap before GC invocations=49 (full 9):
 garbage-first heap   total 66560K, used 55483K [0x0000000083e00000, 0x0000000100000000)
  region size 1024K, 28 young (28672K), 3 survivors (3072K)
 Metaspace       used 73015K, committed 73792K, reserved 1114112K
  class space    used 9370K, committed 9728K, reserved 1048576K
}
Event: 49338.169 GC heap after
{Heap after GC invocations=50 (full 9):
 garbage-first heap   total 79872K, used 30363K [0x0000000083e00000, 0x0000000100000000)
  region size 1024K, 3 young (3072K), 3 survivors (3072K)
 Metaspace       used 73015K, committed 73792K, reserved 1114112K
  class space    used 9370K, committed 9728K, reserved 1048576K
}

Dll operation events (10 events):
Event: 0.009 Loaded shared library C:\Program Files\Java\jdk-20\bin\java.dll
Event: 0.026 Loaded shared library C:\Program Files\Java\jdk-20\bin\jsvml.dll
Event: 0.088 Loaded shared library C:\Program Files\Java\jdk-20\bin\net.dll
Event: 0.089 Loaded shared library C:\Program Files\Java\jdk-20\bin\nio.dll
Event: 0.092 Loaded shared library C:\Program Files\Java\jdk-20\bin\zip.dll
Event: 0.164 Loaded shared library C:\Program Files\Java\jdk-20\bin\jimage.dll
Event: 0.451 Loaded shared library C:\Program Files\Java\jdk-20\bin\management.dll
Event: 0.458 Loaded shared library C:\Program Files\Java\jdk-20\bin\management_ext.dll
Event: 1.195 Loaded shared library C:\Program Files\Java\jdk-20\bin\sunmscapi.dll
Event: 3.618 Loaded shared library C:\Program Files\Java\jdk-20\bin\extnet.dll

Deoptimization events (20 events):
Event: 49332.925 Thread 0x000001c3507e2fb0 DEOPT PACKING pc=0x000001c308131168 sp=0x0000003e4f0ff310
Event: 49332.930 Thread 0x000001c3507e2fb0 DEOPT UNPACKING pc=0x000001c30754d2a2 sp=0x0000003e4f0ff2b0 mode 2
Event: 49332.931 Thread 0x000001c3507e2fb0 Uncommon trap: trap_request=0xffffffbe fr.pc=0x000001c308131168 relative=0x00000000000002e8
Event: 49332.931 Thread 0x000001c3507e2fb0 Uncommon trap: reason=profile_predicate action=maybe_recompile pc=0x000001c308131168 method=java.util.HashMap.valuesToArray([Ljava/lang/Object;)[Ljava/lang/Object; @ 36 c2
Event: 49332.931 Thread 0x000001c3507e2fb0 DEOPT PACKING pc=0x000001c308131168 sp=0x0000003e4f0ff240
Event: 49332.931 Thread 0x000001c3507e2fb0 DEOPT UNPACKING pc=0x000001c30754d2a2 sp=0x0000003e4f0ff1e0 mode 2
Event: 49332.931 Thread 0x000001c3507e2fb0 Uncommon trap: trap_request=0xffffffbe fr.pc=0x000001c308131168 relative=0x00000000000002e8
Event: 49332.931 Thread 0x000001c3507e2fb0 Uncommon trap: reason=profile_predicate action=maybe_recompile pc=0x000001c308131168 method=java.util.HashMap.valuesToArray([Ljava/lang/Object;)[Ljava/lang/Object; @ 36 c2
Event: 49332.931 Thread 0x000001c3507e2fb0 DEOPT PACKING pc=0x000001c308131168 sp=0x0000003e4f0ff170
Event: 49332.931 Thread 0x000001c3507e2fb0 DEOPT UNPACKING pc=0x000001c30754d2a2 sp=0x0000003e4f0ff110 mode 2
Event: 49342.935 Thread 0x000001c3507e2510 Uncommon trap: trap_request=0xffffffbe fr.pc=0x000001c308131168 relative=0x00000000000002e8
Event: 49342.935 Thread 0x000001c3507e2510 Uncommon trap: reason=profile_predicate action=maybe_recompile pc=0x000001c308131168 method=java.util.HashMap.valuesToArray([Ljava/lang/Object;)[Ljava/lang/Object; @ 36 c2
Event: 49342.935 Thread 0x000001c3507e2510 DEOPT PACKING pc=0x000001c308131168 sp=0x0000003e4f9fefa0
Event: 49342.935 Thread 0x000001c3507e2510 DEOPT UNPACKING pc=0x000001c30754d2a2 sp=0x0000003e4f9fef40 mode 2
Event: 49533.121 Thread 0x000001c3507e2fb0 Uncommon trap: trap_request=0xffffff76 fr.pc=0x000001c3081333dc relative=0x00000000000002dc
Event: 49533.121 Thread 0x000001c3507e2fb0 Uncommon trap: reason=predicate action=maybe_recompile pc=0x000001c3081333dc method=java.util.HashMap.valuesToArray([Ljava/lang/Object;)[Ljava/lang/Object; @ 48 c2
Event: 49533.132 Thread 0x000001c3507e2fb0 DEOPT PACKING pc=0x000001c3081333dc sp=0x0000003e4f0ff320
Event: 49533.132 Thread 0x000001c3507e2fb0 DEOPT UNPACKING pc=0x000001c30754d2a2 sp=0x0000003e4f0ff2b8 mode 2
Event: 49541.928 Thread 0x000001c350699e20 DEOPT PACKING pc=0x000001c300b47180 sp=0x0000003e4d9fdf10
Event: 49541.928 Thread 0x000001c350699e20 DEOPT UNPACKING pc=0x000001c30759e462 sp=0x0000003e4d9fd3c0 mode 0

Classes loaded (20 events):
Event: 3916.315 Loading class sun/security/ssl/Alert$AlertConsumer
Event: 3916.319 Loading class sun/security/ssl/Alert$AlertConsumer done
Event: 3916.320 Loading class sun/security/ssl/Alert$Level
Event: 3916.320 Loading class sun/security/ssl/Alert$Level done
Event: 3916.323 Loading class sun/net/ConnectionResetException
Event: 3916.324 Loading class sun/net/ConnectionResetException done
Event: 46731.697 Loading class java/util/concurrent/locks/AbstractQueuedSynchronizer$SharedNode
Event: 46731.702 Loading class java/util/concurrent/locks/AbstractQueuedSynchronizer$SharedNode done
Event: 46732.251 Loading class java/util/WeakHashMap$KeyIterator
Event: 46732.253 Loading class java/util/WeakHashMap$HashIterator
Event: 46732.254 Loading class java/util/WeakHashMap$HashIterator done
Event: 46732.254 Loading class java/util/WeakHashMap$KeyIterator done
Event: 46732.591 Loading class java/lang/ref/Finalizer$2
Event: 46732.592 Loading class java/lang/ref/Finalizer$2 done
Event: 46732.592 Loading class java/lang/ref/Finalizer$1
Event: 46732.594 Loading class java/lang/ref/Finalizer$1 done
Event: 46733.432 Loading class java/time/DurationEditor
Event: 46733.432 Loading class java/time/DurationEditor done
Event: 47633.405 Loading class java/lang/invoke/MethodHandleImpl$CountingWrapper$1
Event: 47633.408 Loading class java/lang/invoke/MethodHandleImpl$CountingWrapper$1 done

Classes unloaded (20 events):
Event: 47414.274 Thread 0x000001c3793ae790 Unloading class 0x000001c3103d4800 'java/lang/invoke/LambdaForm$MH+0x000001c3103d4800'
Event: 47414.274 Thread 0x000001c3793ae790 Unloading class 0x000001c310954000 'org/apache/catalina/loader/JdbcLeakPrevention'
Event: 47414.275 Thread 0x000001c3793ae790 Unloading class 0x000001c310390c00 'java/lang/invoke/LambdaForm$MH+0x000001c310390c00'
Event: 47414.276 Thread 0x000001c3793ae790 Unloading class 0x000001c310376000 'java/lang/invoke/LambdaForm$MH+0x000001c310376000'
Event: 47414.276 Thread 0x000001c3793ae790 Unloading class 0x000001c310375800 'java/lang/invoke/LambdaForm$MH+0x000001c310375800'
Event: 47414.276 Thread 0x000001c3793ae790 Unloading class 0x000001c310374400 'java/lang/invoke/LambdaForm$MH+0x000001c310374400'
Event: 47414.277 Thread 0x000001c3793ae790 Unloading class 0x000001c310368c00 'java/lang/invoke/LambdaForm$MH+0x000001c310368c00'
Event: 47414.277 Thread 0x000001c3793ae790 Unloading class 0x000001c310368400 'java/lang/invoke/LambdaForm$MH+0x000001c310368400'
Event: 47414.277 Thread 0x000001c3793ae790 Unloading class 0x000001c310354800 'java/lang/invoke/LambdaForm$MH+0x000001c310354800'
Event: 47414.278 Thread 0x000001c3793ae790 Unloading class 0x000001c310348400 'java/lang/invoke/LambdaForm$MH+0x000001c310348400'
Event: 47414.279 Thread 0x000001c3793ae790 Unloading class 0x000001c310320800 'java/lang/invoke/LambdaForm$MH+0x000001c310320800'
Event: 47414.279 Thread 0x000001c3793ae790 Unloading class 0x000001c310109800 'java/lang/invoke/LambdaForm$MH+0x000001c310109800'
Event: 47414.280 Thread 0x000001c3793ae790 Unloading class 0x000001c310008800 'java/lang/invoke/LambdaForm$MH+0x000001c310008800'
Event: 47557.273 Thread 0x000001c3793ae790 Unloading class 0x000001c3103ec800 'org/apache/catalina/loader/JdbcLeakPrevention'
Event: 47633.116 Thread 0x000001c3793ae790 Unloading class 0x000001c3103d4000 'org/apache/catalina/loader/JdbcLeakPrevention'
Event: 47641.751 Thread 0x000001c3793ae790 Unloading class 0x000001c31032d800 'org/apache/catalina/loader/JdbcLeakPrevention'
Event: 47644.291 Thread 0x000001c3793ae790 Unloading class 0x000001c310188000 'org/apache/catalina/loader/JdbcLeakPrevention'
Event: 47803.397 Thread 0x000001c3793ae790 Unloading class 0x000001c310109000 'org/apache/catalina/loader/JdbcLeakPrevention'
Event: 47963.536 Thread 0x000001c3793ae790 Unloading class 0x000001c310968000 'org/apache/catalina/loader/JdbcLeakPrevention'
Event: 48020.891 Thread 0x000001c3793ae790 Unloading class 0x000001c310970800 'org/apache/catalina/loader/JdbcLeakPrevention'

Classes redefined (0 events):
No events

Internal exceptions (20 events):
Event: 47803.377 Thread 0x000001c3507e1520 Exception <a 'java/io/IOException'{0x00000000891fc368}> (0x00000000891fc368) 
thrown [s\open\src\hotspot\share\prims\jni.cpp, line 519]
Event: 47803.383 Thread 0x000001c350699380 Exception <a 'java/lang/InterruptedException'{0x000000008900ddc8}: sleep interrupted> (0x000000008900ddc8) 
thrown [s\open\src\hotspot\share\prims\jvm.cpp, line 3086]
Event: 47803.452 Thread 0x000001c3507e3fa0 Exception <a 'sun/nio/fs/WindowsException'{0x00000000fff8f8f8}> (0x00000000fff8f8f8) 
thrown [s\open\src\hotspot\share\prims\jni.cpp, line 519]
Event: 47803.685 Thread 0x000001c3507e3fa0 Exception <a 'java/io/FileNotFoundException'{0x00000000864ad798}> (0x00000000864ad798) 
thrown [s\open\src\hotspot\share\prims\jni.cpp, line 519]
Event: 47803.725 Thread 0x000001c3507e3fa0 Exception <a 'java/io/FileNotFoundException'{0x000000008627a478}> (0x000000008627a478) 
thrown [s\open\src\hotspot\share\prims\jni.cpp, line 519]
Event: 47963.518 Thread 0x000001c3507e1520 Exception <a 'java/lang/InterruptedException'{0x000000008bbe8bf0}: sleep interrupted> (0x000000008bbe8bf0) 
thrown [s\open\src\hotspot\share\prims\jvm.cpp, line 3086]
Event: 47963.574 Thread 0x000001c350699380 Exception <a 'sun/nio/fs/WindowsException'{0x00000000fff8e880}> (0x00000000fff8e880) 
thrown [s\open\src\hotspot\share\prims\jni.cpp, line 519]
Event: 47963.814 Thread 0x000001c350699380 Exception <a 'java/io/FileNotFoundException'{0x00000000864c3150}> (0x00000000864c3150) 
thrown [s\open\src\hotspot\share\prims\jni.cpp, line 519]
Event: 47963.855 Thread 0x000001c350699380 Exception <a 'java/io/FileNotFoundException'{0x00000000862905e8}> (0x00000000862905e8) 
thrown [s\open\src\hotspot\share\prims\jni.cpp, line 519]
Event: 48020.871 Thread 0x000001c3507e3fa0 Exception <a 'java/io/IOException'{0x0000000089197040}> (0x0000000089197040) 
thrown [s\open\src\hotspot\share\prims\jni.cpp, line 519]
Event: 48020.873 Thread 0x000001c3507e3fa0 Exception <a 'java/io/IOException'{0x000000008919ab40}> (0x000000008919ab40) 
thrown [s\open\src\hotspot\share\prims\jni.cpp, line 519]
Event: 48020.873 Thread 0x000001c3507e3fa0 Exception <a 'java/io/IOException'{0x000000008919d498}> (0x000000008919d498) 
thrown [s\open\src\hotspot\share\prims\jni.cpp, line 519]
Event: 48020.879 Thread 0x000001c3506998d0 Exception <a 'java/lang/InterruptedException'{0x00000000891bf2c0}: sleep interrupted> (0x00000000891bf2c0) 
thrown [s\open\src\hotspot\share\prims\jvm.cpp, line 3086]
Event: 48020.946 Thread 0x000001c3507e1fc0 Exception <a 'sun/nio/fs/WindowsException'{0x00000000fff8d058}> (0x00000000fff8d058) 
thrown [s\open\src\hotspot\share\prims\jni.cpp, line 519]
Event: 48021.265 Thread 0x000001c3507e1fc0 Exception <a 'java/io/FileNotFoundException'{0x00000000864bb148}> (0x00000000864bb148) 
thrown [s\open\src\hotspot\share\prims\jni.cpp, line 519]
Event: 48021.305 Thread 0x000001c3507e1fc0 Exception <a 'java/io/FileNotFoundException'{0x0000000086288978}> (0x0000000086288978) 
thrown [s\open\src\hotspot\share\prims\jni.cpp, line 519]
Event: 49388.360 Thread 0x000001c3506998d0 Exception <a 'java/io/IOException'{0x00000000ffe44d70}> (0x00000000ffe44d70) 
thrown [s\open\src\hotspot\share\prims\jni.cpp, line 519]
Event: 49388.371 Thread 0x000001c3506998d0 Exception <a 'java/io/IOException'{0x00000000ffe453c0}> (0x00000000ffe453c0) 
thrown [s\open\src\hotspot\share\prims\jni.cpp, line 519]
Event: 49548.495 Thread 0x000001c350697e40 Exception <a 'java/io/IOException'{0x0000000088f01660}> (0x0000000088f01660) 
thrown [s\open\src\hotspot\share\prims\jni.cpp, line 519]
Event: 49548.496 Thread 0x000001c350697e40 Exception <a 'java/io/IOException'{0x0000000088f01cb0}> (0x0000000088f01cb0) 
thrown [s\open\src\hotspot\share\prims\jni.cpp, line 519]

VM Operations (20 events):
Event: 48022.831 Executing VM operation: Cleanup
Event: 48022.832 Executing VM operation: Cleanup done
Event: 48036.962 Executing VM operation: Cleanup
Event: 48036.962 Executing VM operation: Cleanup done
Event: 48042.511 Executing VM operation: HandshakeAllThreads
Event: 48042.511 Executing VM operation: HandshakeAllThreads done
Event: 49333.504 Executing VM operation: Cleanup
Event: 49333.511 Executing VM operation: Cleanup done
Event: 49338.089 Executing VM operation: G1CollectForAllocation
Event: 49338.169 Executing VM operation: G1CollectForAllocation done
Event: 49343.215 Executing VM operation: Cleanup
Event: 49343.215 Executing VM operation: Cleanup done
Event: 49388.609 Executing VM operation: Cleanup
Event: 49388.625 Executing VM operation: Cleanup done
Event: 49533.809 Executing VM operation: Cleanup
Event: 49533.809 Executing VM operation: Cleanup done
Event: 49542.886 Executing VM operation: Cleanup
Event: 49542.887 Executing VM operation: Cleanup done
Event: 49548.929 Executing VM operation: Cleanup
Event: 49548.929 Executing VM operation: Cleanup done

Events (20 events):
Event: 48021.893 Thread 0x000001c37ecb5530 Thread exited: 0x000001c37ecb5530
Event: 48027.143 Thread 0x000001c3507e1520 Thread exited: 0x000001c3507e1520
Event: 49388.288 Thread 0x000001c3506998d0 Thread added: 0x000001c3506998d0
Event: 49388.379 Thread 0x000001c35069ae10 Thread added: 0x000001c35069ae10
Event: 49393.397 Thread 0x000001c3506998d0 Thread exited: 0x000001c3506998d0
Event: 49393.853 Thread 0x000001c35069ae10 Thread exited: 0x000001c35069ae10
Event: 49482.113 Thread 0x000001c350699e20 Thread added: 0x000001c350699e20
Event: 49482.127 Thread 0x000001c35069ae10 Thread added: 0x000001c35069ae10
Event: 49487.143 Thread 0x000001c350699e20 Thread exited: 0x000001c350699e20
Event: 49487.237 Thread 0x000001c35069ae10 Thread exited: 0x000001c35069ae10
Event: 49541.872 Thread 0x000001c3506998d0 Thread added: 0x000001c3506998d0
Event: 49541.890 Thread 0x000001c350699e20 Thread added: 0x000001c350699e20
Event: 49546.902 Thread 0x000001c3506998d0 Thread exited: 0x000001c3506998d0
Event: 49546.996 Thread 0x000001c350699e20 Thread exited: 0x000001c350699e20
Event: 49548.478 Thread 0x000001c350697e40 Thread added: 0x000001c350697e40
Event: 49548.497 Thread 0x000001c3506998d0 Thread added: 0x000001c3506998d0
Event: 49555.049 Thread 0x000001c350697e40 Thread exited: 0x000001c350697e40
Event: 49555.127 Thread 0x000001c3506998d0 Thread exited: 0x000001c3506998d0
Event: 49561.979 Thread 0x000001c350698e30 Thread added: 0x000001c350698e30
Event: 49561.984 Thread 0x000001c350699380 Thread added: 0x000001c350699380


Dynamic libraries:
0x00007ff7168c0000 - 0x00007ff7168d0000 	C:\Program Files\Java\jdk-20\bin\javaw.exe
0x00007ff886d80000 - 0x00007ff886fe8000 	C:\WINDOWS\SYSTEM32\ntdll.dll
0x00007ff885700000 - 0x00007ff8857c9000 	C:\WINDOWS\System32\KERNEL32.DLL
0x00007ff883be0000 - 0x00007ff883fd1000 	C:\WINDOWS\System32\KERNELBASE.dll
0x00007ff883880000 - 0x00007ff8839cb000 	C:\WINDOWS\System32\ucrtbase.dll
0x00007ff84b960000 - 0x00007ff84b979000 	C:\Program Files\Java\jdk-20\bin\jli.dll
0x00007ff884d50000 - 0x00007ff884e04000 	C:\WINDOWS\System32\ADVAPI32.dll
0x00007ff885650000 - 0x00007ff8856f9000 	C:\WINDOWS\System32\msvcrt.dll
0x00007ff884c90000 - 0x00007ff884d36000 	C:\WINDOWS\System32\sechost.dll
0x00007ff885300000 - 0x00007ff885418000 	C:\WINDOWS\System32\RPCRT4.dll
0x00007ff84b6d0000 - 0x00007ff84b6eb000 	C:\Program Files\Java\jdk-20\bin\VCRUNTIME140.dll
0x00007ff884e80000 - 0x00007ff885046000 	C:\WINDOWS\System32\USER32.dll
0x00007ff8841d0000 - 0x00007ff8841f7000 	C:\WINDOWS\System32\win32u.dll
0x00007ff886d10000 - 0x00007ff886d3b000 	C:\WINDOWS\System32\GDI32.dll
0x00007ff861620000 - 0x00007ff8618b3000 	C:\WINDOWS\WinSxS\amd64_microsoft.windows.common-controls_6595b64144ccf1df_6.0.26100.7824_none_3e0870b2e3345462\COMCTL32.dll
0x00007ff8840a0000 - 0x00007ff8841cb000 	C:\WINDOWS\System32\gdi32full.dll
0x00007ff8837d0000 - 0x00007ff883873000 	C:\WINDOWS\System32\msvcp_win.dll
0x00007ff87aae0000 - 0x00007ff87aaeb000 	C:\WINDOWS\SYSTEM32\VERSION.dll
0x00007ff885800000 - 0x00007ff885831000 	C:\WINDOWS\System32\IMM32.DLL
0x00007ff854e50000 - 0x00007ff854e5c000 	C:\Program Files\Java\jdk-20\bin\vcruntime140_1.dll
0x00007ff843260000 - 0x00007ff8432ee000 	C:\Program Files\Java\jdk-20\bin\msvcp140.dll
0x00007fffdd4c0000 - 0x00007fffde158000 	C:\Program Files\Java\jdk-20\bin\server\jvm.dll
0x00007ff85a910000 - 0x00007ff85a91a000 	C:\WINDOWS\SYSTEM32\WSOCK32.dll
0x00007ff87ace0000 - 0x00007ff87ad15000 	C:\WINDOWS\SYSTEM32\WINMM.dll
0x00007ff885050000 - 0x00007ff8850c4000 	C:\WINDOWS\System32\WS2_32.dll
0x00007ff882400000 - 0x00007ff88241b000 	C:\WINDOWS\SYSTEM32\kernel.appcore.dll
0x00007ff854e00000 - 0x00007ff854e0a000 	C:\Program Files\Java\jdk-20\bin\jimage.dll
0x00007ff875170000 - 0x00007ff8753b2000 	C:\WINDOWS\SYSTEM32\DBGHELP.DLL
0x00007ff886980000 - 0x00007ff886d06000 	C:\WINDOWS\System32\combase.dll
0x00007ff885d50000 - 0x00007ff885e27000 	C:\WINDOWS\System32\OLEAUT32.dll
0x00007ff85fa20000 - 0x00007ff85fa5b000 	C:\WINDOWS\SYSTEM32\dbgcore.DLL
0x00007ff884200000 - 0x00007ff8842a5000 	C:\WINDOWS\System32\bcryptPrimitives.dll
0x00007ff8440d0000 - 0x00007ff8440f6000 	C:\Program Files\Java\jdk-20\bin\java.dll
0x00007ff843180000 - 0x00007ff843257000 	C:\Program Files\Java\jdk-20\bin\jsvml.dll
0x00007ff885ec0000 - 0x00007ff886612000 	C:\WINDOWS\System32\SHELL32.dll
0x00007ff883660000 - 0x00007ff8837ca000 	C:\WINDOWS\System32\wintypes.dll
0x00007ff8842b0000 - 0x00007ff884b13000 	C:\WINDOWS\System32\windows.storage.dll
0x00007ff886620000 - 0x00007ff886716000 	C:\WINDOWS\System32\SHCORE.dll
0x00007ff884e10000 - 0x00007ff884e77000 	C:\WINDOWS\System32\shlwapi.dll
0x00007ff883580000 - 0x00007ff8835a9000 	C:\WINDOWS\SYSTEM32\profapi.dll
0x00007ff84b6b0000 - 0x00007ff84b6c3000 	C:\Program Files\Java\jdk-20\bin\net.dll
0x00007ff87cc80000 - 0x00007ff87cda7000 	C:\WINDOWS\SYSTEM32\WINHTTP.dll
0x00007ff882970000 - 0x00007ff8829db000 	C:\WINDOWS\system32\mswsock.dll
0x00007ff843500000 - 0x00007ff843516000 	C:\Program Files\Java\jdk-20\bin\nio.dll
0x00007ff8434e0000 - 0x00007ff8434f8000 	C:\Program Files\Java\jdk-20\bin\zip.dll
0x00007ff854340000 - 0x00007ff85434a000 	C:\Program Files\Java\jdk-20\bin\management.dll
0x00007ff850440000 - 0x00007ff85044b000 	C:\Program Files\Java\jdk-20\bin\management_ext.dll
0x00007ff8855c0000 - 0x00007ff8855c8000 	C:\WINDOWS\System32\PSAPI.DLL
0x00007ff850410000 - 0x00007ff85041e000 	C:\Program Files\Java\jdk-20\bin\sunmscapi.dll
0x00007ff883a60000 - 0x00007ff883bd7000 	C:\WINDOWS\System32\CRYPT32.dll
0x00007ff882e60000 - 0x00007ff882e90000 	C:\WINDOWS\SYSTEM32\ncrypt.dll
0x00007ff882e10000 - 0x00007ff882e4f000 	C:\WINDOWS\SYSTEM32\NTASN1.dll
0x00007ff882c40000 - 0x00007ff882c5b000 	C:\WINDOWS\SYSTEM32\CRYPTSP.dll
0x00007ff882340000 - 0x00007ff882379000 	C:\WINDOWS\system32\rsaenh.dll
0x00007ff882a20000 - 0x00007ff882a4b000 	C:\WINDOWS\SYSTEM32\USERENV.dll
0x00007ff883550000 - 0x00007ff88357a000 	C:\WINDOWS\SYSTEM32\bcrypt.dll
0x00007ff882c60000 - 0x00007ff882c6c000 	C:\WINDOWS\SYSTEM32\CRYPTBASE.dll
0x00007ff881dd0000 - 0x00007ff881e04000 	C:\WINDOWS\SYSTEM32\IPHLPAPI.DLL
0x00007ff8855b0000 - 0x00007ff8855ba000 	C:\WINDOWS\System32\NSI.dll
0x00007ff87d700000 - 0x00007ff87d71e000 	C:\WINDOWS\SYSTEM32\dhcpcsvc6.DLL
0x00007ff87d6d0000 - 0x00007ff87d6f3000 	C:\WINDOWS\SYSTEM32\dhcpcsvc.DLL
0x00007ff881e60000 - 0x00007ff881f8c000 	C:\WINDOWS\SYSTEM32\DNSAPI.dll
0x00007ff87d340000 - 0x00007ff87d34b000 	C:\Windows\System32\rasadhlp.dll
0x00007ff87db10000 - 0x00007ff87db96000 	C:\WINDOWS\System32\fwpuclnt.dll
0x00007ff84bbd0000 - 0x00007ff84bbd7000 	C:\Program Files\Java\jdk-20\bin\extnet.dll
0x00007ffff0190000 - 0x00007ffff0198000 	C:\WINDOWS\system32\wshunix.dll

dbghelp: loaded successfully - version: 4.0.5 - missing functions: none
symbol engine: initialized successfully - sym options: 0x614 - pdb path: .;C:\Program Files\Java\jdk-20\bin;C:\WINDOWS\SYSTEM32;C:\WINDOWS\WinSxS\amd64_microsoft.windows.common-controls_6595b64144ccf1df_6.0.26100.7824_none_3e0870b2e3345462;C:\Program Files\Java\jdk-20\bin\server

VM Arguments:
jvm_args: -Dfile.encoding=UTF-8 -Dstdout.encoding=UTF-8 -Dstderr.encoding=UTF-8 -XX:+ShowCodeDetailsInExceptionMessages 
java_command: com.codecodence.admin_panel_backend.AdminPanelBackendApplication
java_class_path (initial): E:\Admin-Panel-Backend\admin-panel-backend\target\classes;C:\Users\Aditya Raj\.m2\repository\org\springframework\boot\spring-boot-starter-data-jpa\4.0.2\spring-boot-starter-data-jpa-4.0.2.jar;C:\Users\Aditya Raj\.m2\repository\org\springframework\boot\spring-boot-starter\4.0.2\spring-boot-starter-4.0.2.jar;C:\Users\Aditya Raj\.m2\repository\org\springframework\boot\spring-boot-starter-logging\4.0.2\spring-boot-starter-logging-4.0.2.jar;C:\Users\Aditya Raj\.m2\repository\ch\qos\logback\logback-classic\1.5.25\logback-classic-1.5.25.jar;C:\Users\Aditya Raj\.m2\repository\ch\qos\logback\logback-core\1.5.25\logback-core-1.5.25.jar;C:\Users\Aditya Raj\.m2\repository\org\apache\logging\log4j\log4j-to-slf4j\2.25.3\log4j-to-slf4j-2.25.3.jar;C:\Users\Aditya Raj\.m2\repository\org\apache\logging\log4j\log4j-api\2.25.3\log4j-api-2.25.3.jar;C:\Users\Aditya Raj\.m2\repository\org\slf4j\jul-to-slf4j\2.0.17\jul-to-slf4j-2.0.17.jar;C:\Users\Aditya Raj\.m2\repository\jakarta\annotation\jakarta.annotation-api\3.0.0\jakarta.annotation-api-3.0.0.jar;C:\Users\Aditya Raj\.m2\repository\org\yaml\snakeyaml\2.5\snakeyaml-2.5.jar;C:\Users\Aditya Raj\.m2\repository\org\springframework\boot\spring-boot-starter-jdbc\4.0.2\spring-boot-starter-jdbc-4.0.2.jar;C:\Users\Aditya Raj\.m2\repository\com\zaxxer\HikariCP\7.0.2\HikariCP-7.0.2.jar;C:\Users\Aditya Raj\.m2\repository\org\slf4j\slf4j-api\2.0.17\slf4j-api-2.0.17.jar;C:\Users\Aditya Raj\.m2\repository\org\springframework\boot\spring-boot-data-jpa\4.0.2\spring-boot-data-jpa-4.0.2.jar;C:\Users\Aditya Raj\.m2\repository\org\springframework\boot\spring-boot-data-commons\4.0.2\spring-boot-data-commons-4.0.2.jar;C:\Users\Aditya Raj\.m2\repository\org\springframework\boot\spring-boot-persistence\4.0.2\spring-boot-persistence-4.0.2.jar;C:\Users\Aditya Raj\.m2\repository\org\springframework\data\spring-data-commons\4.0.2\spring-data-commons-4.0.2.jar;C:\Users\Aditya Raj\.m2\repository\org\springframework\boot\spring-boot-hibernate\4.0.2\spring-boot-hibernate-4.0.2.jar;C:\Users\Aditya Raj\.m2\repository\org\springframework\boot\spring-boot-jpa\4.0.2\spring-boot-jpa-4.0.2.jar;C:\Users\Aditya Raj\.m2\repository\jakarta\persistence\jakarta.persistence-api\3.2.0\jakarta.persistence-api-3.2.0.jar;C:\Users\Aditya Raj\.m2\repository\org\hibernate\orm\hibernate-core\7.2.1.Final\hibernate-core-7.2.1.Final.jar;C:\Users\Aditya Raj\.m2\repository\jakarta\transaction\jakarta.transaction-api\2.0.1\jakarta.transaction-api-2.0.1.jar;C:\Users\Aditya Raj\.m2\repository\org\jboss\logging\jboss-logging\3.6.1.Final\jboss-logging-3.6.1.Final.jar;C:\Users\Aditya Raj\.m2\repository\org\hibernate\models\hibernate-models\1.0.1\hibernate-models-1.0.1.jar;C:\Users\Aditya Raj\.m2\repository\com\fasterxml\classmate\1.7.3\classmate-1.7.3.jar;C:\Users\Aditya Raj\.m2\repository\org\glassfish\jaxb\jaxb-runtime\4.0.6\jaxb-runtime-4.0.6.jar;C:\Users\Aditya Raj\.m2\repository\org\glassfish\jaxb\jaxb-core\4.0.6\jaxb-core-4.0.6.jar;C:\Users\Aditya Raj\.m2\repository\org\eclipse\angus\angus-activation\2.0.3\angus-activation-2.0.3.jar;C:\Users\Aditya Raj\.m2\repository\org\glassfish\jaxb\txw2\4.0.6\txw2-4.0.6.jar;C:\Users\Aditya Raj\.m2\repository\com\sun\istack\istack-commons-runtime\4.1.2\istack-commons-runtime-4.1.2.jar;C:\Users\Aditya Raj\.m2\repository\jakarta\inject\jakarta.inject-api\2.0.1\jakarta.inject-api-2.0.1.jar;C:\Users\Aditya Raj\.m2\repository\org\springframework\spring-orm\7.0.3\spring-orm-7.0.3.jar;C:\Users\Aditya Raj\.m2\repository\org\springframework\data\spring-data-jpa\4.0.2\spring-data-jpa-4.0.2.jar;C:\Users\Aditya Raj\.m2\repository\org\springframework\spring-aop\7.0.3\spring-aop-7.0.3.jar;C:\Users\Aditya Raj\.m2\repository\org\springframework\spring-tx\7.0.3\spring-tx-7.0.3.jar;C:\Users\Aditya Raj\.m2\repository\org\springframework\spring-beans\7.0.3\spring-beans-7.0.3.jar;C:\Users\Aditya Raj\.m2\repository\org\antlr\antlr4-runtime\4.13.2\antlr4-runtime-4.13.2.jar;C:\Users\Aditya Raj\.m2\repository\org\springframework\spring-aspects\7.0.3\spring-aspects-7.0.3.jar;C:\Users\Aditya Raj\.m2\repository\org\aspectj\aspectjweaver\1.9.25.1\aspectjweaver-1.9.25.1.jar;C:\Users\Aditya Raj\.m2\repository\org\springframework\boot\spring-boot-jdbc\4.0.2\spring-boot-jdbc-4.0.2.jar;C:\Users\Aditya Raj\.m2\repository\org\springframework\boot\spring-boot-sql\4.0.2\spring-boot-sql-4.0.2.jar;C:\Users\Aditya Raj\.m2\repository\org\springframework\boot\spring-boot-transaction\4.0.2\spring-boot-transaction-4.0.2.jar;C:\Users\Aditya Raj\.m2\repository\org\springframework\spring-jdbc\7.0.3\spring-jdbc-7.0.3.jar;C:\Users\Aditya Raj\.m2\repository\org\springframework\boot\spring-boot-starter-webmvc\4.0.2\spring-boot-starter-webmvc-4.0.2.jar;C:\Users\Aditya Raj\.m2\repository\org\springframework\boot\spring-boot-starter-jackson\4.0.2\spring-boot-starter-jackson-4.0.2.jar;C:\Users\Aditya Raj\.m2\repository\org\springframework\boot\spring-boot-jackson\4.0.2\spring-boot-jackson-4.0.2.jar;C:\Users\Aditya Raj\.m2\repository\tools\jackson\core\jackson-databind\3.0.4\jackson-databind-3.0.4.jar;C:\Users\Aditya Raj\.m2\repository\com\fasterxml\jackson\core\jackson-annotations\2.20\jackson-annotations-2.20.jar;C:\Users\Aditya Raj\.m2\repository\tools\jackson\core\jackson-core\3.0.4\jackson-core-3.0.4.jar;C:\Users\Aditya Raj\.m2\repository\org\springframework\boot\spring-boot-starter-tomcat\4.0.2\spring-boot-starter-tomcat-4.0.2.jar;C:\Users\Aditya Raj\.m2\repository\org\springframework\boot\spring-boot-starter-tomcat-runtime\4.0.2\spring-boot-starter-tomcat-runtime-4.0.2.jar;C:\Users\Aditya Raj\.m2\repository\org\apache\tomcat\embed\tomcat-embed-core\11.0.15\tomcat-embed-core-11.0.15.jar;C:\Users\Aditya Raj\.m2\repository\org\apache\tomcat\embed\tomcat-embed-el\11.0.15\tomcat-embed-el-11.0.15.jar;C:\Users\Aditya Raj\.m2\repository\org\apache\tomcat\embed\tomcat-embed-websocket\11.0.15\tomcat-embed-websocket-11.0.15.jar;C:\Users\Aditya Raj\.m2\repository\org\springframework\boot\spring-boot-tomcat\4.0.2\spring-boot-tomcat-4.0.2.jar;C:\Users\Aditya Raj\.m2\repository\org\springframework\boot\spring-boot-http-converter\4.0.2\spring-boot-http-converter-4.0.2.jar;C:\Users\Aditya Raj\.m2\repository\org\springframework\spring-web\7.0.3\spring-web-7.0.3.jar;C:\Users\Aditya Raj\.m2\repository\io\micrometer\micrometer-observation\1.16.2\micrometer-observation-1.16.2.jar;C:\Users\Aditya Raj\.m2\repository\io\micrometer\micrometer-commons\1.16.2\micrometer-commons-1.16.2.jar;C:\Users\Aditya Raj\.m2\repository\org\springframework\boot\spring-boot-webmvc\4.0.2\spring-boot-webmvc-4.0.2.jar;C:\Users\Aditya Raj\.m2\repository\org\springframework\boot\spring-boot-servlet\4.0.2\spring-boot-servlet-4.0.2.jar;C:\Users\Aditya Raj\.m2\repository\org\springframework\spring-webmvc\7.0.3\spring-webmvc-7.0.3.jar;C:\Users\Aditya Raj\.m2\repository\org\springframework\spring-expression\7.0.3\spring-expression-7.0.3.jar;C:\Users\Aditya Raj\.m2\repository\org\springframework\boot\spring-boot-devtools\4.0.2\spring-boot-devtools-4.0.2.jar;C:\Users\Aditya Raj\.m2\repository\org\springframework\boot\spring-boot\4.0.2\spring-boot-4.0.2.jar;C:\Users\Aditya Raj\.m2\repository\org\springframework\spring-core\7.0.3\spring-core-7.0.3.jar;C:\Users\Aditya Raj\.m2\repository\commons-logging\commons-logging\1.3.5\commons-logging-1.3.5.jar;C:\Users\Aditya Raj\.m2\repository\org\jspecify\jspecify\1.0.0\jspecify-1.0.0.jar;C:\Users\Aditya Raj\.m2\repository\org\springframework\spring-context\7.0.3\spring-context-7.0.3.jar;C:\Users\Aditya Raj\.m2\repository\org\springframework\boot\spring-boot-autoconfigure\4.0.2\spring-boot-autoconfigure-4.0.2.jar;C:\Users\Aditya Raj\.m2\repository\com\mysql\mysql-connector-j\9.5.0\mysql-connector-j-9.5.0.jar;C:\Users\Aditya Raj\.m2\repository\jakarta\xml\bind\jakarta.xml.bind-api\4.0.4\jakarta.xml.bind-api-4.0.4.jar;C:\Users\Aditya Raj\.m2\repository\jakarta\activation\jakarta.activation-api\2.1.4\jakarta.activation-api-2.1.4.jar;C:\Users\Aditya Raj\.m2\repository\net\bytebuddy\byte-buddy\1.17.8\byte-buddy-1.17.8.jar;C:\Users\Aditya Raj\.m2\repository\org\springframework\boot\spring-boot-web-server\4.0.2\spring-boot-web-server-4.0.2.jar
Launcher Type: SUN_STANDARD

[Global flags]
     intx CICompilerCount                          = 4                                         {product} {ergonomic}
     uint ConcGCThreads                            = 2                                         {product} {ergonomic}
     uint G1ConcRefinementThreads                  = 8                                         {product} {ergonomic}
   size_t G1HeapRegionSize                         = 1048576                                   {product} {ergonomic}
    uintx GCDrainStackTargetSize                   = 64                                        {product} {ergonomic}
   size_t InitialHeapSize                          = 132120576                                 {product} {ergonomic}
   size_t MarkStackSize                            = 4194304                                   {product} {ergonomic}
   size_t MaxHeapSize                              = 2082471936                                {product} {ergonomic}
   size_t MaxNewSize                               = 1248854016                                {product} {ergonomic}
   size_t MinHeapDeltaBytes                        = 1048576                                   {product} {ergonomic}
   size_t MinHeapSize                              = 8388608                                   {product} {ergonomic}
    uintx NonNMethodCodeHeapSize                   = 5839372                                {pd product} {ergonomic}
    uintx NonProfiledCodeHeapSize                  = 122909434                              {pd product} {ergonomic}
    uintx ProfiledCodeHeapSize                     = 122909434                              {pd product} {ergonomic}
    uintx ReservedCodeCacheSize                    = 251658240                              {pd product} {ergonomic}
     bool SegmentedCodeCache                       = true                                      {product} {ergonomic}
     bool ShowCodeDetailsInExceptionMessages       = true                                   {manageable} {command line}
   size_t SoftMaxHeapSize                          = 2082471936                             {manageable} {ergonomic}
     bool UseCompressedClassPointers               = true                           {product lp64_product} {ergonomic}
     bool UseCompressedOops                        = true                           {product lp64_product} {ergonomic}
     bool UseG1GC                                  = true                                      {product} {ergonomic}
     bool UseLargePagesIndividualAllocation        = false                                  {pd product} {ergonomic}

Logging:
Log output configuration:
 #0: stdout all=warning uptime,level,tags foldmultilines=false
 #1: stderr all=off uptime,level,tags foldmultilines=false

Environment Variables:
PATH=C:/Users/Aditya Raj/.p2/pool/plugins/org.eclipse.justj.openjdk.hotspot.jre.full.win32.x86_64_21.0.7.v20250502-0916/jre/bin/server;C:/Users/Aditya Raj/.p2/pool/plugins/org.eclipse.justj.openjdk.hotspot.jre.full.win32.x86_64_21.0.7.v20250502-0916/jre/bin;D:\oracle\product\10.2.0\db_1\bin;C:\Program Files\Common Files\Oracle\Java\javapath;C:\WINDOWS\system32;C:\WINDOWS;C:\WINDOWS\System32\Wbem;C:\WINDOWS\System32\WindowsPowerShell\v1.0\;C:\WINDOWS\System32\OpenSSH\;C:\MinGW\bin;C:\Program Files\Java\jdk-20\bin;C:\Program Files (x86)\dotnet\;C:\Program Files\HP\HP One Agent;C:\Program Files\Microsoft SQL Server\150\Tools\Binn\;C:\WINDOWS\system32;C:\WINDOWS;C:\WINDOWS\System32\Wbem;C:\WINDOWS\System32\WindowsPowerShell\v1.0\;C:\WINDOWS\System32\OpenSSH\;C:\Android\platform-tools;C:\Users\Aditya Raj\AppData\Local\Android\Sdk\platform-tools;C:\Program Files\nodejs\;C:\Program Files\MySQL\MySQL Server 8.0\bin;E:\Download\apache-maven-3.9.11\bin;C:\Program Files\MySQL\MySQL Shell 8.0\bin\;C:\Users\Aditya Raj\AppData\Local\Microsoft\WindowsApps;C:\Users\Aditya Raj\AppData\Local\Programs\Microsoft VS Code\bin;C:\MinGW\bin;C:\Users\Aditya Raj\AppData\Roaming\npm;C:\Program Files\Java\jdk-20\bin;;C:\WINDOWS\system32;
USERNAME=Aditya Raj
OS=Windows_NT
PROCESSOR_IDENTIFIER=Intel64 Family 6 Model 140 Stepping 2, GenuineIntel
TMP=C:\Users\ADITYA~1\AppData\Local\Temp
TEMP=C:\Users\ADITYA~1\AppData\Local\Temp




---------------  S Y S T E M  ---------------

OS:
 Windows 11 , 64 bit Build 26100 (10.0.26100.7705)
OS uptime: 0 days 22:49 hours
Hyper-V role detected

CPU: total 8 (initial active 8) (4 cores per cpu, 2 threads per core) family 6 model 140 stepping 2 microcode 0x2c, cx8, cmov, fxsr, ht, mmx, 3dnowpref, sse, sse2, sse3, ssse3, sse4.1, sse4.2, popcnt, lzcnt, tsc, tscinvbit, avx, avx2, aes, erms, clmul, bmi1, bmi2, adx, avx512f, avx512dq, avx512cd, avx512bw, avx512vl, sha, fma, vzeroupper, avx512_vpopcntdq, avx512_vpclmulqdq, avx512_vaes, avx512_vnni, clflush, clflushopt, clwb, avx512_vbmi2, avx512_vbmi, hv, rdtscp, rdpid, fsrm, gfni, avx512_bitalg, f16c, cet_ibt, cet_ss, avx512_ifma

Memory: 4k page, system-wide physical 7941M (891M free)
TotalPageFile size 14790M (AvailPageFile size 0M)
current process WorkingSet (physical memory assigned to process): 86M, peak: 267M
current process commit charge ("private bytes"): 307M, peak: 314M

vm_info: Java HotSpot(TM) 64-Bit Server VM (20.0.2+9-78) for windows-amd64 JRE (20.0.2+9-78), built on 2023-06-14T10:08:48Z by "mach5one" with MS VC++ 17.1 (VS2022)

END.
