#
# There is insufficient memory for the Java Runtime Environment to continue.
# Native memory allocation (malloc) failed to allocate 493696 bytes for Chunk::new
# Possible reasons:
#   The system is out of physical RAM or swap space
#   The process is running with CompressedOops enabled, and the Java Heap may be blocking the growth of the native heap
# Possible solutions:
#   Reduce memory load on the system
#   Increase physical memory or swap space
#   Check if swap backing store is full
#   Decrease Java heap size (-Xmx/-Xms)
#   Decrease number of Java threads
#   Decrease Java thread stack sizes (-Xss)
#   Set larger code cache with -XX:ReservedCodeCacheSize=
#   JVM is running with Unscaled Compressed Oops mode in which the Java heap is
#     placed in the first 4GB address space. The Java Heap base address is the
#     maximum limit for the native heap growth. Please use -XX:HeapBaseMinAddress
#     to set the Java Heap base and to place the Java Heap above 4GB virtual address.
# This output file may be truncated or incomplete.
#
#  Out of Memory Error (arena.cpp:184), pid=19656, tid=8336
#
# JRE version: Java(TM) SE Runtime Environment (20.0.2+9) (build 20.0.2+9-78)
# Java VM: Java HotSpot(TM) 64-Bit Server VM (20.0.2+9-78, mixed mode, sharing, tiered, compressed oops, compressed class ptrs, g1 gc, windows-amd64)
# No core dump will be written. Minidumps are not enabled by default on client versions of Windows
#

---------------  S U M M A R Y ------------

Command Line: -Dfile.encoding=UTF-8 -Dstdout.encoding=UTF-8 -Dstderr.encoding=UTF-8 -XX:+ShowCodeDetailsInExceptionMessages com.codecodence.admin_panel_backend.AdminPanelBackendApplication

Host: 11th Gen Intel(R) Core(TM) i5-1155G7 @ 2.50GHz, 8 cores, 7G,  Windows 11 , 64 bit Build 26100 (10.0.26100.7705)
Time: Thu Feb 26 10:59:22 2026 India Standard Time elapsed time: 56228.435018 seconds (0d 15h 37m 8s)

---------------  T H R E A D  ---------------

Current thread (0x0000021e13de76e0):  JavaThread "C2 CompilerThread0" daemon [_thread_in_native, id=8336, stack(0x0000004105700000,0x0000004105800000)]


Current CompileTask:
C2:56228435 9192       4       com.sun.crypto.provider.AESCrypt::makeSessionKey (885 bytes)

Stack: [0x0000004105700000,0x0000004105800000]
Native frames: (J=compiled Java code, j=interpreted, Vv=VM code, C=native code)
V  [jvm.dll+0x6bc25a]
V  [jvm.dll+0x84971a]
V  [jvm.dll+0x84b315]
V  [jvm.dll+0x84ba13]
V  [jvm.dll+0x280e4f]
V  [jvm.dll+0xc2ab1]
V  [jvm.dll+0xc2dd5]
V  [jvm.dll+0x2f611f]
V  [jvm.dll+0x5e3b0b]
V  [jvm.dll+0x254684]
V  [jvm.dll+0x24cfa4]
V  [jvm.dll+0x24a819]
V  [jvm.dll+0x1ce761]
V  [jvm.dll+0x25a0eb]
V  [jvm.dll+0x2587c0]
V  [jvm.dll+0x3f2dd5]
V  [jvm.dll+0x7f5c76]
V  [jvm.dll+0x6baecb]
C  [ucrtbase.dll+0x37b0]
C  [KERNEL32.DLL+0x2e8d7]
C  [ntdll.dll+0x8c40c]


---------------  P R O C E S S  ---------------

Threads class SMR info:
_java_thread_list=0x0000021e5d244220, length=31, elements={
0x0000021e13ddad60, 0x0000021e13ddf7d0, 0x0000021e13de2ea0, 0x0000021e13de37e0,
0x0000021e13de4120, 0x0000021e13de4a60, 0x0000021e13de76e0, 0x0000021e598108b0,
0x0000021e59957770, 0x0000021e59973b50, 0x0000021e5b79d040, 0x0000021e5b79e030,
0x0000021e5b79ab10, 0x0000021e5b79b5b0, 0x0000021e5b79c050, 0x0000021e5c6b5260,
0x0000021e5c6b4270, 0x0000021e5c6b57b0, 0x0000021e5c6b6250, 0x0000021e5c6b67a0,
0x0000021e5c6b3d20, 0x0000021e5c6b7790, 0x0000021e5c6b47c0, 0x0000021e5c6bb200,
0x0000021e5c6b8cd0, 0x0000021e5c6ba760, 0x0000021e5c6b8230, 0x0000021e5c6b8780,
0x0000021e5c6b9220, 0x0000021e5b79d590, 0x0000021e5b79dae0
}

Java Threads: ( => current thread )
  0x0000021e13ddad60 JavaThread "Reference Handler" daemon [_thread_blocked, id=14684, stack(0x0000004105100000,0x0000004105200000)]
  0x0000021e13ddf7d0 JavaThread "Finalizer" daemon [_thread_blocked, id=15480, stack(0x0000004105200000,0x0000004105300000)]
  0x0000021e13de2ea0 JavaThread "Signal Dispatcher" daemon [_thread_blocked, id=2352, stack(0x0000004105300000,0x0000004105400000)]
  0x0000021e13de37e0 JavaThread "Attach Listener" daemon [_thread_blocked, id=3412, stack(0x0000004105400000,0x0000004105500000)]
  0x0000021e13de4120 JavaThread "Service Thread" daemon [_thread_blocked, id=8116, stack(0x0000004105500000,0x0000004105600000)]
  0x0000021e13de4a60 JavaThread "Monitor Deflation Thread" daemon [_thread_blocked, id=16604, stack(0x0000004105600000,0x0000004105700000)]
=>0x0000021e13de76e0 JavaThread "C2 CompilerThread0" daemon [_thread_in_native, id=8336, stack(0x0000004105700000,0x0000004105800000)]
  0x0000021e598108b0 JavaThread "C1 CompilerThread0" daemon [_thread_blocked, id=20764, stack(0x0000004105800000,0x0000004105900000)]
  0x0000021e59957770 JavaThread "Notification Thread" daemon [_thread_blocked, id=5012, stack(0x0000004105900000,0x0000004105a00000)]
  0x0000021e59973b50 JavaThread "Common-Cleaner" daemon [_thread_blocked, id=20840, stack(0x0000004105b00000,0x0000004105c00000)]
  0x0000021e5b79d040 JavaThread "Catalina-utility-1" [_thread_blocked, id=21832, stack(0x0000004106700000,0x0000004106800000)]
  0x0000021e5b79e030 JavaThread "Catalina-utility-2" [_thread_blocked, id=21960, stack(0x0000004106800000,0x0000004106900000)]
  0x0000021e5b79ab10 JavaThread "container-0" [_thread_blocked, id=19504, stack(0x0000004106900000,0x0000004106a00000)]
  0x0000021e5b79b5b0 JavaThread "mysql-cj-abandoned-connection-cleanup" daemon [_thread_blocked, id=22508, stack(0x0000004106a00000,0x0000004106b00000)]
  0x0000021e5b79c050 JavaThread "HikariPool-1:housekeeper" daemon [_thread_blocked, id=13752, stack(0x0000004106c00000,0x0000004106d00000)]
  0x0000021e5c6b5260 JavaThread "File Watcher" daemon [_thread_in_native, id=6628, stack(0x0000004106f00000,0x0000004107000000)]
  0x0000021e5c6b4270 JavaThread "http-nio-8080-exec-1" daemon [_thread_blocked, id=19084, stack(0x0000004107000000,0x0000004107100000)]
  0x0000021e5c6b57b0 JavaThread "http-nio-8080-exec-2" daemon [_thread_blocked, id=21128, stack(0x0000004107100000,0x0000004107200000)]
  0x0000021e5c6b6250 JavaThread "http-nio-8080-exec-3" daemon [_thread_blocked, id=21160, stack(0x0000004107200000,0x0000004107300000)]
  0x0000021e5c6b67a0 JavaThread "http-nio-8080-exec-4" daemon [_thread_blocked, id=20976, stack(0x0000004107300000,0x0000004107400000)]
  0x0000021e5c6b3d20 JavaThread "http-nio-8080-exec-5" daemon [_thread_blocked, id=17372, stack(0x0000004107400000,0x0000004107500000)]
  0x0000021e5c6b7790 JavaThread "http-nio-8080-exec-6" daemon [_thread_blocked, id=10584, stack(0x0000004107500000,0x0000004107600000)]
  0x0000021e5c6b47c0 JavaThread "http-nio-8080-exec-7" daemon [_thread_blocked, id=21136, stack(0x0000004107600000,0x0000004107700000)]
  0x0000021e5c6bb200 JavaThread "http-nio-8080-exec-8" daemon [_thread_blocked, id=13744, stack(0x0000004107700000,0x0000004107800000)]
  0x0000021e5c6b8cd0 JavaThread "http-nio-8080-exec-9" daemon [_thread_blocked, id=3104, stack(0x0000004107800000,0x0000004107900000)]
  0x0000021e5c6ba760 JavaThread "http-nio-8080-exec-10" daemon [_thread_blocked, id=14908, stack(0x0000004107900000,0x0000004107a00000)]
  0x0000021e5c6b8230 JavaThread "http-nio-8080-Poller" daemon [_thread_in_native, id=8900, stack(0x0000004107a00000,0x0000004107b00000)]
  0x0000021e5c6b8780 JavaThread "http-nio-8080-Acceptor" daemon [_thread_in_native, id=20080, stack(0x0000004107b00000,0x0000004107c00000)]
  0x0000021e5c6b9220 JavaThread "DestroyJavaVM" [_thread_blocked, id=4236, stack(0x0000004104a00000,0x0000004104b00000)]
  0x0000021e5b79d590 JavaThread "HikariPool-1:connection-closer" daemon [_thread_blocked, id=26836, stack(0x0000004104800000,0x0000004104900000)]
  0x0000021e5b79dae0 JavaThread "HikariPool-1:connection-adder" daemon [_thread_blocked, id=13704, stack(0x0000004105d00000,0x0000004105e00000)]

Other Threads:
  0x0000021e13dbdc80 VMThread "VM Thread" [stack: 0x0000004105000000,0x0000004105100000] [id=17872]
  0x0000021e5995a2e0 WatcherThread "VM Periodic Task Thread" [stack: 0x0000004105a00000,0x0000004105b00000] [id=1788]
  0x0000021e77b60170 WorkerThread "GC Thread#0" [stack: 0x0000004104b00000,0x0000004104c00000] [id=9504]
  0x0000021e13dbed60 WorkerThread "GC Thread#1" [stack: 0x0000004105f00000,0x0000004106000000] [id=21328]
  0x0000021e13dbe7c0 WorkerThread "GC Thread#2" [stack: 0x0000004106000000,0x0000004106100000] [id=2124]
  0x0000021e13dbf030 WorkerThread "GC Thread#3" [stack: 0x0000004106100000,0x0000004106200000] [id=15212]
  0x0000021e13dbf300 WorkerThread "GC Thread#4" [stack: 0x0000004106200000,0x0000004106300000] [id=15280]
  0x0000021e13dbf5d0 WorkerThread "GC Thread#5" [stack: 0x0000004106300000,0x0000004106400000] [id=4140]
  0x0000021e13dbea90 WorkerThread "GC Thread#6" [stack: 0x0000004106500000,0x0000004106600000] [id=5080]
  0x0000021e5aa24620 WorkerThread "GC Thread#7" [stack: 0x0000004106600000,0x0000004106700000] [id=13076]
  0x0000021e77b70850 ConcurrentGCThread "G1 Main Marker" [stack: 0x0000004104c00000,0x0000004104d00000] [id=9972]
  0x0000021e77b72000 WorkerThread "G1 Conc#0" [stack: 0x0000004104d00000,0x0000004104e00000] [id=21216]
  0x0000021e5aa22190 WorkerThread "G1 Conc#1" [stack: 0x0000004106400000,0x0000004106500000] [id=3716]
  0x0000021e77bae5a0 ConcurrentGCThread "G1 Refine#0" [stack: 0x0000004104e00000,0x0000004104f00000] [id=8512]
  0x0000021e13c70050 ConcurrentGCThread "G1 Service" [stack: 0x0000004104f00000,0x0000004105000000] [id=16704]

Threads with active compile tasks:
C2 CompilerThread0  56228505 9192       4       com.sun.crypto.provider.AESCrypt::makeSessionKey (885 bytes)

VM state: not at safepoint (normal execution)

VM Mutex/Monitor currently owned by a thread: None

Heap address: 0x0000000083e00000, size: 1986 MB, Compressed Oops mode: 32-bit

CDS archive(s) mapped at: [0x0000021e14800000-0x0000021e15460000-0x0000021e15460000), size 12976128, SharedBaseAddress: 0x0000021e14800000, ArchiveRelocationMode: 1.
Compressed class space mapped at: 0x0000021e15800000-0x0000021e55800000, reserved size: 1073741824
Narrow klass base: 0x0000021e14800000, Narrow klass shift: 0, Narrow klass range: 0x100000000

GC Precious Log:
 CardTable entry size: 512
 Card Set container configuration: InlinePtr #cards 5 size 8 Array Of Cards #cards 12 size 40 Howl #buckets 4 coarsen threshold 1843 Howl Bitmap #cards 512 size 80 coarsen threshold 460 Card regions per heap region 1 cards per card region 2048
 CPUs: 8 total, 8 available
 Memory: 7941M
 Large Page Support: Disabled
 NUMA Support: Disabled
 Compressed Oops: Enabled (32-bit)
 Heap Region Size: 1M
 Heap Min Capacity: 8M
 Heap Initial Capacity: 126M
 Heap Max Capacity: 1986M
 Pre-touch: Disabled
 Parallel Workers: 8
 Concurrent Workers: 2
 Concurrent Refinement Workers: 8
 Periodic GC: Disabled

Heap:
 garbage-first heap   total 67584K, used 31658K [0x0000000083e00000, 0x0000000100000000)
  region size 1024K, 4 young (4096K), 2 survivors (2048K)
 Metaspace       used 83923K, committed 84672K, reserved 1179648K
  class space    used 11075K, committed 11456K, reserved 1048576K

Heap Regions: E=young(eden), S=young(survivor), O=old, HS=humongous(starts), HC=humongous(continues), CS=collection set, F=free, OA=open archive, CA=closed archive, TAMS=top-at-mark-start, PB=parsable bottom
|   0|0x0000000083e00000, 0x0000000083f00000, 0x0000000083f00000|100%|HS|  |TAMS 0x0000000083e00000| PB 0x0000000083e00000| Complete 
|   1|0x0000000083f00000, 0x0000000084000000, 0x0000000084000000|100%|HS|  |TAMS 0x0000000083f00000| PB 0x0000000083f00000| Complete 
|   2|0x0000000084000000, 0x0000000084100000, 0x0000000084100000|100%| O|  |TAMS 0x0000000084000000| PB 0x0000000084000000| Untracked 
|   3|0x0000000084100000, 0x0000000084200000, 0x0000000084200000|100%| O|  |TAMS 0x0000000084100000| PB 0x0000000084100000| Untracked 
|   4|0x0000000084200000, 0x0000000084300000, 0x0000000084300000|100%| O|  |TAMS 0x0000000084200000| PB 0x0000000084200000| Untracked 
|   5|0x0000000084300000, 0x0000000084400000, 0x0000000084400000|100%| O|  |TAMS 0x0000000084300000| PB 0x0000000084300000| Untracked 
|   6|0x0000000084400000, 0x0000000084500000, 0x0000000084500000|100%| O|  |TAMS 0x0000000084400000| PB 0x0000000084400000| Untracked 
|   7|0x0000000084500000, 0x0000000084600000, 0x0000000084600000|100%| O|  |TAMS 0x0000000084500000| PB 0x0000000084500000| Untracked 
|   8|0x0000000084600000, 0x0000000084700000, 0x0000000084700000|100%| O|  |TAMS 0x0000000084600000| PB 0x0000000084600000| Untracked 
|   9|0x0000000084700000, 0x0000000084800000, 0x0000000084800000|100%| O|  |TAMS 0x0000000084700000| PB 0x0000000084700000| Untracked 
|  10|0x0000000084800000, 0x0000000084900000, 0x0000000084900000|100%| O|  |TAMS 0x0000000084800000| PB 0x0000000084800000| Untracked 
|  11|0x0000000084900000, 0x0000000084a00000, 0x0000000084a00000|100%| O|  |TAMS 0x0000000084900000| PB 0x0000000084900000| Untracked 
|  12|0x0000000084a00000, 0x0000000084a00000, 0x0000000084b00000|  0%| F|  |TAMS 0x0000000084a00000| PB 0x0000000084a00000| Untracked 
|  13|0x0000000084b00000, 0x0000000084b00000, 0x0000000084c00000|  0%| F|  |TAMS 0x0000000084b00000| PB 0x0000000084b00000| Untracked 
|  14|0x0000000084c00000, 0x0000000084d00000, 0x0000000084d00000|100%| O|  |TAMS 0x0000000084c00000| PB 0x0000000084c00000| Untracked 
|  15|0x0000000084d00000, 0x0000000084e00000, 0x0000000084e00000|100%| O|  |TAMS 0x0000000084d00000| PB 0x0000000084d00000| Untracked 
|  16|0x0000000084e00000, 0x0000000084f00000, 0x0000000084f00000|100%| O|  |TAMS 0x0000000084e00000| PB 0x0000000084e00000| Complete 
|  17|0x0000000084f00000, 0x0000000085000000, 0x0000000085000000|100%| O|  |TAMS 0x0000000084f00000| PB 0x0000000084f00000| Untracked 
|  18|0x0000000085000000, 0x0000000085100000, 0x0000000085100000|100%| O|  |TAMS 0x0000000085000000| PB 0x0000000085000000| Untracked 
|  19|0x0000000085100000, 0x0000000085200000, 0x0000000085200000|100%| O|  |TAMS 0x0000000085100000| PB 0x0000000085100000| Untracked 
|  20|0x0000000085200000, 0x0000000085300000, 0x0000000085300000|100%| O|  |TAMS 0x0000000085200000| PB 0x0000000085200000| Untracked 
|  21|0x0000000085300000, 0x0000000085400000, 0x0000000085400000|100%| O|  |TAMS 0x0000000085300000| PB 0x0000000085300000| Untracked 
|  22|0x0000000085400000, 0x00000000854a4c00, 0x0000000085500000| 64%| O|  |TAMS 0x0000000085400000| PB 0x0000000085400000| Untracked 
|  23|0x0000000085500000, 0x0000000085600000, 0x0000000085600000|100%| O|  |TAMS 0x0000000085500000| PB 0x0000000085500000| Untracked 
|  24|0x0000000085600000, 0x0000000085600000, 0x0000000085700000|  0%| F|  |TAMS 0x0000000085600000| PB 0x0000000085600000| Untracked 
|  25|0x0000000085700000, 0x0000000085800000, 0x0000000085800000|100%| O|  |TAMS 0x0000000085700000| PB 0x0000000085700000| Untracked 
|  26|0x0000000085800000, 0x0000000085800000, 0x0000000085900000|  0%| F|  |TAMS 0x0000000085800000| PB 0x0000000085800000| Untracked 
|  27|0x0000000085900000, 0x0000000085a00000, 0x0000000085a00000|100%| O|  |TAMS 0x0000000085900000| PB 0x0000000085900000| Untracked 
|  28|0x0000000085a00000, 0x0000000085a45df0, 0x0000000085b00000| 27%| S|CS|TAMS 0x0000000085a00000| PB 0x0000000085a00000| Complete 
|  29|0x0000000085b00000, 0x0000000085c00000, 0x0000000085c00000|100%| O|  |TAMS 0x0000000085b00000| PB 0x0000000085b00000| Untracked 
|  30|0x0000000085c00000, 0x0000000085d00000, 0x0000000085d00000|100%| O|  |TAMS 0x0000000085c00000| PB 0x0000000085c00000| Complete 
|  31|0x0000000085d00000, 0x0000000085e00000, 0x0000000085e00000|100%| S|CS|TAMS 0x0000000085d00000| PB 0x0000000085d00000| Complete 
|  32|0x0000000085e00000, 0x0000000085f00000, 0x0000000085f00000|100%| O|  |TAMS 0x0000000085e00000| PB 0x0000000085e00000| Untracked 
|  33|0x0000000085f00000, 0x0000000086000000, 0x0000000086000000|100%| O|  |TAMS 0x0000000085f00000| PB 0x0000000085f00000| Untracked 
|  34|0x0000000086000000, 0x0000000086100000, 0x0000000086100000|100%| O|  |TAMS 0x0000000086000000| PB 0x0000000086000000| Untracked 
|  35|0x0000000086100000, 0x0000000086100000, 0x0000000086200000|  0%| F|  |TAMS 0x0000000086100000| PB 0x0000000086100000| Untracked 
|  36|0x0000000086200000, 0x0000000086200000, 0x0000000086300000|  0%| F|  |TAMS 0x0000000086200000| PB 0x0000000086200000| Untracked 
|  37|0x0000000086300000, 0x0000000086300000, 0x0000000086400000|  0%| F|  |TAMS 0x0000000086300000| PB 0x0000000086300000| Untracked 
|  38|0x0000000086400000, 0x0000000086400000, 0x0000000086500000|  0%| F|  |TAMS 0x0000000086400000| PB 0x0000000086400000| Untracked 
|  39|0x0000000086500000, 0x0000000086500000, 0x0000000086600000|  0%| F|  |TAMS 0x0000000086500000| PB 0x0000000086500000| Untracked 
|  40|0x0000000086600000, 0x0000000086600000, 0x0000000086700000|  0%| F|  |TAMS 0x0000000086600000| PB 0x0000000086600000| Untracked 
|  41|0x0000000086700000, 0x0000000086700000, 0x0000000086800000|  0%| F|  |TAMS 0x0000000086700000| PB 0x0000000086700000| Untracked 
|  42|0x0000000086800000, 0x0000000086800000, 0x0000000086900000|  0%| F|  |TAMS 0x0000000086800000| PB 0x0000000086800000| Untracked 
|  43|0x0000000086900000, 0x0000000086900000, 0x0000000086a00000|  0%| F|  |TAMS 0x0000000086900000| PB 0x0000000086900000| Untracked 
|  44|0x0000000086a00000, 0x0000000086a00000, 0x0000000086b00000|  0%| F|  |TAMS 0x0000000086a00000| PB 0x0000000086a00000| Untracked 
|  45|0x0000000086b00000, 0x0000000086b00000, 0x0000000086c00000|  0%| F|  |TAMS 0x0000000086b00000| PB 0x0000000086b00000| Untracked 
|  46|0x0000000086c00000, 0x0000000086c00000, 0x0000000086d00000|  0%| F|  |TAMS 0x0000000086c00000| PB 0x0000000086c00000| Untracked 
|  47|0x0000000086d00000, 0x0000000086d00000, 0x0000000086e00000|  0%| F|  |TAMS 0x0000000086d00000| PB 0x0000000086d00000| Untracked 
|  48|0x0000000086e00000, 0x0000000086e00000, 0x0000000086f00000|  0%| F|  |TAMS 0x0000000086e00000| PB 0x0000000086e00000| Untracked 
|  49|0x0000000086f00000, 0x0000000086f00000, 0x0000000087000000|  0%| F|  |TAMS 0x0000000086f00000| PB 0x0000000086f00000| Untracked 
|  50|0x0000000087000000, 0x0000000087000000, 0x0000000087100000|  0%| F|  |TAMS 0x0000000087000000| PB 0x0000000087000000| Untracked 
|  51|0x0000000087100000, 0x0000000087100000, 0x0000000087200000|  0%| F|  |TAMS 0x0000000087100000| PB 0x0000000087100000| Untracked 
|  52|0x0000000087200000, 0x0000000087200000, 0x0000000087300000|  0%| F|  |TAMS 0x0000000087200000| PB 0x0000000087200000| Untracked 
|  53|0x0000000087300000, 0x0000000087300000, 0x0000000087400000|  0%| F|  |TAMS 0x0000000087300000| PB 0x0000000087300000| Untracked 
|  54|0x0000000087400000, 0x0000000087400000, 0x0000000087500000|  0%| F|  |TAMS 0x0000000087400000| PB 0x0000000087400000| Untracked 
|  55|0x0000000087500000, 0x0000000087500000, 0x0000000087600000|  0%| F|  |TAMS 0x0000000087500000| PB 0x0000000087500000| Untracked 
|  56|0x0000000087600000, 0x0000000087600000, 0x0000000087700000|  0%| F|  |TAMS 0x0000000087600000| PB 0x0000000087600000| Untracked 
|  72|0x0000000088600000, 0x0000000088600000, 0x0000000088700000|  0%| F|  |TAMS 0x0000000088600000| PB 0x0000000088600000| Untracked 
|  73|0x0000000088700000, 0x0000000088700000, 0x0000000088800000|  0%| F|  |TAMS 0x0000000088700000| PB 0x0000000088700000| Untracked 
|  74|0x0000000088800000, 0x0000000088800000, 0x0000000088900000|  0%| F|  |TAMS 0x0000000088800000| PB 0x0000000088800000| Untracked 
|  75|0x0000000088900000, 0x0000000088900000, 0x0000000088a00000|  0%| F|  |TAMS 0x0000000088900000| PB 0x0000000088900000| Untracked 
|  76|0x0000000088a00000, 0x0000000088a00000, 0x0000000088b00000|  0%| F|  |TAMS 0x0000000088a00000| PB 0x0000000088a00000| Untracked 
|  77|0x0000000088b00000, 0x0000000088b00000, 0x0000000088c00000|  0%| F|  |TAMS 0x0000000088b00000| PB 0x0000000088b00000| Untracked 
|  78|0x0000000088c00000, 0x0000000088c00000, 0x0000000088d00000|  0%| F|  |TAMS 0x0000000088c00000| PB 0x0000000088c00000| Untracked 
| 125|0x000000008bb00000, 0x000000008bbf2b78, 0x000000008bc00000| 94%| E|  |TAMS 0x000000008bb00000| PB 0x000000008bb00000| Complete 
|1985|0x00000000fff00000, 0x0000000100000000, 0x0000000100000000|100%| E|CS|TAMS 0x00000000fff00000| PB 0x00000000fff00000| Complete 

Card table byte_map: [0x0000021e0f3f0000,0x0000021e0f7e0000] _byte_map_base: 0x0000021e0efd1000

Marking Bits: (CMBitMap*) 0x0000021e77b606b0
 Bits: [0x0000021e0fbd0000, 0x0000021e11ad8000)

Polling page: 0x0000021e75a90000

Metaspace:

Usage:
  Non-class:     71.14 MB used.
      Class:     10.82 MB used.
       Both:     81.96 MB used.

Virtual space:
  Non-class space:      128.00 MB reserved,      71.50 MB ( 56%) committed,  2 nodes.
      Class space:        1.00 GB reserved,      11.19 MB (  1%) committed,  1 nodes.
             Both:        1.12 GB reserved,      82.69 MB (  7%) committed. 

Chunk freelists:
   Non-Class:  135.00 KB
       Class:  783.00 KB
        Both:  918.00 KB

MaxMetaspaceSize: unlimited
CompressedClassSpaceSize: 1.00 GB
Initial GC threshold: 21.00 MB
Current GC threshold: 137.81 MB
CDS: on
MetaspaceReclaimPolicy: balanced
 - commit_granule_bytes: 65536.
 - commit_granule_words: 8192.
 - virtual_space_node_default_size: 8388608.
 - enlarge_chunks_in_place: 1.
 - new_chunks_are_fully_committed: 0.
 - uncommit_free_chunks: 1.
 - use_allocation_guard: 0.


Internal statistics:

num_allocs_failed_limit: 9.
num_arena_births: 1142.
num_arena_deaths: 376.
num_vsnodes_births: 3.
num_vsnodes_deaths: 0.
num_space_committed: 1323.
num_space_uncommitted: 0.
num_chunks_returned_to_freelist: 438.
num_chunks_taken_from_freelist: 4218.
num_chunk_merges: 115.
num_chunk_splits: 2926.
num_chunks_enlarged: 2299.
num_inconsistent_stats: 0.

CodeHeap 'non-profiled nmethods': size=120000Kb used=3049Kb max_used=4251Kb free=116950Kb
 bounds [0x0000021e07ad0000, 0x0000021e07f00000, 0x0000021e0f000000]
CodeHeap 'profiled nmethods': size=120000Kb used=7454Kb max_used=13249Kb free=112545Kb
 bounds [0x0000021e00000000, 0x0000021e00d00000, 0x0000021e07530000]
CodeHeap 'non-nmethods': size=5760Kb used=1982Kb max_used=2025Kb free=3778Kb
 bounds [0x0000021e07530000, 0x0000021e077a0000, 0x0000021e07ad0000]
 total_blobs=5129 nmethods=4377 adapters=661
 compilation: enabled
              stopped_count=0, restarted_count=0
 full_count=0

Compilation events (20 events):
Event: 56101.467 Thread 0x0000021e598108b0 nmethod 9179 0x0000021e002b8290 code [0x0000021e002b8420, 0x0000021e002b8680]
Event: 56114.510 Thread 0x0000021e598108b0 9180       3       java.util.HashMap$KeySpliterator::<init> (12 bytes)
Event: 56114.514 Thread 0x0000021e598108b0 nmethod 9180 0x0000021e0042e390 code [0x0000021e0042e520, 0x0000021e0042e750]
Event: 56114.547 Thread 0x0000021e598108b0 9181       3       java.math.BigInteger::multiplyToLen (20 bytes)
Event: 56114.549 Thread 0x0000021e598108b0 nmethod 9181 0x0000021e005d3910 code [0x0000021e005d3b20, 0x0000021e005d4280]
Event: 56114.557 Thread 0x0000021e13de76e0 9182       4       java.io.BufferedOutputStream::growIfNeeded (59 bytes)
Event: 56114.560 Thread 0x0000021e13de76e0 nmethod 9182 0x0000021e07c40a90 code [0x0000021e07c40c00, 0x0000021e07c40cd8]
Event: 56142.356 Thread 0x0000021e598108b0 9183       3       sun.security.ssl.HandshakeOutStream::putInt8 (13 bytes)
Event: 56142.382 Thread 0x0000021e598108b0 nmethod 9183 0x0000021e005d3190 code [0x0000021e005d3340, 0x0000021e005d3650]
Event: 56142.395 Thread 0x0000021e598108b0 9184       3       sun.security.ec.ECOperations::getField (10 bytes)
Event: 56142.409 Thread 0x0000021e598108b0 nmethod 9184 0x0000021e0042df10 code [0x0000021e0042e0a0, 0x0000021e0042e288]
Event: 56142.410 Thread 0x0000021e598108b0 9186   !   3       sun.security.util.KeyUtil::getKeySize (379 bytes)
Event: 56142.416 Thread 0x0000021e13de76e0 9188       4       java.lang.ref.SoftReference::<init> (14 bytes)
Event: 56142.462 Thread 0x0000021e598108b0 nmethod 9186 0x0000021e00a3da90 code [0x0000021e00a3dea0, 0x0000021e00a40740]
Event: 56142.476 Thread 0x0000021e13de76e0 nmethod 9188 0x0000021e07c40590 code [0x0000021e07c40700, 0x0000021e07c40958]
Event: 56228.109 Thread 0x0000021e13de76e0 9189       4       sun.security.util.DisabledAlgorithmConstraints$Constraints::permits (90 bytes)
Event: 56228.112 Thread 0x0000021e598108b0 9190       3       java.math.MutableBigInteger::getMagnitudeArray (69 bytes)
Event: 56228.146 Thread 0x0000021e598108b0 nmethod 9190 0x0000021e00036e90 code [0x0000021e00037040, 0x0000021e000372c0]
Event: 56228.383 Thread 0x0000021e13de76e0 nmethod 9189 0x0000021e07d98d10 code [0x0000021e07d98fe0, 0x0000021e07d9a7b8]
Event: 56228.384 Thread 0x0000021e13de76e0 9192       4       com.sun.crypto.provider.AESCrypt::makeSessionKey (885 bytes)

GC Heap History (20 events):
Event: 3486.048 GC heap before
{Heap before GC invocations=26 (full 0):
 garbage-first heap   total 66560K, used 60222K [0x0000000083e00000, 0x0000000100000000)
  region size 1024K, 28 young (28672K), 2 survivors (2048K)
 Metaspace       used 83118K, committed 84224K, reserved 1179648K
  class space    used 11050K, committed 11456K, reserved 1048576K
}
Event: 3486.053 GC heap after
{Heap after GC invocations=27 (full 0):
 garbage-first heap   total 66560K, used 33755K [0x0000000083e00000, 0x0000000100000000)
  region size 1024K, 2 young (2048K), 2 survivors (2048K)
 Metaspace       used 83118K, committed 84224K, reserved 1179648K
  class space    used 11050K, committed 11456K, reserved 1048576K
}
Event: 4020.547 GC heap before
{Heap before GC invocations=27 (full 0):
 garbage-first heap   total 66560K, used 60379K [0x0000000083e00000, 0x0000000100000000)
  region size 1024K, 28 young (28672K), 2 survivors (2048K)
 Metaspace       used 83133K, committed 84224K, reserved 1179648K
  class space    used 11050K, committed 11456K, reserved 1048576K
}
Event: 4020.588 GC heap after
{Heap after GC invocations=28 (full 0):
 garbage-first heap   total 67584K, used 31224K [0x0000000083e00000, 0x0000000100000000)
  region size 1024K, 2 young (2048K), 2 survivors (2048K)
 Metaspace       used 83133K, committed 84224K, reserved 1179648K
  class space    used 11050K, committed 11456K, reserved 1048576K
}
Event: 4583.737 GC heap before
{Heap before GC invocations=28 (full 0):
 garbage-first heap   total 67584K, used 60920K [0x0000000083e00000, 0x0000000100000000)
  region size 1024K, 31 young (31744K), 2 survivors (2048K)
 Metaspace       used 83163K, committed 84224K, reserved 1179648K
  class space    used 11050K, committed 11456K, reserved 1048576K
}
Event: 4583.761 GC heap after
{Heap after GC invocations=29 (full 0):
 garbage-first heap   total 67584K, used 31357K [0x0000000083e00000, 0x0000000100000000)
  region size 1024K, 2 young (2048K), 2 survivors (2048K)
 Metaspace       used 83163K, committed 84224K, reserved 1179648K
  class space    used 11050K, committed 11456K, reserved 1048576K
}
Event: 5119.399 GC heap before
{Heap before GC invocations=29 (full 0):
 garbage-first heap   total 67584K, used 61053K [0x0000000083e00000, 0x0000000100000000)
  region size 1024K, 31 young (31744K), 2 survivors (2048K)
 Metaspace       used 83182K, committed 84224K, reserved 1179648K
  class space    used 11050K, committed 11456K, reserved 1048576K
}
Event: 5119.421 GC heap after
{Heap after GC invocations=30 (full 0):
 garbage-first heap   total 67584K, used 31562K [0x0000000083e00000, 0x0000000100000000)
  region size 1024K, 3 young (3072K), 3 survivors (3072K)
 Metaspace       used 83182K, committed 84224K, reserved 1179648K
  class space    used 11050K, committed 11456K, reserved 1048576K
}
Event: 5656.412 GC heap before
{Heap before GC invocations=31 (full 0):
 garbage-first heap   total 67584K, used 59210K [0x0000000083e00000, 0x0000000100000000)
  region size 1024K, 30 young (30720K), 3 survivors (3072K)
 Metaspace       used 83184K, committed 84224K, reserved 1179648K
  class space    used 11050K, committed 11456K, reserved 1048576K
}
Event: 5656.424 GC heap after
{Heap after GC invocations=32 (full 0):
 garbage-first heap   total 67584K, used 31361K [0x0000000083e00000, 0x0000000100000000)
  region size 1024K, 2 young (2048K), 2 survivors (2048K)
 Metaspace       used 83184K, committed 84224K, reserved 1179648K
  class space    used 11050K, committed 11456K, reserved 1048576K
}
Event: 53069.289 GC heap before
{Heap before GC invocations=32 (full 0):
 garbage-first heap   total 67584K, used 61057K [0x0000000083e00000, 0x0000000100000000)
  region size 1024K, 31 young (31744K), 2 survivors (2048K)
 Metaspace       used 83449K, committed 84288K, reserved 1179648K
  class space    used 11059K, committed 11456K, reserved 1048576K
}
Event: 53069.418 GC heap after
{Heap after GC invocations=33 (full 0):
 garbage-first heap   total 67584K, used 31315K [0x0000000083e00000, 0x0000000100000000)
  region size 1024K, 3 young (3072K), 3 survivors (3072K)
 Metaspace       used 83449K, committed 84288K, reserved 1179648K
  class space    used 11059K, committed 11456K, reserved 1048576K
}
Event: 53652.456 GC heap before
{Heap before GC invocations=33 (full 0):
 garbage-first heap   total 67584K, used 59987K [0x0000000083e00000, 0x0000000100000000)
  region size 1024K, 31 young (31744K), 3 survivors (3072K)
 Metaspace       used 83455K, committed 84288K, reserved 1179648K
  class space    used 11059K, committed 11456K, reserved 1048576K
}
Event: 53652.566 GC heap after
{Heap after GC invocations=34 (full 0):
 garbage-first heap   total 67584K, used 30522K [0x0000000083e00000, 0x0000000100000000)
  region size 1024K, 1 young (1024K), 1 survivors (1024K)
 Metaspace       used 83455K, committed 84288K, reserved 1179648K
  class space    used 11059K, committed 11456K, reserved 1048576K
}
Event: 54843.621 GC heap before
{Heap before GC invocations=35 (full 0):
 garbage-first heap   total 67584K, used 62266K [0x0000000083e00000, 0x0000000100000000)
  region size 1024K, 32 young (32768K), 1 survivors (1024K)
 Metaspace       used 83899K, committed 84672K, reserved 1179648K
  class space    used 11075K, committed 11456K, reserved 1048576K
}
Event: 54843.764 GC heap after
{Heap after GC invocations=36 (full 0):
 garbage-first heap   total 67584K, used 30913K [0x0000000083e00000, 0x0000000100000000)
  region size 1024K, 2 young (2048K), 2 survivors (2048K)
 Metaspace       used 83899K, committed 84672K, reserved 1179648K
  class space    used 11075K, committed 11456K, reserved 1048576K
}
Event: 55450.180 GC heap before
{Heap before GC invocations=36 (full 0):
 garbage-first heap   total 67584K, used 60609K [0x0000000083e00000, 0x0000000100000000)
  region size 1024K, 31 young (31744K), 2 survivors (2048K)
 Metaspace       used 83911K, committed 84672K, reserved 1179648K
  class space    used 11075K, committed 11456K, reserved 1048576K
}
Event: 55450.256 GC heap after
{Heap after GC invocations=37 (full 0):
 garbage-first heap   total 67584K, used 30245K [0x0000000083e00000, 0x0000000100000000)
  region size 1024K, 2 young (2048K), 2 survivors (2048K)
 Metaspace       used 83911K, committed 84672K, reserved 1179648K
  class space    used 11075K, committed 11456K, reserved 1048576K
}
Event: 56202.500 GC heap before
{Heap before GC invocations=37 (full 0):
 garbage-first heap   total 67584K, used 59941K [0x0000000083e00000, 0x0000000100000000)
  region size 1024K, 31 young (31744K), 2 survivors (2048K)
 Metaspace       used 83923K, committed 84672K, reserved 1179648K
  class space    used 11075K, committed 11456K, reserved 1048576K
}
Event: 56202.580 GC heap after
{Heap after GC invocations=38 (full 0):
 garbage-first heap   total 67584K, used 30634K [0x0000000083e00000, 0x0000000100000000)
  region size 1024K, 2 young (2048K), 2 survivors (2048K)
 Metaspace       used 83923K, committed 84672K, reserved 1179648K
  class space    used 11075K, committed 11456K, reserved 1048576K
}

Dll operation events (10 events):
Event: 0.011 Loaded shared library C:\Program Files\Java\jdk-20\bin\java.dll
Event: 0.035 Loaded shared library C:\Program Files\Java\jdk-20\bin\jsvml.dll
Event: 0.185 Loaded shared library C:\Program Files\Java\jdk-20\bin\net.dll
Event: 0.188 Loaded shared library C:\Program Files\Java\jdk-20\bin\nio.dll
Event: 0.191 Loaded shared library C:\Program Files\Java\jdk-20\bin\zip.dll
Event: 0.345 Loaded shared library C:\Program Files\Java\jdk-20\bin\jimage.dll
Event: 0.727 Loaded shared library C:\Program Files\Java\jdk-20\bin\management.dll
Event: 0.733 Loaded shared library C:\Program Files\Java\jdk-20\bin\management_ext.dll
Event: 1.732 Loaded shared library C:\Program Files\Java\jdk-20\bin\sunmscapi.dll
Event: 5.558 Loaded shared library C:\Program Files\Java\jdk-20\bin\extnet.dll

Deoptimization events (20 events):
Event: 8177.175 Thread 0x0000021e5b79c050 DEOPT PACKING pc=0x0000021e07af60bc sp=0x0000004106cfe9f0
Event: 8177.175 Thread 0x0000021e5b79c050 DEOPT UNPACKING pc=0x0000021e0754d2a2 sp=0x0000004106cfe978 mode 2
Event: 22577.339 Thread 0x0000021e5c6b8230 Uncommon trap: trap_request=0xffffff45 fr.pc=0x0000021e07cf69c8 relative=0x0000000000000548
Event: 22577.481 Thread 0x0000021e5c6b8230 Uncommon trap: reason=unstable_if action=reinterpret pc=0x0000021e07cf69c8 method=org.apache.tomcat.util.net.NioEndpoint$Poller.timeout(IZ)V @ 146 c2
Event: 22577.482 Thread 0x0000021e5c6b8230 DEOPT PACKING pc=0x0000021e07cf69c8 sp=0x0000004107aff560
Event: 22577.482 Thread 0x0000021e5c6b8230 DEOPT UNPACKING pc=0x0000021e0754d2a2 sp=0x0000004107aff520 mode 2
Event: 53032.857 Thread 0x0000021e5c6b3d20 Uncommon trap: trap_request=0xffffff54 fr.pc=0x0000021e07e15350 relative=0x0000000000002cf0
Event: 53032.860 Thread 0x0000021e5c6b3d20 Uncommon trap: reason=speculate_null_assert action=make_not_entrant pc=0x0000021e07e15350 method=org.springframework.util.ConcurrentReferenceHashMap$Segment.restructureIfNecessary(Z)V @ 41 c2
Event: 53032.862 Thread 0x0000021e5c6b3d20 DEOPT PACKING pc=0x0000021e07e15350 sp=0x00000041074fb230
Event: 53032.865 Thread 0x0000021e5c6b3d20 DEOPT UNPACKING pc=0x0000021e0754d2a2 sp=0x00000041074faed8 mode 2
Event: 54486.545 Thread 0x0000021e5b79d590 Uncommon trap: trap_request=0xfffffff4 fr.pc=0x0000021e07b95da8 relative=0x0000000000000e08
Event: 54486.548 Thread 0x0000021e5b79d590 Uncommon trap: reason=null_check action=make_not_entrant pc=0x0000021e07b95da8 method=sun.security.util.DisabledAlgorithmConstraints.cachedCheckAlgorithm(Ljava/lang/String;)Z @ 7 c2
Event: 54486.548 Thread 0x0000021e5b79d590 DEOPT PACKING pc=0x0000021e07b95da8 sp=0x0000004105cfe6f0
Event: 54486.551 Thread 0x0000021e5b79d590 DEOPT UNPACKING pc=0x0000021e0754d2a2 sp=0x0000004105cfe610 mode 2
Event: 54486.555 Thread 0x0000021e5b79d590 Uncommon trap: trap_request=0xfffffff4 fr.pc=0x0000021e07ef5798 relative=0x0000000000000598
Event: 54486.555 Thread 0x0000021e5b79d590 Uncommon trap: reason=null_check action=make_not_entrant pc=0x0000021e07ef5798 method=sun.security.util.DisabledAlgorithmConstraints.cachedCheckAlgorithm(Ljava/lang/String;)Z @ 7 c2
Event: 54486.555 Thread 0x0000021e5b79d590 DEOPT PACKING pc=0x0000021e07ef5798 sp=0x0000004105cfe690
Event: 54486.557 Thread 0x0000021e5b79d590 DEOPT UNPACKING pc=0x0000021e0754d2a2 sp=0x0000004105cfe610 mode 2
Event: 56228.182 Thread 0x0000021e5b79dae0 DEOPT PACKING pc=0x0000021e00009c28 sp=0x0000004105dfdc10
Event: 56228.185 Thread 0x0000021e5b79dae0 DEOPT UNPACKING pc=0x0000021e0759e462 sp=0x0000004105dfd0e8 mode 0

Classes loaded (20 events):
Event: 16.248 Loading class sun/nio/cs/ISO_8859_1$Encoder
Event: 16.249 Loading class sun/nio/cs/ISO_8859_1$Encoder done
Event: 16.249 Loading class sun/nio/cs/Surrogate$Parser
Event: 16.249 Loading class sun/nio/cs/Surrogate$Parser done
Event: 16.249 Loading class sun/nio/cs/Surrogate
Event: 16.249 Loading class sun/nio/cs/Surrogate done
Event: 16.249 Loading class java/nio/StringCharBuffer
Event: 16.250 Loading class java/nio/StringCharBuffer done
Event: 88.091 Loading class java/io/PushbackInputStream
Event: 88.092 Loading class java/io/PushbackInputStream done
Event: 109.988 Loading class jdk/internal/reflect/MethodHandleDoubleFieldAccessorImpl
Event: 109.989 Loading class jdk/internal/reflect/MethodHandleDoubleFieldAccessorImpl done
Event: 1393.518 Loading class sun/security/ssl/Alert
Event: 1393.589 Loading class sun/security/ssl/Alert done
Event: 1393.602 Loading class sun/security/ssl/Alert$AlertConsumer
Event: 1393.621 Loading class sun/security/ssl/Alert$AlertConsumer done
Event: 1393.622 Loading class sun/security/ssl/Alert$Level
Event: 1393.625 Loading class sun/security/ssl/Alert$Level done
Event: 1393.636 Loading class sun/net/ConnectionResetException
Event: 1393.643 Loading class sun/net/ConnectionResetException done

Classes unloaded (20 events):
Event: 3018.086 Thread 0x0000021e13dbdc80 Unloading class 0x0000021e158a6c00 'java/lang/invoke/LambdaForm$MH+0x0000021e158a6c00'
Event: 3018.086 Thread 0x0000021e13dbdc80 Unloading class 0x0000021e158a6000 'java/lang/invoke/LambdaForm$MH+0x0000021e158a6000'
Event: 3018.086 Thread 0x0000021e13dbdc80 Unloading class 0x0000021e158a5c00 'java/lang/invoke/LambdaForm$MH+0x0000021e158a5c00'
Event: 3018.086 Thread 0x0000021e13dbdc80 Unloading class 0x0000021e158a5800 'java/lang/invoke/LambdaForm$MH+0x0000021e158a5800'
Event: 3018.086 Thread 0x0000021e13dbdc80 Unloading class 0x0000021e158a5000 'java/lang/invoke/LambdaForm$MH+0x0000021e158a5000'
Event: 3018.086 Thread 0x0000021e13dbdc80 Unloading class 0x0000021e158a4800 'java/lang/invoke/LambdaForm$MH+0x0000021e158a4800'
Event: 3018.087 Thread 0x0000021e13dbdc80 Unloading class 0x0000021e1582f000 'java/lang/invoke/LambdaForm$MH+0x0000021e1582f000'
Event: 3018.087 Thread 0x0000021e13dbdc80 Unloading class 0x0000021e1582e800 'java/lang/invoke/LambdaForm$MH+0x0000021e1582e800'
Event: 3018.088 Thread 0x0000021e13dbdc80 Unloading class 0x0000021e1582e000 'java/lang/invoke/LambdaForm$MH+0x0000021e1582e000'
Event: 3018.088 Thread 0x0000021e13dbdc80 Unloading class 0x0000021e1582dc00 'java/lang/invoke/LambdaForm$MH+0x0000021e1582dc00'
Event: 3018.088 Thread 0x0000021e13dbdc80 Unloading class 0x0000021e1582cc00 'java/lang/invoke/LambdaForm$MH+0x0000021e1582cc00'
Event: 3018.088 Thread 0x0000021e13dbdc80 Unloading class 0x0000021e1582c000 'java/lang/invoke/LambdaForm$MH+0x0000021e1582c000'
Event: 3018.088 Thread 0x0000021e13dbdc80 Unloading class 0x0000021e1582bc00 'java/lang/invoke/LambdaForm$MH+0x0000021e1582bc00'
Event: 3018.088 Thread 0x0000021e13dbdc80 Unloading class 0x0000021e1582b400 'java/lang/invoke/LambdaForm$MH+0x0000021e1582b400'
Event: 3018.088 Thread 0x0000021e13dbdc80 Unloading class 0x0000021e1582b000 'java/lang/invoke/LambdaForm$MH+0x0000021e1582b000'
Event: 3018.088 Thread 0x0000021e13dbdc80 Unloading class 0x0000021e1582ac00 'java/lang/invoke/LambdaForm$MH+0x0000021e1582ac00'
Event: 3018.088 Thread 0x0000021e13dbdc80 Unloading class 0x0000021e1582a000 'java/lang/invoke/LambdaForm$MH+0x0000021e1582a000'
Event: 3018.089 Thread 0x0000021e13dbdc80 Unloading class 0x0000021e15829000 'java/lang/invoke/LambdaForm$MH+0x0000021e15829000'
Event: 3018.089 Thread 0x0000021e13dbdc80 Unloading class 0x0000021e15828400 'java/lang/invoke/LambdaForm$MH+0x0000021e15828400'
Event: 3018.089 Thread 0x0000021e13dbdc80 Unloading class 0x0000021e15818c00 'java/lang/invoke/LambdaForm$MH+0x0000021e15818c00'

Classes redefined (0 events):
No events

Internal exceptions (20 events):
Event: 5389.990 Thread 0x0000021e5b79e030 Implicit null exception at 0x0000021e07ad0223 to 0x0000021e07ad04b4
Event: 8177.391 Thread 0x0000021e5b79bb00 Exception <a 'java/io/IOException'{0x0000000087512e90}> (0x0000000087512e90) 
thrown [s\open\src\hotspot\share\prims\jni.cpp, line 519]
Event: 8177.394 Thread 0x0000021e5b79bb00 Exception <a 'java/io/IOException'{0x00000000875134e0}> (0x00000000875134e0) 
thrown [s\open\src\hotspot\share\prims\jni.cpp, line 519]
Event: 8177.475 Thread 0x0000021e5b79bb00 Exception <a 'java/io/IOException'{0x0000000087519db0}> (0x0000000087519db0) 
thrown [s\open\src\hotspot\share\prims\jni.cpp, line 519]
Event: 8177.476 Thread 0x0000021e5b79bb00 Exception <a 'java/io/IOException'{0x000000008751a400}> (0x000000008751a400) 
thrown [s\open\src\hotspot\share\prims\jni.cpp, line 519]
Event: 8177.501 Thread 0x0000021e5b79bb00 Exception <a 'java/io/IOException'{0x000000008751e3d8}> (0x000000008751e3d8) 
thrown [s\open\src\hotspot\share\prims\jni.cpp, line 519]
Event: 8177.501 Thread 0x0000021e5b79bb00 Exception <a 'java/io/IOException'{0x000000008751ea28}> (0x000000008751ea28) 
thrown [s\open\src\hotspot\share\prims\jni.cpp, line 519]
Event: 8177.519 Thread 0x0000021e5b79bb00 Exception <a 'java/io/IOException'{0x0000000087520370}> (0x0000000087520370) 
thrown [s\open\src\hotspot\share\prims\jni.cpp, line 519]
Event: 8177.519 Thread 0x0000021e5b79bb00 Exception <a 'java/io/IOException'{0x000000008752fa50}> (0x000000008752fa50) 
thrown [s\open\src\hotspot\share\prims\jni.cpp, line 519]
Event: 22578.079 Thread 0x0000021e5c6bb200 Exception <a 'java/io/IOException'{0x00000000871b1b20}> (0x00000000871b1b20) 
thrown [s\open\src\hotspot\share\prims\jni.cpp, line 519]
Event: 52900.738 Thread 0x0000021e5b79bb00 Exception <a 'java/io/IOException'{0x00000000870ba4c0}> (0x00000000870ba4c0) 
thrown [s\open\src\hotspot\share\prims\jni.cpp, line 519]
Event: 52900.741 Thread 0x0000021e5b79bb00 Exception <a 'java/io/IOException'{0x00000000870bab10}> (0x00000000870bab10) 
thrown [s\open\src\hotspot\share\prims\jni.cpp, line 519]
Event: 54486.545 Thread 0x0000021e5b79d590 Implicit null exception at 0x0000021e07b950f4 to 0x0000021e07b95d84
Event: 54486.555 Thread 0x0000021e5b79d590 Implicit null exception at 0x0000021e07ef52dd to 0x0000021e07ef5774
Event: 54603.749 Thread 0x0000021e5b79d590 Exception <a 'java/io/IOException'{0x0000000086e02a48}> (0x0000000086e02a48) 
thrown [s\open\src\hotspot\share\prims\jni.cpp, line 519]
Event: 54603.752 Thread 0x0000021e5b79d590 Exception <a 'java/io/IOException'{0x0000000086e03098}> (0x0000000086e03098) 
thrown [s\open\src\hotspot\share\prims\jni.cpp, line 519]
Event: 54684.844 Thread 0x0000021e5b79d590 Exception <a 'java/io/IOException'{0x00000000868026e0}> (0x00000000868026e0) 
thrown [s\open\src\hotspot\share\prims\jni.cpp, line 519]
Event: 54684.845 Thread 0x0000021e5b79d590 Exception <a 'java/io/IOException'{0x0000000086802d30}> (0x0000000086802d30) 
thrown [s\open\src\hotspot\share\prims\jni.cpp, line 519]
Event: 56046.966 Thread 0x0000021e5b79b060 Exception <a 'java/io/IOException'{0x0000000086d8f390}> (0x0000000086d8f390) 
thrown [s\open\src\hotspot\share\prims\jni.cpp, line 519]
Event: 56046.978 Thread 0x0000021e5b79b060 Exception <a 'java/io/IOException'{0x0000000086d8f9e0}> (0x0000000086d8f9e0) 
thrown [s\open\src\hotspot\share\prims\jni.cpp, line 519]

VM Operations (20 events):
Event: 54684.921 Executing VM operation: Cleanup
Event: 54684.922 Executing VM operation: Cleanup done
Event: 54843.596 Executing VM operation: G1CollectForAllocation
Event: 54843.766 Executing VM operation: G1CollectForAllocation done
Event: 55129.744 Executing VM operation: Cleanup
Event: 55129.745 Executing VM operation: Cleanup done
Event: 55450.180 Executing VM operation: G1CollectForAllocation
Event: 55450.256 Executing VM operation: G1CollectForAllocation done
Event: 56047.227 Executing VM operation: Cleanup
Event: 56047.246 Executing VM operation: Cleanup done
Event: 56048.254 Executing VM operation: Cleanup
Event: 56048.255 Executing VM operation: Cleanup done
Event: 56096.538 Executing VM operation: Cleanup
Event: 56096.538 Executing VM operation: Cleanup done
Event: 56202.492 Executing VM operation: G1CollectForAllocation
Event: 56202.581 Executing VM operation: G1CollectForAllocation done
Event: 56202.888 Executing VM operation: G1PauseRemark
Event: 56203.117 Executing VM operation: G1PauseRemark done
Event: 56203.170 Executing VM operation: G1PauseCleanup
Event: 56203.173 Executing VM operation: G1PauseCleanup done

Events (20 events):
Event: 56203.112 Thread 0x0000021e13dbdc80 flushing nmethod 0x0000021e07b55d90
Event: 56203.112 Thread 0x0000021e13dbdc80 flushing nmethod 0x0000021e07b37e10
Event: 56203.112 Thread 0x0000021e13dbdc80 flushing nmethod 0x0000021e07b37a10
Event: 56203.112 Thread 0x0000021e13dbdc80 flushing nmethod 0x0000021e07b31690
Event: 56203.112 Thread 0x0000021e13dbdc80 flushing nmethod 0x0000021e07b30a90
Event: 56203.112 Thread 0x0000021e13dbdc80 flushing nmethod 0x0000021e07b30790
Event: 56203.112 Thread 0x0000021e13dbdc80 flushing nmethod 0x0000021e07b1f990
Event: 56203.112 Thread 0x0000021e13dbdc80 flushing nmethod 0x0000021e07b02810
Event: 56203.112 Thread 0x0000021e13dbdc80 flushing nmethod 0x0000021e07b0a290
Event: 56203.112 Thread 0x0000021e13dbdc80 flushing nmethod 0x0000021e07aff710
Event: 56203.112 Thread 0x0000021e13dbdc80 flushing nmethod 0x0000021e07af2590
Event: 56203.113 Thread 0x0000021e13dbdc80 flushing nmethod 0x0000021e07af5e10
Event: 56203.114 Thread 0x0000021e13dbdc80 flushing nmethod 0x0000021e07af0a90
Event: 56203.114 Thread 0x0000021e13dbdc80 flushing nmethod 0x0000021e07aeb110
Event: 56203.115 Thread 0x0000021e13dbdc80 flushing nmethod 0x0000021e07ae8a90
Event: 56203.115 Thread 0x0000021e13dbdc80 flushing nmethod 0x0000021e07ae5990
Event: 56203.115 Thread 0x0000021e13dbdc80 flushing nmethod 0x0000021e07ad5a10
Event: 56203.115 Thread 0x0000021e13dbdc80 flushing nmethod 0x0000021e07ad0010
Event: 56228.010 Thread 0x0000021e5b79d590 Thread added: 0x0000021e5b79d590
Event: 56228.031 Thread 0x0000021e5b79dae0 Thread added: 0x0000021e5b79dae0


Dynamic libraries:
0x00007ff741650000 - 0x00007ff741660000 	C:\Program Files\Java\jdk-20\bin\javaw.exe
0x00007ff8d25c0000 - 0x00007ff8d2828000 	C:\WINDOWS\SYSTEM32\ntdll.dll
0x00007ff8d14e0000 - 0x00007ff8d15a9000 	C:\WINDOWS\System32\KERNEL32.DLL
0x00007ff8cfca0000 - 0x00007ff8d0091000 	C:\WINDOWS\System32\KERNELBASE.dll
0x00007ff8cf2b0000 - 0x00007ff8cf3fb000 	C:\WINDOWS\System32\ucrtbase.dll
0x00007ff8b3b30000 - 0x00007ff8b3b4b000 	C:\Program Files\Java\jdk-20\bin\VCRUNTIME140.dll
0x00007ff8b3b10000 - 0x00007ff8b3b29000 	C:\Program Files\Java\jdk-20\bin\jli.dll
0x00007ff8d0800000 - 0x00007ff8d08b4000 	C:\WINDOWS\System32\ADVAPI32.dll
0x00007ff8d09b0000 - 0x00007ff8d0a59000 	C:\WINDOWS\System32\msvcrt.dll
0x00007ff8d1890000 - 0x00007ff8d1936000 	C:\WINDOWS\System32\sechost.dll
0x00007ff8d0530000 - 0x00007ff8d0648000 	C:\WINDOWS\System32\RPCRT4.dll
0x00007ff8d0a60000 - 0x00007ff8d0c26000 	C:\WINDOWS\System32\USER32.dll
0x00007ff8b3fd0000 - 0x00007ff8b4263000 	C:\WINDOWS\WinSxS\amd64_microsoft.windows.common-controls_6595b64144ccf1df_6.0.26100.7824_none_3e0870b2e3345462\COMCTL32.dll
0x00007ff8cfc70000 - 0x00007ff8cfc97000 	C:\WINDOWS\System32\win32u.dll
0x00007ff8d1ab0000 - 0x00007ff8d1adb000 	C:\WINDOWS\System32\GDI32.dll
0x00007ff8cf000000 - 0x00007ff8cf12b000 	C:\WINDOWS\System32\gdi32full.dll
0x00007ff8cef50000 - 0x00007ff8ceff3000 	C:\WINDOWS\System32\msvcp_win.dll
0x00007ff8bcc20000 - 0x00007ff8bcc2b000 	C:\WINDOWS\SYSTEM32\VERSION.dll
0x00007ff8d0650000 - 0x00007ff8d0681000 	C:\WINDOWS\System32\IMM32.DLL
0x00007ff8b3d50000 - 0x00007ff8b3d5c000 	C:\Program Files\Java\jdk-20\bin\vcruntime140_1.dll
0x00007ff89b390000 - 0x00007ff89b41e000 	C:\Program Files\Java\jdk-20\bin\msvcp140.dll
0x00007ff81b780000 - 0x00007ff81c418000 	C:\Program Files\Java\jdk-20\bin\server\jvm.dll
0x00007ff8c6dd0000 - 0x00007ff8c6e05000 	C:\WINDOWS\SYSTEM32\WINMM.dll
0x00007ff8a74a0000 - 0x00007ff8a74aa000 	C:\WINDOWS\SYSTEM32\WSOCK32.dll
0x00007ff8d1810000 - 0x00007ff8d1884000 	C:\WINDOWS\System32\ws2_32.DLL
0x00007ff8cdc40000 - 0x00007ff8cdc5b000 	C:\WINDOWS\SYSTEM32\kernel.appcore.dll
0x00007ff8b3b00000 - 0x00007ff8b3b0a000 	C:\Program Files\Java\jdk-20\bin\jimage.dll
0x00007ff8c0740000 - 0x00007ff8c0982000 	C:\WINDOWS\SYSTEM32\DBGHELP.DLL
0x00007ff8d0cc0000 - 0x00007ff8d1046000 	C:\WINDOWS\System32\combase.dll
0x00007ff8d0690000 - 0x00007ff8d0767000 	C:\WINDOWS\System32\OLEAUT32.dll
0x00007ff8a7650000 - 0x00007ff8a768b000 	C:\WINDOWS\SYSTEM32\dbgcore.DLL
0x00007ff8ceea0000 - 0x00007ff8cef45000 	C:\WINDOWS\System32\bcryptPrimitives.dll
0x00007ff8b2790000 - 0x00007ff8b27b6000 	C:\Program Files\Java\jdk-20\bin\java.dll
0x00007ff89b010000 - 0x00007ff89b0e7000 	C:\Program Files\Java\jdk-20\bin\jsvml.dll
0x00007ff8d1b00000 - 0x00007ff8d2252000 	C:\WINDOWS\System32\SHELL32.dll
0x00007ff8d00a0000 - 0x00007ff8d020a000 	C:\WINDOWS\System32\wintypes.dll
0x00007ff8cf400000 - 0x00007ff8cfc63000 	C:\WINDOWS\System32\windows.storage.dll
0x00007ff8d0430000 - 0x00007ff8d0526000 	C:\WINDOWS\System32\SHCORE.dll
0x00007ff8d0940000 - 0x00007ff8d09a7000 	C:\WINDOWS\System32\shlwapi.dll
0x00007ff8cedc0000 - 0x00007ff8cede9000 	C:\WINDOWS\SYSTEM32\profapi.dll
0x00007ff89aff0000 - 0x00007ff89b003000 	C:\Program Files\Java\jdk-20\bin\net.dll
0x00007ff8c11f0000 - 0x00007ff8c1317000 	C:\WINDOWS\SYSTEM32\WINHTTP.dll
0x00007ff8ce1b0000 - 0x00007ff8ce21b000 	C:\WINDOWS\system32\mswsock.dll
0x00007ff89afd0000 - 0x00007ff89afe6000 	C:\Program Files\Java\jdk-20\bin\nio.dll
0x00007ff89afb0000 - 0x00007ff89afc8000 	C:\Program Files\Java\jdk-20\bin\zip.dll
0x00007ff89afa0000 - 0x00007ff89afaa000 	C:\Program Files\Java\jdk-20\bin\management.dll
0x00007ff89af90000 - 0x00007ff89af9b000 	C:\Program Files\Java\jdk-20\bin\management_ext.dll
0x00007ff8d0c30000 - 0x00007ff8d0c38000 	C:\WINDOWS\System32\PSAPI.DLL
0x00007ff89af80000 - 0x00007ff89af8e000 	C:\Program Files\Java\jdk-20\bin\sunmscapi.dll
0x00007ff8cf130000 - 0x00007ff8cf2a7000 	C:\WINDOWS\System32\CRYPT32.dll
0x00007ff8ce6a0000 - 0x00007ff8ce6d0000 	C:\WINDOWS\SYSTEM32\ncrypt.dll
0x00007ff8ce650000 - 0x00007ff8ce68f000 	C:\WINDOWS\SYSTEM32\NTASN1.dll
0x00007ff8ce480000 - 0x00007ff8ce49b000 	C:\WINDOWS\SYSTEM32\CRYPTSP.dll
0x00007ff8cdb80000 - 0x00007ff8cdbb9000 	C:\WINDOWS\system32\rsaenh.dll
0x00007ff8ce260000 - 0x00007ff8ce28b000 	C:\WINDOWS\SYSTEM32\USERENV.dll
0x00007ff8ced90000 - 0x00007ff8cedba000 	C:\WINDOWS\SYSTEM32\bcrypt.dll
0x00007ff8ce4a0000 - 0x00007ff8ce4ac000 	C:\WINDOWS\SYSTEM32\CRYPTBASE.dll
0x00007ff8cd660000 - 0x00007ff8cd694000 	C:\WINDOWS\SYSTEM32\IPHLPAPI.DLL
0x00007ff8d0360000 - 0x00007ff8d036a000 	C:\WINDOWS\System32\NSI.dll
0x00007ff8c6ad0000 - 0x00007ff8c6aee000 	C:\WINDOWS\SYSTEM32\dhcpcsvc6.DLL
0x00007ff8c6a30000 - 0x00007ff8c6a53000 	C:\WINDOWS\SYSTEM32\dhcpcsvc.DLL
0x00007ff8cd700000 - 0x00007ff8cd82c000 	C:\WINDOWS\SYSTEM32\DNSAPI.dll
0x00007ff8c1b00000 - 0x00007ff8c1b0b000 	C:\Windows\System32\rasadhlp.dll
0x00007ff8c9390000 - 0x00007ff8c9416000 	C:\WINDOWS\System32\fwpuclnt.dll
0x00007ff89af70000 - 0x00007ff89af77000 	C:\Program Files\Java\jdk-20\bin\extnet.dll
0x00007ff886100000 - 0x00007ff886108000 	C:\WINDOWS\system32\wshunix.dll

dbghelp: loaded successfully - version: 4.0.5 - missing functions: none
symbol engine: initialized successfully - sym options: 0x614 - pdb path: .;C:\Program Files\Java\jdk-20\bin;C:\WINDOWS\SYSTEM32;C:\WINDOWS\WinSxS\amd64_microsoft.windows.common-controls_6595b64144ccf1df_6.0.26100.7824_none_3e0870b2e3345462;C:\Program Files\Java\jdk-20\bin\server

VM Arguments:
jvm_args: -Dfile.encoding=UTF-8 -Dstdout.encoding=UTF-8 -Dstderr.encoding=UTF-8 -XX:+ShowCodeDetailsInExceptionMessages 
java_command: com.codecodence.admin_panel_backend.AdminPanelBackendApplication
java_class_path (initial): E:\Admin-Panel-Backend\admin-panel-backend\target\classes;C:\Users\Aditya Raj\.m2\repository\org\springframework\boot\spring-boot-starter-data-jpa\4.0.2\spring-boot-starter-data-jpa-4.0.2.jar;C:\Users\Aditya Raj\.m2\repository\org\springframework\boot\spring-boot-starter\4.0.2\spring-boot-starter-4.0.2.jar;C:\Users\Aditya Raj\.m2\repository\org\springframework\boot\spring-boot-starter-logging\4.0.2\spring-boot-starter-logging-4.0.2.jar;C:\Users\Aditya Raj\.m2\repository\ch\qos\logback\logback-classic\1.5.25\logback-classic-1.5.25.jar;C:\Users\Aditya Raj\.m2\repository\ch\qos\logback\logback-core\1.5.25\logback-core-1.5.25.jar;C:\Users\Aditya Raj\.m2\repository\org\apache\logging\log4j\log4j-to-slf4j\2.25.3\log4j-to-slf4j-2.25.3.jar;C:\Users\Aditya Raj\.m2\repository\org\apache\logging\log4j\log4j-api\2.25.3\log4j-api-2.25.3.jar;C:\Users\Aditya Raj\.m2\repository\org\slf4j\jul-to-slf4j\2.0.17\jul-to-slf4j-2.0.17.jar;C:\Users\Aditya Raj\.m2\repository\jakarta\annotation\jakarta.annotation-api\3.0.0\jakarta.annotation-api-3.0.0.jar;C:\Users\Aditya Raj\.m2\repository\org\yaml\snakeyaml\2.5\snakeyaml-2.5.jar;C:\Users\Aditya Raj\.m2\repository\org\springframework\boot\spring-boot-starter-jdbc\4.0.2\spring-boot-starter-jdbc-4.0.2.jar;C:\Users\Aditya Raj\.m2\repository\com\zaxxer\HikariCP\7.0.2\HikariCP-7.0.2.jar;C:\Users\Aditya Raj\.m2\repository\org\slf4j\slf4j-api\2.0.17\slf4j-api-2.0.17.jar;C:\Users\Aditya Raj\.m2\repository\org\springframework\boot\spring-boot-data-jpa\4.0.2\spring-boot-data-jpa-4.0.2.jar;C:\Users\Aditya Raj\.m2\repository\org\springframework\boot\spring-boot-data-commons\4.0.2\spring-boot-data-commons-4.0.2.jar;C:\Users\Aditya Raj\.m2\repository\org\springframework\boot\spring-boot-persistence\4.0.2\spring-boot-persistence-4.0.2.jar;C:\Users\Aditya Raj\.m2\repository\org\springframework\data\spring-data-commons\4.0.2\spring-data-commons-4.0.2.jar;C:\Users\Aditya Raj\.m2\repository\org\springframework\boot\spring-boot-hibernate\4.0.2\spring-boot-hibernate-4.0.2.jar;C:\Users\Aditya Raj\.m2\repository\org\springframework\boot\spring-boot-jpa\4.0.2\spring-boot-jpa-4.0.2.jar;C:\Users\Aditya Raj\.m2\repository\jakarta\persistence\jakarta.persistence-api\3.2.0\jakarta.persistence-api-3.2.0.jar;C:\Users\Aditya Raj\.m2\repository\org\hibernate\orm\hibernate-core\7.2.1.Final\hibernate-core-7.2.1.Final.jar;C:\Users\Aditya Raj\.m2\repository\jakarta\transaction\jakarta.transaction-api\2.0.1\jakarta.transaction-api-2.0.1.jar;C:\Users\Aditya Raj\.m2\repository\org\jboss\logging\jboss-logging\3.6.1.Final\jboss-logging-3.6.1.Final.jar;C:\Users\Aditya Raj\.m2\repository\org\hibernate\models\hibernate-models\1.0.1\hibernate-models-1.0.1.jar;C:\Users\Aditya Raj\.m2\repository\com\fasterxml\classmate\1.7.3\classmate-1.7.3.jar;C:\Users\Aditya Raj\.m2\repository\org\glassfish\jaxb\jaxb-runtime\4.0.6\jaxb-runtime-4.0.6.jar;C:\Users\Aditya Raj\.m2\repository\org\glassfish\jaxb\jaxb-core\4.0.6\jaxb-core-4.0.6.jar;C:\Users\Aditya Raj\.m2\repository\org\eclipse\angus\angus-activation\2.0.3\angus-activation-2.0.3.jar;C:\Users\Aditya Raj\.m2\repository\org\glassfish\jaxb\txw2\4.0.6\txw2-4.0.6.jar;C:\Users\Aditya Raj\.m2\repository\com\sun\istack\istack-commons-runtime\4.1.2\istack-commons-runtime-4.1.2.jar;C:\Users\Aditya Raj\.m2\repository\jakarta\inject\jakarta.inject-api\2.0.1\jakarta.inject-api-2.0.1.jar;C:\Users\Aditya Raj\.m2\repository\org\springframework\spring-orm\7.0.3\spring-orm-7.0.3.jar;C:\Users\Aditya Raj\.m2\repository\org\springframework\data\spring-data-jpa\4.0.2\spring-data-jpa-4.0.2.jar;C:\Users\Aditya Raj\.m2\repository\org\springframework\spring-tx\7.0.3\spring-tx-7.0.3.jar;C:\Users\Aditya Raj\.m2\repository\org\antlr\antlr4-runtime\4.13.2\antlr4-runtime-4.13.2.jar;C:\Users\Aditya Raj\.m2\repository\org\springframework\spring-aspects\7.0.3\spring-aspects-7.0.3.jar;C:\Users\Aditya Raj\.m2\repository\org\aspectj\aspectjweaver\1.9.25.1\aspectjweaver-1.9.25.1.jar;C:\Users\Aditya Raj\.m2\repository\org\springframework\boot\spring-boot-jdbc\4.0.2\spring-boot-jdbc-4.0.2.jar;C:\Users\Aditya Raj\.m2\repository\org\springframework\boot\spring-boot-sql\4.0.2\spring-boot-sql-4.0.2.jar;C:\Users\Aditya Raj\.m2\repository\org\springframework\boot\spring-boot-transaction\4.0.2\spring-boot-transaction-4.0.2.jar;C:\Users\Aditya Raj\.m2\repository\org\springframework\spring-jdbc\7.0.3\spring-jdbc-7.0.3.jar;C:\Users\Aditya Raj\.m2\repository\org\springframework\boot\spring-boot-starter-webmvc\4.0.2\spring-boot-starter-webmvc-4.0.2.jar;C:\Users\Aditya Raj\.m2\repository\org\springframework\boot\spring-boot-starter-jackson\4.0.2\spring-boot-starter-jackson-4.0.2.jar;C:\Users\Aditya Raj\.m2\repository\org\springframework\boot\spring-boot-jackson\4.0.2\spring-boot-jackson-4.0.2.jar;C:\Users\Aditya Raj\.m2\repository\tools\jackson\core\jackson-databind\3.0.4\jackson-databind-3.0.4.jar;C:\Users\Aditya Raj\.m2\repository\tools\jackson\core\jackson-core\3.0.4\jackson-core-3.0.4.jar;C:\Users\Aditya Raj\.m2\repository\org\springframework\boot\spring-boot-starter-tomcat\4.0.2\spring-boot-starter-tomcat-4.0.2.jar;C:\Users\Aditya Raj\.m2\repository\org\springframework\boot\spring-boot-starter-tomcat-runtime\4.0.2\spring-boot-starter-tomcat-runtime-4.0.2.jar;C:\Users\Aditya Raj\.m2\repository\org\apache\tomcat\embed\tomcat-embed-core\11.0.15\tomcat-embed-core-11.0.15.jar;C:\Users\Aditya Raj\.m2\repository\org\apache\tomcat\embed\tomcat-embed-el\11.0.15\tomcat-embed-el-11.0.15.jar;C:\Users\Aditya Raj\.m2\repository\org\apache\tomcat\embed\tomcat-embed-websocket\11.0.15\tomcat-embed-websocket-11.0.15.jar;C:\Users\Aditya Raj\.m2\repository\org\springframework\boot\spring-boot-tomcat\4.0.2\spring-boot-tomcat-4.0.2.jar;C:\Users\Aditya Raj\.m2\repository\org\springframework\boot\spring-boot-http-converter\4.0.2\spring-boot-http-converter-4.0.2.jar;C:\Users\Aditya Raj\.m2\repository\org\springframework\spring-web\7.0.3\spring-web-7.0.3.jar;C:\Users\Aditya Raj\.m2\repository\io\micrometer\micrometer-observation\1.16.2\micrometer-observation-1.16.2.jar;C:\Users\Aditya Raj\.m2\repository\io\micrometer\micrometer-commons\1.16.2\micrometer-commons-1.16.2.jar;C:\Users\Aditya Raj\.m2\repository\org\springframework\boot\spring-boot-webmvc\4.0.2\spring-boot-webmvc-4.0.2.jar;C:\Users\Aditya Raj\.m2\repository\org\springframework\boot\spring-boot-servlet\4.0.2\spring-boot-servlet-4.0.2.jar;C:\Users\Aditya Raj\.m2\repository\org\springframework\spring-webmvc\7.0.3\spring-webmvc-7.0.3.jar;C:\Users\Aditya Raj\.m2\repository\org\springframework\spring-expression\7.0.3\spring-expression-7.0.3.jar;C:\Users\Aditya Raj\.m2\repository\org\springframework\boot\spring-boot-devtools\4.0.2\spring-boot-devtools-4.0.2.jar;C:\Users\Aditya Raj\.m2\repository\org\springframework\boot\spring-boot\4.0.2\spring-boot-4.0.2.jar;C:\Users\Aditya Raj\.m2\repository\org\springframework\spring-core\7.0.3\spring-core-7.0.3.jar;C:\Users\Aditya Raj\.m2\repository\commons-logging\commons-logging\1.3.5\commons-logging-1.3.5.jar;C:\Users\Aditya Raj\.m2\repository\org\jspecify\jspecify\1.0.0\jspecify-1.0.0.jar;C:\Users\Aditya Raj\.m2\repository\org\springframework\spring-context\7.0.3\spring-context-7.0.3.jar;C:\Users\Aditya Raj\.m2\repository\org\springframework\boot\spring-boot-autoconfigure\4.0.2\spring-boot-autoconfigure-4.0.2.jar;C:\Users\Aditya Raj\.m2\repository\com\mysql\mysql-connector-j\9.5.0\mysql-connector-j-9.5.0.jar;C:\Users\Aditya Raj\.m2\repository\jakarta\xml\bind\jakarta.xml.bind-api\4.0.4\jakarta.xml.bind-api-4.0.4.jar;C:\Users\Aditya Raj\.m2\repository\jakarta\activation\jakarta.activation-api\2.1.4\jakarta.activation-api-2.1.4.jar;C:\Users\Aditya Raj\.m2\repository\net\bytebuddy\byte-buddy\1.17.8\byte-buddy-1.17.8.jar;C:\Users\Aditya Raj\.m2\repository\org\springframework\boot\spring-boot-web-server\4.0.2\spring-boot-web-server-4.0.2.jar;C:\Users\Aditya Raj\.m2\repository\org\springframework\boot\spring-boot-starter-security\4.0.2\spring-boot-starter-security-4.0.2.jar;C:\Users\Aditya Raj\.m2\repository\org\springframework\boot\spring-boot-security\4.0.2\spring-boot-security-4.0.2.jar;C:\Users\Aditya Raj\.m2\repository\org\springframework\security\spring-security-config\7.0.2\spring-security-config-7.0.2.jar;C:\Users\Aditya Raj\.m2\repository\org\springframework\security\spring-security-core\7.0.2\spring-security-core-7.0.2.jar;C:\Users\Aditya Raj\.m2\repository\org\springframework\security\spring-security-crypto\7.0.2\spring-security-crypto-7.0.2.jar;C:\Users\Aditya Raj\.m2\repository\org\springframework\security\spring-security-web\7.0.2\spring-security-web-7.0.2.jar;C:\Users\Aditya Raj\.m2\repository\org\springframework\spring-aop\7.0.3\spring-aop-7.0.3.jar;C:\Users\Aditya Raj\.m2\repository\org\springframework\spring-beans\7.0.3\spring-beans-7.0.3.jar;C:\Users\Aditya Raj\.m2\repository\io\jsonwebtoken\jjwt-api\0.11.5\jjwt-api-0.11.5.jar;C:\Users\Aditya Raj\.m2\repository\io\jsonwebtoken\jjwt-impl\0.11.5\jjwt-impl-0.11.5.jar;C:\Users\Aditya Raj\.m2\repository\io\jsonwebtoken\jjwt-jackson\0.11.5\jjwt-jackson-0.11.5.jar;C:\Users\Aditya Raj\.m2\repository\com\fasterxml\jackson\core\jackson-databind\2.20.2\jackson-databind-2.20.2.jar;C:\Users\Aditya Raj\.m2\repository\com\fasterxml\jackson\core\jackson-annotations\2.20\jackson-annotations-2.20.jar;C:\Users\Aditya Raj\.m2\repository\com\fasterxml\jackson\core\jackson-core\2.20.2\jackson-core-2.20.2.jar
Launcher Type: SUN_STANDARD

[Global flags]
     intx CICompilerCount                          = 4                                         {product} {ergonomic}
     uint ConcGCThreads                            = 2                                         {product} {ergonomic}
     uint G1ConcRefinementThreads                  = 8                                         {product} {ergonomic}
   size_t G1HeapRegionSize                         = 1048576                                   {product} {ergonomic}
    uintx GCDrainStackTargetSize                   = 64                                        {product} {ergonomic}
   size_t InitialHeapSize                          = 132120576                                 {product} {ergonomic}
   size_t MarkStackSize                            = 4194304                                   {product} {ergonomic}
   size_t MaxHeapSize                              = 2082471936                                {product} {ergonomic}
   size_t MaxNewSize                               = 1248854016                                {product} {ergonomic}
   size_t MinHeapDeltaBytes                        = 1048576                                   {product} {ergonomic}
   size_t MinHeapSize                              = 8388608                                   {product} {ergonomic}
    uintx NonNMethodCodeHeapSize                   = 5839372                                {pd product} {ergonomic}
    uintx NonProfiledCodeHeapSize                  = 122909434                              {pd product} {ergonomic}
    uintx ProfiledCodeHeapSize                     = 122909434                              {pd product} {ergonomic}
    uintx ReservedCodeCacheSize                    = 251658240                              {pd product} {ergonomic}
     bool SegmentedCodeCache                       = true                                      {product} {ergonomic}
     bool ShowCodeDetailsInExceptionMessages       = true                                   {manageable} {command line}
   size_t SoftMaxHeapSize                          = 2082471936                             {manageable} {ergonomic}
     bool UseCompressedClassPointers               = true                           {product lp64_product} {ergonomic}
     bool UseCompressedOops                        = true                           {product lp64_product} {ergonomic}
     bool UseG1GC                                  = true                                      {product} {ergonomic}
     bool UseLargePagesIndividualAllocation        = false                                  {pd product} {ergonomic}

Logging:
Log output configuration:
 #0: stdout all=warning uptime,level,tags foldmultilines=false
 #1: stderr all=off uptime,level,tags foldmultilines=false

Environment Variables:
PATH=C:/Users/Aditya Raj/.p2/pool/plugins/org.eclipse.justj.openjdk.hotspot.jre.full.win32.x86_64_21.0.7.v20250502-0916/jre/bin/server;C:/Users/Aditya Raj/.p2/pool/plugins/org.eclipse.justj.openjdk.hotspot.jre.full.win32.x86_64_21.0.7.v20250502-0916/jre/bin;D:\oracle\product\10.2.0\db_1\bin;C:\Program Files\Common Files\Oracle\Java\javapath;C:\WINDOWS\system32;C:\WINDOWS;C:\WINDOWS\System32\Wbem;C:\WINDOWS\System32\WindowsPowerShell\v1.0\;C:\WINDOWS\System32\OpenSSH\;C:\MinGW\bin;C:\Program Files\Java\jdk-20\bin;C:\Program Files (x86)\dotnet\;C:\Program Files\HP\HP One Agent;C:\Program Files\Microsoft SQL Server\150\Tools\Binn\;C:\WINDOWS\system32;C:\WINDOWS;C:\WINDOWS\System32\Wbem;C:\WINDOWS\System32\WindowsPowerShell\v1.0\;C:\WINDOWS\System32\OpenSSH\;C:\Android\platform-tools;C:\Users\Aditya Raj\AppData\Local\Android\Sdk\platform-tools;C:\Program Files\nodejs\;C:\Program Files\MySQL\MySQL Server 8.0\bin;E:\Download\apache-maven-3.9.11\bin;C:\Program Files\MySQL\MySQL Shell 8.0\bin\;C:\Users\Aditya Raj\AppData\Local\Microsoft\WindowsApps;C:\Users\Aditya Raj\AppData\Local\Programs\Microsoft VS Code\bin;C:\MinGW\bin;C:\Users\Aditya Raj\AppData\Roaming\npm;C:\Program Files\Java\jdk-20\bin;;C:\WINDOWS\system32;
USERNAME=Aditya Raj
OS=Windows_NT
PROCESSOR_IDENTIFIER=Intel64 Family 6 Model 140 Stepping 2, GenuineIntel
TMP=C:\Users\ADITYA~1\AppData\Local\Temp
TEMP=C:\Users\ADITYA~1\AppData\Local\Temp




---------------  S Y S T E M  ---------------

OS:
 Windows 11 , 64 bit Build 26100 (10.0.26100.7705)
OS uptime: 0 days 15:45 hours
Hyper-V role detected

CPU: total 8 (initial active 8) (4 cores per cpu, 2 threads per core) family 6 model 140 stepping 2 microcode 0x2c, cx8, cmov, fxsr, ht, mmx, 3dnowpref, sse, sse2, sse3, ssse3, sse4.1, sse4.2, popcnt, lzcnt, tsc, tscinvbit, avx, avx2, aes, erms, clmul, bmi1, bmi2, adx, avx512f, avx512dq, avx512cd, avx512bw, avx512vl, sha, fma, vzeroupper, avx512_vpopcntdq, avx512_vpclmulqdq, avx512_vaes, avx512_vnni, clflush, clflushopt, clwb, avx512_vbmi2, avx512_vbmi, hv, rdtscp, rdpid, fsrm, gfni, avx512_bitalg, f16c, cet_ibt, cet_ss, avx512_ifma

Memory: 4k page, system-wide physical 7941M (389M free)
TotalPageFile size 17671M (AvailPageFile size 0M)
current process WorkingSet (physical memory assigned to process): 102M, peak: 285M
current process commit charge ("private bytes"): 300M, peak: 321M

vm_info: Java HotSpot(TM) 64-Bit Server VM (20.0.2+9-78) for windows-amd64 JRE (20.0.2+9-78), built on 2023-06-14T10:08:48Z by "mach5one" with MS VC++ 17.1 (VS2022)

END.
